20:42:36 BattlEye Server: Initialized (v1.196)
20:42:36 Host identity created.
20:42:36 Game Port: 2302, Steam Query Port: 2303
20:42:36 Pretre Burme uses modified data file
20:42:36 BattlEye Server: Player #0 Pretre Burme (78.235.29.226:2304) connected
20:42:36 Player Pretre Burme connecting.
20:42:36 Mission altisfrrp.altis read from bank.
20:42:37 Vhaan Garfe uses modified data file
20:42:37 BattlEye Server: Player #1 Vhaan Garfe (83.199.222.44:2304) connected
20:42:37 Player Vhaan Garfe connecting.
20:42:37 Pedro Da silva uses modified data file
20:42:37 BattlEye Server: Player #2 Pedro Da silva (91.91.202.172:2304) connected
20:42:37 Player Pedro Da silva connecting.
20:42:37 Taog Lothbrok uses modified data file
20:42:37 BattlEye Server: Player #3 Taog Lothbrok (81.220.58.45:2304) connected
20:42:37 Player Taog Lothbrok connecting.
20:42:37 Tonio Phill uses modified data file
20:42:37 BattlEye Server: Player #4 Tonio Phill (77.150.162.17:2304) connected
20:42:37 Player Tonio Phill connecting.
20:42:38 Marcus Arius uses modified data file
20:42:38 BattlEye Server: Player #5 Marcus Arius (88.177.110.19:2304) connected
20:42:38 Player Marcus Arius connecting.
20:42:38 BattlEye Server: Player #0 Pretre Burme - GUID: 19516ea08ac8ea3bf54c78d38a02cada (unverified)
20:42:38 BattlEye Server: Player #1 Vhaan Garfe - GUID: fc44cd78c1e7ed70f1eeda22b5f8b786 (unverified)
20:42:38 BattlEye Server: Player #2 Pedro Da silva - GUID: 4566e69947b9469787325d9a2f67d0e5 (unverified)
20:42:38 BattlEye Server: Player #3 Taog Lothbrok - GUID: e4ece4507a35d960600a9ecf97bc98be (unverified)
20:42:38 Player Pretre Burme connected (id=76561197971221536).
20:42:38 BattlEye Server: Verified GUID (19516ea08ac8ea3bf54c78d38a02cada) of player #0 Pretre Burme
20:42:39 Player Pedro Da silva connected (id=76561198066549464).
20:42:39 BattlEye Server: Verified GUID (4566e69947b9469787325d9a2f67d0e5) of player #2 Pedro Da silva
20:42:39 Player Taog Lothbrok connected (id=76561198059318322).
20:42:39 BattlEye Server: Verified GUID (e4ece4507a35d960600a9ecf97bc98be) of player #3 Taog Lothbrok
20:42:39 BattlEye Server: Player #4 Tonio Phill - GUID: a0f2022cfd4e6ab19abcd5de3c6a6a41 (unverified)
20:42:39 Player Pedro Da silva disconnected.
20:42:39 BattlEye Server: Player #2 Pedro Da silva disconnected
20:42:39 BattlEye Server: Player #5 Marcus Arius - GUID: a1c730deb9586f19640a6b106cc5b91b (unverified)
20:42:39 Player Pretre Burme disconnected.
20:42:39 BattlEye Server: Player #0 Pretre Burme disconnected
20:42:39 Player Tonio Phill connected (id=76561198011032077).
20:42:39 BattlEye Server: Verified GUID (a0f2022cfd4e6ab19abcd5de3c6a6a41) of player #4 Tonio Phill
20:42:39 Player Marcus Arius connected (id=76561198134618379).
20:42:39 BattlEye Server: Verified GUID (a1c730deb9586f19640a6b106cc5b91b) of player #5 Marcus Arius
20:42:40 BattlEye Server: RCon admin #0 (89.226.207.125:63231) logged in
20:42:40 BattlEye Server: RCon admin #1 (86.196.112.37:56573) logged in
20:42:40 Player Taog Lothbrok disconnected.
20:42:40 BattlEye Server: Player #3 Taog Lothbrok disconnected
20:42:40 Player Tonio Phill disconnected.
20:42:40 BattlEye Server: Player #4 Tonio Phill disconnected
20:42:40 BattlEye Server: RCon admin #2 (82.243.109.203:64690) logged in
20:42:40 Player Marcus Arius disconnected.
20:42:40 BattlEye Server: Player #5 Marcus Arius disconnected
20:42:40 BattlEye Server: RCon admin #3 (178.33.110.219:57328) logged in
20:42:40 BattlEye Server: RCon admin #4 (87.231.75.188:50910) logged in
20:42:44 Liny Ming uses modified data file
20:42:44 BattlEye Server: Player #0 Liny Ming (82.234.64.249:2304) connected
20:42:44 Player Liny Ming connecting.
20:42:45 Player Vhaan Garfe connected (id=76561198026019944).
20:42:45 BattlEye Server: Verified GUID (fc44cd78c1e7ed70f1eeda22b5f8b786) of player #1 Vhaan Garfe
20:42:45 BattlEye Server: Player #0 Liny Ming - GUID: fef368bf3c065859f13cd0c1e82345e8 (unverified)
20:42:45 Player Liny Ming connected (id=76561197988753827).
20:42:45 BattlEye Server: Verified GUID (fef368bf3c065859f13cd0c1e82345e8) of player #0 Liny Ming
20:42:46 Player Vhaan Garfe disconnected.
20:42:46 BattlEye Server: Player #1 Vhaan Garfe disconnected
20:42:46 Player Liny Ming disconnected.
20:42:46 BattlEye Server: Player #0 Liny Ming disconnected
20:42:46 All users disconnected, waiting for users.
20:42:49 Youri Litovski uses modified data file
20:42:49 BattlEye Server: Player #0 Youri Litovski (87.231.75.188:2304) connected
20:42:49 Player Youri Litovski connecting.
20:42:49 Mission altisfrrp.altis read from bank.
20:42:50 BattlEye Server: Player #0 Youri Litovski - GUID: bc134714145c39c8ac9ec199b7eca606 (unverified)
20:42:51 Player Youri Litovski connected (id=76561198010101889).
20:42:51 BattlEye Server: Verified GUID (bc134714145c39c8ac9ec199b7eca606) of player #0 Youri Litovski
20:42:51 Pong Niaouli uses modified data file
20:42:51 BattlEye Server: Player #1 Pong Niaouli (90.3.120.68:2304) connected
20:42:52 Player Pong Niaouli connecting.
20:42:52 Maxime Burel uses modified data file
20:42:52 BattlEye Server: Player #2 Maxime Burel (88.140.154.140:2304) connected
20:42:52 Player Maxime Burel connecting.
20:42:53 BattlEye Server: Player #1 Pong Niaouli - GUID: 261ecbb4b885425059c3bda2fb85f0d2 (unverified)
20:42:53 Player Pong Niaouli connected (id=76561198027028921).
20:42:53 BattlEye Server: Verified GUID (261ecbb4b885425059c3bda2fb85f0d2) of player #1 Pong Niaouli
20:42:53 BattlEye Server: Player #2 Maxime Burel - GUID: 7be7080b720d96a9e932e92ba014413a (unverified)
20:42:54 Player Maxime Burel connected (id=76561198030608871).
20:42:54 BattlEye Server: Verified GUID (7be7080b720d96a9e932e92ba014413a) of player #2 Maxime Burel
20:42:59 Schulz Hersmann uses modified data file
20:42:59 BattlEye Server: Player #3 Schulz Hersmann (217.162.156.96:2304) connected
20:42:59 Player Schulz Hersmann connecting.
20:43:00 BattlEye Server: Player #3 Schulz Hersmann - GUID: ccbdde38090d3ee448e8ff01b2196d5b (unverified)
20:43:01 Havena uses modified data file
20:43:01 BattlEye Server: Player #4 Havena (81.65.186.9:2304) connected
20:43:01 Player Havena connecting.
20:43:03 BattlEye Server: Player #4 Havena - GUID: 99a255dd59eaef70bac6d1cc6bda9a3a (unverified)
20:43:03 Player Havena connected (id=76561197971054451).
20:43:03 BattlEye Server: Verified GUID (99a255dd59eaef70bac6d1cc6bda9a3a) of player #4 Havena
20:43:03 Player Pong Niaouli disconnected.
20:43:03 BattlEye Server: Player #1 Pong Niaouli disconnected
20:43:03 Roles assigned.
20:43:04 Reading mission ...
20:43:22 Mission read.
20:43:22 Pearce Lawford uses modified data file
20:43:22 BattlEye Server: Player #1 Pearce Lawford (79.81.193.89:2304) connected
20:43:22 Player Pearce Lawford connecting.
20:43:22 Player Schulz Hersmann connected (id=76561197969337890).
20:43:22 BattlEye Server: Verified GUID (ccbdde38090d3ee448e8ff01b2196d5b) of player #3 Schulz Hersmann
20:43:23 BattlEye Server: Player #1 Pearce Lawford - GUID: c24fa7a8d896ae44650a62f77c8c9df6 (unverified)
20:43:24 Player Pearce Lawford connected (id=76561198004672533).
20:43:24 BattlEye Server: Verified GUID (c24fa7a8d896ae44650a62f77c8c9df6) of player #1 Pearce Lawford
20:43:26 Vlad Bazarov uses modified data file
20:43:26 BattlEye Server: Player #5 Vlad Bazarov (82.227.32.148:2304) connected
20:43:26 Player Vlad Bazarov connecting.
20:43:27 BattlEye Server: Player #5 Vlad Bazarov - GUID: 7b8fffefa3d34e702792428837eee5e3 (unverified)
20:43:27 Player Vlad Bazarov connected (id=76561198043520847).
20:43:27 BattlEye Server: Verified GUID (7b8fffefa3d34e702792428837eee5e3) of player #5 Vlad Bazarov
20:43:29 Player Havena disconnected.
20:43:29 BattlEye Server: Player #4 Havena disconnected
20:43:58 Agamemnos le Profond uses modified data file
20:43:58 BattlEye Server: Player #4 Agamemnos le Profond (90.33.89.238:2304) connected
20:43:58 Player Agamemnos le Profond connecting.
20:43:59 BattlEye Server: Player #4 Agamemnos le Profond - GUID: 25fc94810e4955a16a379888d0ee2027 (unverified)
20:43:59 Tom Mason uses modified data file
20:43:59 BattlEye Server: Player #6 Tom Mason (92.129.103.57:2304) connected
20:43:59 Player Tom Mason connecting.
20:44:00 Player Agamemnos le Profond connected (id=76561197985429466).
20:44:00 BattlEye Server: Verified GUID (25fc94810e4955a16a379888d0ee2027) of player #4 Agamemnos le Profond
20:44:00 BattlEye Server: Player #6 Tom Mason - GUID: 21bf313c8f6f277243582e42c9b0255e (unverified)
20:44:06 Pedro Da silva uses modified data file
20:44:06 BattlEye Server: Player #7 Pedro Da silva (91.91.202.172:2304) connected
20:44:06 Player Pedro Da silva connecting.
20:44:06 Ethan Hawx uses modified data file
20:44:06 BattlEye Server: Player #8 Ethan Hawx (81.66.25.148:2304) connected
20:44:06 Player Ethan Hawx connecting.
20:44:07 BattlEye Server: Player #7 Pedro Da silva - GUID: 4566e69947b9469787325d9a2f67d0e5 (unverified)
20:44:07 max cooper uses modified data file
20:44:07 BattlEye Server: Player #9 max cooper (90.8.65.230:2304) connected
20:44:07 Player max cooper connecting.
20:44:07 Player Pedro Da silva connected (id=76561198066549464).
20:44:07 BattlEye Server: Verified GUID (4566e69947b9469787325d9a2f67d0e5) of player #7 Pedro Da silva
20:44:08 BattlEye Server: Player #8 Ethan Hawx - GUID: 88a8558d76298baae3ecebd24a340dff (unverified)
20:44:08 BattlEye Server: Player #9 max cooper - GUID: 7fe78479feb0cccd5173c92a1ba5587f (unverified)
20:44:09 Horatio Demeter uses modified data file
20:44:09 BattlEye Server: Player #10 Horatio Demeter (78.235.37.181:2304) connected
20:44:09 Player Horatio Demeter connecting.
20:44:10 BattlEye Server: Player #10 Horatio Demeter - GUID: 5acd00176189c86a165759e5721a7b18 (unverified)
20:44:11 Player Horatio Demeter connected (id=76561197972800560).
20:44:11 BattlEye Server: Verified GUID (5acd00176189c86a165759e5721a7b18) of player #10 Horatio Demeter
20:44:16 tony dicaprio uses modified data file
20:44:16 BattlEye Server: Player #11 tony dicaprio (78.232.44.226:2304) connected
20:44:16 Player tony dicaprio connecting.
20:44:18 BattlEye Server: Player #11 tony dicaprio - GUID: a8d353f98bf4895e55a501223ca70a81 (unverified)
20:44:18 Player tony dicaprio connected (id=76561197990328734).
20:44:18 BattlEye Server: Verified GUID (a8d353f98bf4895e55a501223ca70a81) of player #11 tony dicaprio
20:44:19 Anthony Sweett uses modified data file
20:44:19 BattlEye Server: Player #12 Anthony Sweett (81.53.209.147:2304) connected
20:44:19 Player Anthony Sweett connecting.
20:44:19 Germain De Nevris uses modified data file
20:44:19 BattlEye Server: Player #13 Germain De Nevris (90.42.252.76:2304) connected
20:44:19 Player Germain De Nevris connecting.
20:44:20 BattlEye Server: Player #12 Anthony Sweett - GUID: 3c4899930d55af25173b3b954cab8b9d (unverified)
20:44:21 BattlEye Server: Player #13 Germain De Nevris - GUID: 39653f2fc428ee46a27183e8f1e93ef7 (unverified)
20:44:21 Player Anthony Sweett connected (id=76561198136605617).
20:44:21 BattlEye Server: Verified GUID (3c4899930d55af25173b3b954cab8b9d) of player #12 Anthony Sweett
20:44:22 Player Germain De Nevris disconnected.
20:44:22 BattlEye Server: Player #13 Germain De Nevris disconnected
20:44:26 Chris Fulavalacci uses modified data file
20:44:26 BattlEye Server: Player #13 Chris Fulavalacci (86.70.206.52:2304) connected
20:44:26 Player Chris Fulavalacci connecting.
20:44:27 BattlEye Server: Player #13 Chris Fulavalacci - GUID: cc38e6bfdccee5f565fe4ea22fa9da84 (unverified)
20:44:28 Player Tom Mason connected (id=76561198089697955).
20:44:28 BattlEye Server: Verified GUID (21bf313c8f6f277243582e42c9b0255e) of player #6 Tom Mason
20:44:28 Player Ethan Hawx connected (id=76561198020163363).
20:44:28 BattlEye Server: Verified GUID (88a8558d76298baae3ecebd24a340dff) of player #8 Ethan Hawx
20:44:28 Player max cooper connected (id=76561198018755180).
20:44:28 BattlEye Server: Verified GUID (7fe78479feb0cccd5173c92a1ba5587f) of player #9 max cooper
20:44:37 Pong Niaouli uses modified data file
20:44:37 BattlEye Server: Player #14 Pong Niaouli (90.3.120.68:2304) connected
20:44:37 Player Pong Niaouli connecting.
20:44:37 Game started.
20:44:39 BattlEye Server: Player #14 Pong Niaouli - GUID: 261ecbb4b885425059c3bda2fb85f0d2 (unverified)
20:44:50 Adil Hossni uses modified data file
20:44:50 BattlEye Server: Player #15 Adil Hossni (89.156.193.160:2304) connected
20:44:50 Player Adil Hossni connecting.
20:44:51 Tonio Phill uses modified data file
20:44:51 BattlEye Server: Player #16 Tonio Phill (77.150.162.17:2304) connected
20:44:51 Player Tonio Phill connecting.
20:44:51 BattlEye Server: Player #15 Adil Hossni - GUID: d39f413efba5f5c161849a3a4b9aae7e (unverified)
20:44:52 Player Adil Hossni connected (id=76561198041979640).
20:44:52 BattlEye Server: Verified GUID (d39f413efba5f5c161849a3a4b9aae7e) of player #15 Adil Hossni
20:44:52 Player Chris Fulavalacci connected (id=76561198085219628).
20:44:52 BattlEye Server: Verified GUID (cc38e6bfdccee5f565fe4ea22fa9da84) of player #13 Chris Fulavalacci
20:44:52 BattlEye Server: Player #16 Tonio Phill - GUID: a0f2022cfd4e6ab19abcd5de3c6a6a41 (unverified)
20:44:53 Player Tonio Phill connected (id=76561198011032077).
20:44:53 BattlEye Server: Verified GUID (a0f2022cfd4e6ab19abcd5de3c6a6a41) of player #16 Tonio Phill
20:45:14 Marcus Arius uses modified data file
20:45:14 BattlEye Server: Player #17 Marcus Arius (88.177.110.19:2304) connected
20:45:14 Player Marcus Arius connecting.
20:45:15 BattlEye Server: Player #17 Marcus Arius - GUID: a1c730deb9586f19640a6b106cc5b91b (unverified)
20:45:16 Player Marcus Arius connected (id=76561198134618379).
20:45:16 BattlEye Server: Verified GUID (a1c730deb9586f19640a6b106cc5b91b) of player #17 Marcus Arius
20:45:17 Player Pong Niaouli connected (id=76561198027028921).
20:45:17 BattlEye Server: Verified GUID (261ecbb4b885425059c3bda2fb85f0d2) of player #14 Pong Niaouli
20:45:21 Vhaan Garfe uses modified data file
20:45:21 BattlEye Server: Player #18 Vhaan Garfe (83.199.222.44:2304) connected
20:45:21 Player Vhaan Garfe connecting.
20:45:22 BattlEye Server: Player #18 Vhaan Garfe - GUID: fc44cd78c1e7ed70f1eeda22b5f8b786 (unverified)
20:45:26 Mauricio Lagaza uses modified data file
20:45:26 BattlEye Server: Player #19 Mauricio Lagaza (31.34.225.14:2304) connected
20:45:26 Player Mauricio Lagaza connecting.
20:45:27 BattlEye Server: Player #19 Mauricio Lagaza - GUID: 81abd7515cbb185f5275b74eea766637 (unverified)
20:45:36 Player Tom Mason disconnected.
20:45:36 BattlEye Server: Player #6 Tom Mason disconnected
20:45:57 Player Youri Litovski disconnected.
20:45:57 BattlEye Server: Player #0 Youri Litovski disconnected
20:45:57 Player Maxime Burel: Signature check timed out
20:45:57 Player Maxime Burel disconnected.
20:45:57 BattlEye Server: Player #2 Maxime Burel disconnected
20:46:03 Tom Mason uses modified data file
20:46:03 BattlEye Server: Player #0 Tom Mason (92.129.103.57:2304) connected
20:46:03 Player Tom Mason connecting.
20:46:06 BattlEye Server: Player #0 Tom Mason - GUID: 21bf313c8f6f277243582e42c9b0255e (unverified)
20:46:09 Maxime Burel uses modified data file
20:46:09 BattlEye Server: Player #2 Maxime Burel (88.140.154.140:2304) connected
20:46:09 Player Maxime Burel connecting.
20:46:11 BattlEye Server: Player #2 Maxime Burel - GUID: 7be7080b720d96a9e932e92ba014413a (unverified)
20:46:12 Player Maxime Burel connected (id=76561198030608871).
20:46:12 BattlEye Server: Verified GUID (7be7080b720d96a9e932e92ba014413a) of player #2 Maxime Burel
20:46:13 Player Anthony Sweett disconnected.
20:46:13 BattlEye Server: Player #12 Anthony Sweett disconnected
20:46:23 Player max cooper disconnected.
20:46:23 BattlEye Server: Player #9 max cooper disconnected
20:46:23 Player Mauricio Lagaza disconnected.
20:46:23 BattlEye Server: Player #19 Mauricio Lagaza disconnected
