 8:00:26 BattlEye Server: Initialized (v1.196)
 8:00:26 Host identity created.
 8:00:26 Game Port: 2302, Steam Query Port: 2303
 8:00:30 BattlEye Server: RCon admin #0 (178.33.110.219:57307) logged in
 8:00:30 BattlEye Server: RCon admin #1 (87.231.75.188:49374) logged in
 8:15:02 Linus Torvalds uses modified data file
 8:15:02 BattlEye Server: Player #0 Linus Torvalds (79.93.52.212:2304) connected
 8:15:02 Player Linus Torvalds connecting.
 8:15:02 Mission altisfrrp.altis read from bank.
 8:15:04 BattlEye Server: Player #0 Linus Torvalds - GUID: 500d483cec681e90821719ccb74e9c09 (unverified)
 8:15:04 Player Linus Torvalds connected (id=76561198035528880).
 8:15:04 BattlEye Server: Verified GUID (500d483cec681e90821719ccb74e9c09) of player #0 Linus Torvalds
 8:15:18 Roles assigned.
 8:15:18 Reading mission ...
 8:15:36 Mission read.
 8:15:51 Game started.
 8:16:14 Joe Straton uses modified data file
 8:16:14 BattlEye Server: Player #1 Joe Straton (78.209.200.234:2304) connected
 8:16:14 Player Joe Straton connecting.
 8:16:15 BattlEye Server: Player #1 Joe Straton - GUID: 270a42bbde0fb90c9c8420f3163d0148 (unverified)
 8:16:15 Player Joe Straton connected (id=76561198028827014).
 8:16:15 BattlEye Server: Verified GUID (270a42bbde0fb90c9c8420f3163d0148) of player #1 Joe Straton
 8:25:55 Player Joe Straton disconnected.
 8:25:55 BattlEye Server: Player #1 Joe Straton disconnected
 8:26:57 Joe Straton uses modified data file
 8:26:57 BattlEye Server: Player #1 Joe Straton (78.209.200.234:2304) connected
 8:26:57 Player Joe Straton connecting.
 8:26:58 BattlEye Server: Player #1 Joe Straton - GUID: 270a42bbde0fb90c9c8420f3163d0148 (unverified)
 8:26:58 Player Joe Straton connected (id=76561198028827014).
 8:26:58 BattlEye Server: Verified GUID (270a42bbde0fb90c9c8420f3163d0148) of player #1 Joe Straton
 8:33:22 Player Linus Torvalds disconnected.
 8:33:22 BattlEye Server: Player #0 Linus Torvalds disconnected
 8:34:35 PierreGalet uses modified data file
 8:34:35 BattlEye Server: Player #0 PierreGalet (93.14.134.160:2304) connected
 8:34:35 Player PierreGalet connecting.
 8:34:37 BattlEye Server: Player #0 PierreGalet - GUID: e355ecb9715b77cb8e9a88ae0c7b2cca (unverified)
 8:34:38 Player PierreGalet connected (id=76561198060298752).
 8:34:38 BattlEye Server: Verified GUID (e355ecb9715b77cb8e9a88ae0c7b2cca) of player #0 PierreGalet
 8:49:54 Player Joe Straton disconnected.
 8:49:54 BattlEye Server: Player #1 Joe Straton disconnected
 8:53:14 Joe Straton uses modified data file
 8:53:14 BattlEye Server: Player #1 Joe Straton (78.209.200.234:2304) connected
 8:53:14 Player Joe Straton connecting.
 8:53:15 BattlEye Server: Player #1 Joe Straton - GUID: 270a42bbde0fb90c9c8420f3163d0148 (unverified)
 8:53:15 Player Joe Straton connected (id=76561198028827014).
 8:53:15 BattlEye Server: Verified GUID (270a42bbde0fb90c9c8420f3163d0148) of player #1 Joe Straton
 8:56:50 Player Joe Straton disconnected.
 8:56:50 BattlEye Server: Player #1 Joe Straton disconnected
 8:58:05 Joe Straton uses modified data file
 8:58:05 BattlEye Server: Player #1 Joe Straton (78.209.200.234:2304) connected
 8:58:05 Player Joe Straton connecting.
 8:58:06 BattlEye Server: Player #1 Joe Straton - GUID: 270a42bbde0fb90c9c8420f3163d0148 (unverified)
 8:58:06 Player Joe Straton connected (id=76561198028827014).
 8:58:06 BattlEye Server: Verified GUID (270a42bbde0fb90c9c8420f3163d0148) of player #1 Joe Straton
 9:03:51 Player Joe Straton disconnected.
 9:03:51 BattlEye Server: Player #1 Joe Straton disconnected
 9:04:23 Tanner Hutchinson uses modified data file
 9:04:23 BattlEye Server: Player #1 Tanner Hutchinson (79.81.116.76:2304) connected
 9:04:23 Player Tanner Hutchinson connecting.
 9:04:24 BattlEye Server: Player #1 Tanner Hutchinson - GUID: ca1d23db27db708fc5f27e771e60799c (unverified)
 9:04:24 Player Tanner Hutchinson connected (id=76561198124106427).
 9:04:24 BattlEye Server: Verified GUID (ca1d23db27db708fc5f27e771e60799c) of player #1 Tanner Hutchinson
 9:04:57 Joe Straton uses modified data file
 9:04:57 BattlEye Server: Player #2 Joe Straton (78.209.200.234:2304) connected
 9:04:57 Player Joe Straton connecting.
 9:04:58 BattlEye Server: Player #2 Joe Straton - GUID: 270a42bbde0fb90c9c8420f3163d0148 (unverified)
 9:04:58 Player Joe Straton connected (id=76561198028827014).
 9:04:58 BattlEye Server: Verified GUID (270a42bbde0fb90c9c8420f3163d0148) of player #2 Joe Straton
 9:05:07 BattlEye Server: RCon admin #0: (To Tanner Hutchinson) Teamspeak obligatoire ts.altisrp.fr - TaskForceRadio actif
 9:06:45 Player Joe Straton disconnected.
 9:06:45 BattlEye Server: Player #2 Joe Straton disconnected
 9:08:01 Joe Straton uses modified data file
 9:08:02 BattlEye Server: Player #2 Joe Straton (78.209.200.234:2304) connected
 9:08:02 Player Joe Straton connecting.
 9:08:03 BattlEye Server: Player #2 Joe Straton - GUID: 270a42bbde0fb90c9c8420f3163d0148 (unverified)
 9:08:03 Player Joe Straton connected (id=76561198028827014).
 9:08:03 BattlEye Server: Verified GUID (270a42bbde0fb90c9c8420f3163d0148) of player #2 Joe Straton
 9:09:58 Player Joe Straton disconnected.
 9:09:58 BattlEye Server: Player #2 Joe Straton disconnected
 9:11:36 Joe Straton uses modified data file
 9:11:36 BattlEye Server: Player #2 Joe Straton (78.209.200.234:2304) connected
 9:11:36 Player Joe Straton connecting.
 9:11:37 BattlEye Server: Player #2 Joe Straton - GUID: 270a42bbde0fb90c9c8420f3163d0148 (unverified)
 9:11:37 Player Joe Straton connected (id=76561198028827014).
 9:11:37 BattlEye Server: Verified GUID (270a42bbde0fb90c9c8420f3163d0148) of player #2 Joe Straton
 9:17:23 Player Joe Straton disconnected.
 9:17:23 BattlEye Server: Player #2 Joe Straton disconnected
 9:18:37 Joe Straton uses modified data file
 9:18:37 BattlEye Server: Player #2 Joe Straton (78.209.200.234:2304) connected
 9:18:38 Player Joe Straton connecting.
 9:18:39 BattlEye Server: Player #2 Joe Straton - GUID: 270a42bbde0fb90c9c8420f3163d0148 (unverified)
 9:18:39 Player Joe Straton connected (id=76561198028827014).
 9:18:39 BattlEye Server: Verified GUID (270a42bbde0fb90c9c8420f3163d0148) of player #2 Joe Straton
 9:19:56 Player Joe Straton disconnected.
 9:19:56 BattlEye Server: Player #2 Joe Straton disconnected
 9:21:02 Joe Straton uses modified data file
 9:21:02 BattlEye Server: Player #2 Joe Straton (78.209.200.234:2304) connected
 9:21:02 Player Joe Straton connecting.
 9:21:03 BattlEye Server: Player #2 Joe Straton - GUID: 270a42bbde0fb90c9c8420f3163d0148 (unverified)
 9:21:04 Player Joe Straton connected (id=76561198028827014).
 9:21:04 BattlEye Server: Verified GUID (270a42bbde0fb90c9c8420f3163d0148) of player #2 Joe Straton
 9:22:21 Player Joe Straton disconnected.
 9:22:21 BattlEye Server: Player #2 Joe Straton disconnected
 9:23:30 Joe Straton uses modified data file
 9:23:30 BattlEye Server: Player #2 Joe Straton (78.209.200.234:2304) connected
 9:23:30 Player Joe Straton connecting.
 9:23:31 BattlEye Server: Player #2 Joe Straton - GUID: 270a42bbde0fb90c9c8420f3163d0148 (unverified)
 9:23:32 Player Joe Straton connected (id=76561198028827014).
 9:23:32 BattlEye Server: Verified GUID (270a42bbde0fb90c9c8420f3163d0148) of player #2 Joe Straton
 9:24:16 Player Tanner Hutchinson disconnected.
 9:24:16 BattlEye Server: Player #1 Tanner Hutchinson disconnected
 9:26:09 Amanuel Mewael uses modified data file
 9:26:09 BattlEye Server: Player #1 Amanuel Mewael (188.26.128.224:61916) connected
 9:26:09 Player Amanuel Mewael connecting.
 9:26:10 BattlEye Server: Player #1 Amanuel Mewael - GUID: c9ca233e9e001024d2fe39c1e9fd4feb (unverified)
 9:26:10 Player Amanuel Mewael connected (id=76561197987711054).
 9:26:10 BattlEye Server: Verified GUID (c9ca233e9e001024d2fe39c1e9fd4feb) of player #1 Amanuel Mewael
 9:26:29 Arnaud uses modified data file
 9:26:29 BattlEye Server: Player #3 Arnaud (81.247.193.210:2304) connected
 9:26:29 Player Arnaud connecting.
 9:26:31 BattlEye Server: Player #3 Arnaud - GUID: 2a636b649610c6f1a816afb75a9d454a (unverified)
 9:26:32 Player Arnaud connected (id=76561198128722307).
 9:26:32 BattlEye Server: Verified GUID (2a636b649610c6f1a816afb75a9d454a) of player #3 Arnaud
 9:26:35 Player Arnaud disconnected.
 9:26:35 BattlEye Server: Player #3 Arnaud disconnected
 9:45:26 Player PierreGalet disconnected.
 9:45:26 BattlEye Server: Player #0 PierreGalet disconnected
10:23:34 Player Joe Straton disconnected.
10:23:34 BattlEye Server: Player #2 Joe Straton disconnected
10:23:38 Player Amanuel Mewael disconnected.
10:23:38 BattlEye Server: Player #1 Amanuel Mewael disconnected
10:25:57 Maxime Burel uses modified data file
10:25:57 BattlEye Server: Player #0 Maxime Burel (88.140.154.140:2304) connected
10:25:58 Player Maxime Burel connecting.
10:25:59 BattlEye Server: Player #0 Maxime Burel - GUID: 7be7080b720d96a9e932e92ba014413a (unverified)
10:25:59 Player Maxime Burel connected (id=76561198030608871).
10:25:59 BattlEye Server: Verified GUID (7be7080b720d96a9e932e92ba014413a) of player #0 Maxime Burel
10:27:04 Player Maxime Burel is losing connection
10:27:15 Player Maxime Burel is losing connection
10:27:27 BattlEye Server: RCon admin #0: (To Maxime Burel) Teamspeak obligatoire ts.altisrp.fr - TaskForceRadio actif
10:28:01 Player Maxime Burel: Wrong signature for file a3\structures_f\furniture\chairplastic_f.p3d
10:28:01 Player Maxime Burel disconnected.
10:28:01 BattlEye Server: Player #0 Maxime Burel disconnected
10:40:26 Pong Niaouli uses modified data file
10:40:26 BattlEye Server: Player #0 Pong Niaouli (90.3.120.68:2304) connected
10:40:27 Player Pong Niaouli connecting.
10:40:28 BattlEye Server: Player #0 Pong Niaouli - GUID: 261ecbb4b885425059c3bda2fb85f0d2 (unverified)
10:40:30 Player Pong Niaouli connected (id=76561198027028921).
10:40:30 BattlEye Server: Verified GUID (261ecbb4b885425059c3bda2fb85f0d2) of player #0 Pong Niaouli
10:46:34 Chris Fulavalacci uses modified data file
10:46:34 BattlEye Server: Player #1 Chris Fulavalacci (86.70.206.52:2304) connected
10:46:34 Player Chris Fulavalacci connecting.
10:46:37 BattlEye Server: Player #1 Chris Fulavalacci - GUID: cc38e6bfdccee5f565fe4ea22fa9da84 (unverified)
10:46:37 Player Chris Fulavalacci connected (id=76561198085219628).
10:46:37 BattlEye Server: Verified GUID (cc38e6bfdccee5f565fe4ea22fa9da84) of player #1 Chris Fulavalacci
10:58:02 Player Chris Fulavalacci disconnected.
10:58:02 BattlEye Server: Player #1 Chris Fulavalacci disconnected
10:58:59 Chris Fulavalacci uses modified data file
10:58:59 BattlEye Server: Player #1 Chris Fulavalacci (86.70.206.52:2304) connected
10:58:59 Player Chris Fulavalacci connecting.
10:59:01 BattlEye Server: Player #1 Chris Fulavalacci - GUID: cc38e6bfdccee5f565fe4ea22fa9da84 (unverified)
10:59:01 Player Chris Fulavalacci connected (id=76561198085219628).
10:59:01 BattlEye Server: Verified GUID (cc38e6bfdccee5f565fe4ea22fa9da84) of player #1 Chris Fulavalacci
11:15:33 Player Chris Fulavalacci kicked off by BattlEye: Ping too high (657)
11:15:33 Player Chris Fulavalacci disconnected.
11:16:58 Chris Fulavalacci uses modified data file
11:16:58 BattlEye Server: Player #1 Chris Fulavalacci (86.70.206.52:2304) connected
11:16:58 Player Chris Fulavalacci connecting.
11:17:02 BattlEye Server: Player #1 Chris Fulavalacci - GUID: cc38e6bfdccee5f565fe4ea22fa9da84 (unverified)
11:17:02 Player Chris Fulavalacci connected (id=76561198085219628).
11:17:02 BattlEye Server: Verified GUID (cc38e6bfdccee5f565fe4ea22fa9da84) of player #1 Chris Fulavalacci
11:18:40 Player Chris Fulavalacci kicked off by BattlEye: Ping too high (672)
11:18:40 Player Chris Fulavalacci disconnected.
11:23:02 Chris Fulavalacci uses modified data file
11:23:02 BattlEye Server: Player #1 Chris Fulavalacci (86.70.206.52:2304) connected
11:23:02 Player Chris Fulavalacci connecting.
11:23:03 BattlEye Server: Player #1 Chris Fulavalacci - GUID: cc38e6bfdccee5f565fe4ea22fa9da84 (unverified)
11:23:03 Player Chris Fulavalacci connected (id=76561198085219628).
11:23:03 BattlEye Server: Verified GUID (cc38e6bfdccee5f565fe4ea22fa9da84) of player #1 Chris Fulavalacci
11:43:32 Player Chris Fulavalacci disconnected.
11:43:32 BattlEye Server: Player #1 Chris Fulavalacci disconnected
12:15:31 Valherus kulinski uses modified data file
12:15:31 BattlEye Server: Player #1 Valherus kulinski (2.12.133.38:2304) connected
12:15:31 Player Valherus kulinski connecting.
12:15:32 BattlEye Server: Player #1 Valherus kulinski - GUID: d69ddf65380748bbaee983c578d0b923 (unverified)
12:15:32 Player Valherus kulinski connected (id=76561198024074245).
12:15:32 BattlEye Server: Verified GUID (d69ddf65380748bbaee983c578d0b923) of player #1 Valherus kulinski
12:52:48 Player Valherus kulinski is losing connection
12:53:09 Player Valherus kulinski kicked off by BattlEye: Client not responding
12:53:09 Player Valherus kulinski disconnected.
12:55:47 Valherus kulinski uses modified data file
12:55:47 BattlEye Server: Player #1 Valherus kulinski (2.12.133.38:2304) connected
12:55:48 Player Valherus kulinski connecting.
12:55:49 BattlEye Server: Player #1 Valherus kulinski - GUID: d69ddf65380748bbaee983c578d0b923 (unverified)
12:55:49 Player Valherus kulinski connected (id=76561198024074245).
12:55:49 BattlEye Server: Verified GUID (d69ddf65380748bbaee983c578d0b923) of player #1 Valherus kulinski
12:58:42 Player Valherus kulinski disconnected.
12:58:42 BattlEye Server: Player #1 Valherus kulinski disconnected
13:00:18 Valherus kulinski uses modified data file
13:00:18 BattlEye Server: Player #1 Valherus kulinski (2.12.133.38:2304) connected
13:00:18 Player Valherus kulinski connecting.
13:00:19 BattlEye Server: Player #1 Valherus kulinski - GUID: d69ddf65380748bbaee983c578d0b923 (unverified)
13:00:20 Player Valherus kulinski connected (id=76561198024074245).
13:00:20 BattlEye Server: Verified GUID (d69ddf65380748bbaee983c578d0b923) of player #1 Valherus kulinski
13:06:41 Carter Wayne uses modified data file
13:06:41 BattlEye Server: Player #2 Carter Wayne (78.235.92.96:2304) connected
13:06:41 Player Carter Wayne connecting.
13:06:42 BattlEye Server: Player #2 Carter Wayne - GUID: 3b445e96c270004a72187bcc8529b5a2 (unverified)
13:06:46 Player Carter Wayne connected (id=76561197972674188).
13:06:46 BattlEye Server: Verified GUID (3b445e96c270004a72187bcc8529b5a2) of player #2 Carter Wayne
13:09:20 Player Carter Wayne disconnected.
13:09:20 BattlEye Server: Player #2 Carter Wayne disconnected
13:09:48 Player Valherus kulinski disconnected.
13:09:48 BattlEye Server: Player #1 Valherus kulinski disconnected
13:26:51 Player Pong Niaouli disconnected.
13:26:51 BattlEye Server: Player #0 Pong Niaouli disconnected
13:29:24 Mamadou Mouloumboulou uses modified data file
13:29:24 BattlEye Server: Player #0 Mamadou Mouloumboulou (31.38.129.84:2304) connected
13:29:24 Player Mamadou Mouloumboulou connecting.
13:29:25 BattlEye Server: Player #0 Mamadou Mouloumboulou - GUID: 4b728f3ec23fdb651fdbe351f0eac194 (unverified)
13:29:25 Player Mamadou Mouloumboulou connected (id=76561198040489359).
13:29:25 BattlEye Server: Verified GUID (4b728f3ec23fdb651fdbe351f0eac194) of player #0 Mamadou Mouloumboulou
13:35:47 Patrick Jane uses modified data file
13:35:48 BattlEye Server: Player #1 Patrick Jane (79.85.201.144:2304) connected
13:35:48 Player Patrick Jane connecting.
13:35:49 BattlEye Server: Player #1 Patrick Jane - GUID: b29c7edcf1885b9ae172ce14087e0a45 (unverified)
13:35:49 Player Patrick Jane connected (id=76561198007049543).
13:35:49 BattlEye Server: Verified GUID (b29c7edcf1885b9ae172ce14087e0a45) of player #1 Patrick Jane
13:38:44 Valherus kulinski uses modified data file
13:38:44 BattlEye Server: Player #2 Valherus kulinski (2.12.133.38:2304) connected
13:38:45 Player Valherus kulinski connecting.
13:38:46 BattlEye Server: Player #2 Valherus kulinski - GUID: d69ddf65380748bbaee983c578d0b923 (unverified)
13:38:46 Player Valherus kulinski connected (id=76561198024074245).
13:38:46 BattlEye Server: Verified GUID (d69ddf65380748bbaee983c578d0b923) of player #2 Valherus kulinski
13:39:44 Tanner Hutchinson uses modified data file
13:39:44 BattlEye Server: Player #3 Tanner Hutchinson (79.81.116.76:2304) connected
13:39:44 Player Tanner Hutchinson connecting.
13:39:45 BattlEye Server: Player #3 Tanner Hutchinson - GUID: ca1d23db27db708fc5f27e771e60799c (unverified)
13:39:46 Player Tanner Hutchinson connected (id=76561198124106427)