 2:00:26 BattlEye Server: Initialized (v1.196)
 2:00:26 Host identity created.
 2:00:26 Game Port: 2302, Steam Query Port: 2303
 2:00:27 BattlEye Server: RCon admin #0 (89.226.207.125:54309) logged in
 2:00:28 BattlEye Server: RCon admin #1 (87.231.75.188:49246) logged in
 2:00:30 BattlEye Server: RCon admin #2 (178.33.110.219:54515) logged in
 2:14:22 Gauthier Jean uses modified data file
 2:14:22 BattlEye Server: Player #0 Gauthier Jean (88.124.93.13:2304) connected
 2:14:22 Player Gauthier Jean connecting.
 2:14:22 Mission altisfrrp.altis read from bank.
 2:14:24 BattlEye Server: Player #0 Gauthier Jean - GUID: 79468c15913fccbde960f736ce7d4c8b (unverified)
 2:14:24 Player Gauthier Jean connected (id=76561198026954203).
 2:14:24 BattlEye Server: Verified GUID (79468c15913fccbde960f736ce7d4c8b) of player #0 Gauthier Jean
 2:14:45 Roles assigned.
 2:14:45 Reading mission ...
 2:15:01 Mission read.
 2:15:23 Game started.
 2:54:27 BattlEye Server: RCon admin #3 (86.196.112.37:52382) logged in
 3:16:01 jonathan cumulus uses modified data file
 3:16:01 BattlEye Server: Player #1 jonathan cumulus (87.231.114.184:2304) connected
 3:16:01 Player jonathan cumulus connecting.
 3:16:02 BattlEye Server: Player #1 jonathan cumulus - GUID: d469acb4966506216111ba22185a4e8d (unverified)
 3:16:05 Player jonathan cumulus connected (id=76561197980389468).
 3:16:05 BattlEye Server: Verified GUID (d469acb4966506216111ba22185a4e8d) of player #1 jonathan cumulus
 3:17:47 BattlEye Server: RCon admin #2: (To jonathan cumulus) Teamspeak obligatoire ts.altisrp.fr - TaskForceRadio actif
 3:18:07 BattlEye Server: RCon admin #2: (To jonathan cumulus) Teamspeak obligatoire ts.altisrp.fr - TaskForceRadio actif
 3:18:27 BattlEye Server: RCon admin #2: (To jonathan cumulus) Teamspeak obligatoire ts.altisrp.fr - TaskForceRadio actif
 3:18:47 Player jonathan cumulus kicked off by BattlEye: Admin Kick (Teamspeak obligatoire ts.altisrp.fr - TaskForceRadio actif)
 3:18:47 Player jonathan cumulus disconnected.
 3:51:51 Player Gauthier Jean disconnected.
 3:51:51 BattlEye Server: Player #0 Gauthier Jean disconnected
 3:52:12 Christ Tali uses modified data file
 3:52:12 BattlEye Server: Player #0 Christ Tali (83.203.231.153:2304) connected
 3:52:12 Player Christ Tali connecting.
 3:52:14 BattlEye Server: Player #0 Christ Tali - GUID: 5cb864e2816dc8c4d5160f941437fa20 (unverified)
 3:52:14 Player Christ Tali connected (id=76561198156917853).
 3:52:14 BattlEye Server: Verified GUID (5cb864e2816dc8c4d5160f941437fa20) of player #0 Christ Tali
 4:18:39 Zack Parker uses modified data file
 4:18:39 BattlEye Server: Player #1 Zack Parker (96.21.58.33:2304) connected
 4:18:39 Player Zack Parker connecting.
 4:18:41 BattlEye Server: Player #1 Zack Parker - GUID: 47fe72a0e709fb8258bef180aac131f3 (unverified)
 4:18:41 Player Zack Parker connected (id=76561198039359021).
 4:18:41 BattlEye Server: Verified GUID (47fe72a0e709fb8258bef180aac131f3) of player #1 Zack Parker
 4:19:47 BattlEye Server: RCon admin #2: (To Zack Parker) Teamspeak obligatoire ts.altisrp.fr - TaskForceRadio actif
 4:20:07 BattlEye Server: RCon admin #2: (To Zack Parker) Teamspeak obligatoire ts.altisrp.fr - TaskForceRadio actif
 4:20:27 BattlEye Server: RCon admin #2: (To Zack Parker) Teamspeak obligatoire ts.altisrp.fr - TaskForceRadio actif
 4:39:37 BattlEye Server: RCon admin #3 (89.226.207.125:56721) logged in
 4:43:02 Player Christ Tali disconnected.
 4:43:02 BattlEye Server: Player #0 Christ Tali disconnected
 5:34:37 BattlEye Server: RCon admin #0 (178.33.110.219:54515) logged in
 5:42:43 Player Zack Parker disconnected.
 5:42:43 BattlEye Server: Player #1 Zack Parker disconnected
 6:59:35 Joe Straton uses modified data file
 6:59:35 BattlEye Server: Player #0 Joe Straton (78.209.200.234:2304) connected
 6:59:35 Player Joe Straton connecting.
 6:59:36 BattlEye Server: Player #0 Joe Straton - GUID: 270a42bbde0fb90c9c8420f3163d0148 (unverified)
 6:59:36 Player Joe Straton connected (id=76561198028827014).
 6:59:36 BattlEye Server: Verified GUID (270a42bbde0fb90c9c8420f3163d0148) of player #0 Joe 