20:39:44 BattlEye Server: Initialized (v1.196)
20:39:44 Host identity created.
20:39:44 Game Port: 2302, Steam Query Port: 2303
20:39:45 Horatio Demeter uses modified data file
20:39:45 BattlEye Server: Player #0 Horatio Demeter (78.235.37.181:2304) connected
20:39:45 Player Horatio Demeter connecting.
20:39:45 Mission altisfrrp.altis read from bank.
20:39:45 BattlEye Server: RCon admin #0 (82.243.109.203:64631) logged in
20:39:45 Pedro Da silva uses modified data file
20:39:45 BattlEye Server: Player #1 Pedro Da silva (91.91.202.172:2304) connected
20:39:45 Player Pedro Da silva connecting.
20:39:46 BattlEye Server: RCon admin #1 (86.196.112.37:56554) logged in
20:39:46 Agamemnos le Profond uses modified data file
20:39:46 BattlEye Server: Player #2 Agamemnos le Profond (90.33.89.238:2304) connected
20:39:46 Player Agamemnos le Profond connecting.
20:39:46 BattlEye Server: RCon admin #2 (89.226.207.125:52294) logged in
20:39:46 BattlEye Server: Player #0 Horatio Demeter - GUID: 5acd00176189c86a165759e5721a7b18 (unverified)
20:39:47 BattlEye Server: Player #1 Pedro Da silva - GUID: 4566e69947b9469787325d9a2f67d0e5 (unverified)
20:39:47 Player Horatio Demeter connected (id=76561197972800560).
20:39:47 BattlEye Server: Verified GUID (5acd00176189c86a165759e5721a7b18) of player #0 Horatio Demeter
20:39:47 BattlEye Server: Player #2 Agamemnos le Profond - GUID: 25fc94810e4955a16a379888d0ee2027 (unverified)
20:39:47 Player Pedro Da silva connected (id=76561198066549464).
20:39:47 BattlEye Server: Verified GUID (4566e69947b9469787325d9a2f67d0e5) of player #1 Pedro Da silva
20:39:47 Player Horatio Demeter disconnected.
20:39:47 BattlEye Server: Player #0 Horatio Demeter disconnected
20:39:47 Player Agamemnos le Profond connected (id=76561197985429466).
20:39:47 BattlEye Server: Verified GUID (25fc94810e4955a16a379888d0ee2027) of player #2 Agamemnos le Profond
20:39:47 Player Pedro Da silva disconnected.
20:39:47 BattlEye Server: Player #1 Pedro Da silva disconnected
20:39:48 Player Agamemnos le Profond disconnected.
20:39:48 BattlEye Server: Player #2 Agamemnos le Profond disconnected
20:39:48 All users disconnected, waiting for users.
20:39:48 BattlEye Server: RCon admin #3 (178.33.110.219:51402) logged in
20:39:49 BattlEye Server: RCon admin #4 (87.231.75.188:61916) logged in
20:39:49 Youri Litovski uses modified data file
20:39:49 BattlEye Server: Player #0 Youri Litovski (87.231.75.188:2304) connected
20:39:49 Player Youri Litovski connecting.
20:39:49 Mission altisfrrp.altis read from bank.
20:39:51 BattlEye Server: Player #0 Youri Litovski - GUID: bc134714145c39c8ac9ec199b7eca606 (unverified)
20:39:51 Player Youri Litovski connected (id=76561198010101889).
20:39:51 BattlEye Server: Verified GUID (bc134714145c39c8ac9ec199b7eca606) of player #0 Youri Litovski
20:39:51 Player Youri Litovski disconnected.
20:39:51 BattlEye Server: Player #0 Youri Litovski disconnected
20:39:51 All users disconnected, waiting for users.
20:39:54 tony dicaprio uses modified data file
20:39:54 BattlEye Server: Player #0 tony dicaprio (78.232.44.226:2304) connected
20:39:55 Player tony dicaprio connecting.
20:39:55 Mission altisfrrp.altis read from bank.
20:39:56 BattlEye Server: Player #0 tony dicaprio - GUID: a8d353f98bf4895e55a501223ca70a81 (unverified)
20:39:56 Player tony dicaprio connected (id=76561197990328734).
20:39:56 BattlEye Server: Verified GUID (a8d353f98bf4895e55a501223ca70a81) of player #0 tony dicaprio
20:39:57 Player tony dicaprio disconnected.
20:39:57 BattlEye Server: Player #0 tony dicaprio disconnected
20:39:57 All users disconnected, waiting for users.
20:40:27 Ethan Hawx uses modified data file
20:40:27 BattlEye Server: Player #0 Ethan Hawx (81.66.25.148:2304) connected
20:40:27 Player Ethan Hawx connecting.
20:40:27 Mission altisfrrp.altis read from bank.
20:40:27 Vlad Bazarov uses modified data file
20:40:27 BattlEye Server: Player #1 Vlad Bazarov (82.227.32.148:2304) connected
20:40:27 Player Vlad Bazarov connecting.
20:40:28 BattlEye Server: Player #0 Ethan Hawx - GUID: 88a8558d76298baae3ecebd24a340dff (unverified)
20:40:28 BattlEye Server: Player #1 Vlad Bazarov - GUID: 7b8fffefa3d34e702792428837eee5e3 (unverified)
20:40:28 Player Ethan Hawx connected (id=76561198020163363).
20:40:28 BattlEye Server: Verified GUID (88a8558d76298baae3ecebd24a340dff) of player #0 Ethan Hawx
20:40:29 Player Vlad Bazarov connected (id=76561198043520847).
20:40:29 BattlEye Server: Verified GUID (7b8fffefa3d34e702792428837eee5e3) of player #1 Vlad Bazarov
20:40:29 Player Ethan Hawx disconnected.
20:40:29 BattlEye Server: Player #0 Ethan Hawx disconnected
20:40:30 Player Vlad Bazarov disconnected.
20:40:30 BattlEye Server: Player #1 Vlad Bazarov disconnected
20:40:30 All users disconnected, waiting for users.
20:40:33 Schulz Hersmann uses modified data file
20:40:33 BattlEye Server: Player #0 Schulz Hersmann (217.162.156.96:2304) connected
20:40:33 Player Schulz Hersmann connecting.
20:40:33 Mission altisfrrp.altis read from bank.
20:40:35 BattlEye Server: Player #0 Schulz Hersmann - GUID: ccbdde38090d3ee448e8ff01b2196d5b (unverified)
20:40:35 Player Schulz Hersmann connected (id=76561197969337890).
20:40:35 BattlEye Server: Verified GUID (ccbdde38090d3ee448e8ff01b2196d5b) of player #0 Schulz Hersmann
20:40:36 max cooper uses modified data file
20:40:36 BattlEye Server: Player #1 max cooper (90.8.65.230:2304) connected
20:40:36 Player max cooper connecting.
20:40:37 Player Schulz Hersmann disconnected.
20:40:37 BattlEye Server: Player #0 Schulz Hersmann disconnected
20:40:37 Pearce Lawford uses modified data file
20:40:37 BattlEye Server: Player #0 Pearce Lawford (79.81.193.89:2304) connected
20:40:37 Player Pearce Lawford connecting.
20:40:37 BattlEye Server: Player #1 max cooper - GUID: 7fe78479feb0cccd5173c92a1ba5587f (unverified)
20:40:38 Player max cooper connected (id=76561198018755180).
20:40:38 BattlEye Server: Verified GUID (7fe78479feb0cccd5173c92a1ba5587f) of player #1 max cooper
20:40:38 BattlEye Server: Player #0 Pearce Lawford - GUID: c24fa7a8d896ae44650a62f77c8c9df6 (unverified)
20:40:38 Player max cooper disconnected.
20:40:38 BattlEye Server: Player #1 max cooper disconnected
20:40:39 Player Pearce Lawford connected (id=76561198004672533).
20:40:39 BattlEye Server: Verified GUID (c24fa7a8d896ae44650a62f77c8c9df6) of player #0 Pearce Lawford
20:40:39 Player Pearce Lawford disconnected.
20:40:39 BattlEye Server: Player #0 Pearce Lawford disconnected
20:40:39 All users disconnected, waiting for users.
