=====================================================================
== C:\Games\ArmA3\A3Master\arma3server.exe
== "C:\Games\ArmA3\A3Master\arma3server.exe"  -nosplash -nosound -world=Altis -name=atl -profiles=Users -cfg=Users\Administrator\Arma3.cfg -config=CONFIG_Vanilla.cfg -mod=@extDB;@life_server;@altisrpfr -port=2302 -ip=178.33.110.219 -enableHT -maxMem=2047 -malloc=tbbmalloc

Original output filename: Arma3Retail_Server
Exe timestamp: 2014/11/04 14:08:33
Current time:  2014/11/17 02:00:15

Type: Public
Branch: Stable
Version: 1.34.128075

Allocator: C:\Games\ArmA3\A3Master\dll\tbb4malloc_bi.dll
=====================================================================

 2:00:15 ManagerConfig()
 2:00:17 Conflicting addon caf_ag_equip_me_backpack in 'caf_ag_equip_c\middleeast\backpacks\', previous definition in 'caf_ag_equip_c\easteurope\backpacks\'
 2:00:17 Conflicting addon example_uniform_config in 'FANTASMA_Units\blackhunter\', previous definition in 'FANTASMA_Units\medic\'
 2:00:17 Conflicting addon example_uniform_config in 'FANTASMA_Units\giletpolo\', previous definition in 'FANTASMA_Units\medic\'
 2:00:17 Conflicting addon PG_Services_PMC_UNITS in 'pg_services_pmc_config\vehicles\', previous definition in 'pg_services_pmc_config\characters\pmc\'
 2:00:17 Unsupported language English in stringtable
 2:00:17 Unsupported language English in stringtable
 2:00:18 Updating base class ->Base, by a3\dubbing_radio_f\config.bin/CfgHQIdentities/PAPA_BEAR/
 2:00:18 Updating base class ->Base, by a3\dubbing_radio_f\config.bin/CfgHQIdentities/AirBase/
 2:00:19 Updating base class ->LandVehicle, by a3\data_f\config.bin/CfgVehicles/StaticWeapon/
 2:00:19 Updating base class ->Wreck, by a3\data_f\config.bin/CfgVehicles/PlaneWreck/
 2:00:19 Updating base class RscShortcutButton->RscButton, by a3\editor_f\config.bin/RscDisplayEditObject/Controls/B_OK/
 2:00:19 Updating base class RscSliderH->RscXSliderH, by a3\editor_f\config.bin/RscDisplayEditObject/Slider/
 2:00:19 Updating base class RscText->RscPicture, by a3\editor_f\config.bin/RscDisplayEditObject/Preview/
 2:00:19 Updating base class RscShortcutButton->RscButton, by a3\editor_f\config.bin/RscDisplayMissionLoad/Controls/B_OK/
 2:00:19 Updating base class RscShortcutButton->RscButton, by a3\editor_f\config.bin/RscDisplayMissionSave/Controls/B_OK/
 2:00:19 Updating base class ->FlagCarrier_Asym, by a3\structures_f\mil\flags\config.bin/CfgVehicles/Flag_UNO_F/
 2:00:19 Updating base class ->RscControlsGroup, by a3\ui_f\config.bin/RscControlsGroupNoScrollbars/
 2:00:19 Updating base class ->RscControlsGroup, by a3\ui_f\config.bin/RscControlsGroupNoHScrollbars/
 2:00:19 Updating base class ->RscControlsGroup, by a3\ui_f\config.bin/RscControlsGroupNoVScrollbars/
 2:00:19 Updating base class ->RscText, by a3\ui_f\config.bin/RscLine/
 2:00:19 Updating base class ->RscActiveText, by a3\ui_f\config.bin/RscActivePicture/
 2:00:19 Updating base class ->RscButton, by a3\ui_f\config.bin/RscButtonTextOnly/
 2:00:19 Updating base class ->RscShortcutButton, by a3\ui_f\config.bin/RscShortcutButtonMain/
 2:00:19 Updating base class ->RscShortcutButton, by a3\ui_f\config.bin/RscButtonEditor/
 2:00:19 Updating base class ->RscShortcutButton, by a3\ui_f\config.bin/RscIGUIShortcutButton/
 2:00:19 Updating base class ->RscShortcutButton, by a3\ui_f\config.bin/RscGearShortcutButton/
 2:00:19 Updating base class ->RscShortcutButton, by a3\ui_f\config.bin/RscButtonMenu/
 2:00:19 Updating base class ->RscButtonMenu, by a3\ui_f\config.bin/RscButtonMenuOK/
 2:00:19 Updating base class ->RscButtonMenu, by a3\ui_f\config.bin/RscButtonMenuCancel/
 2:00:19 Updating base class ->RscButtonMenu, by a3\ui_f\config.bin/RscButtonMenuSteam/
 2:00:19 Updating base class ->RscText, by a3\ui_f\config.bin/RscLoadingText/
 2:00:19 Updating base class ->RscListBox, by a3\ui_f\config.bin/RscIGUIListBox/
 2:00:19 Updating base class ->RscListNBox, by a3\ui_f\config.bin/RscIGUIListNBox/
 2:00:19 Updating base class ->RscText, by a3\ui_f\config.bin/RscBackground/
 2:00:19 Updating base class ->RscText, by a3\ui_f\config.bin/RscBackgroundGUI/
 2:00:19 Updating base class ->RscPicture, by a3\ui_f\config.bin/RscBackgroundGUILeft/
 2:00:19 Updating base class ->RscPicture, by a3\ui_f\config.bin/RscBackgroundGUIRight/
 2:00:19 Updating base class ->RscPicture, by a3\ui_f\config.bin/RscBackgroundGUIBottom/
 2:00:19 Updating base class ->RscText, by a3\ui_f\config.bin/RscBackgroundGUITop/
 2:00:19 Updating base class ->RscText, by a3\ui_f\config.bin/RscBackgroundGUIDark/
 2:00:19 Updating base class ->RscPictureKeepAspect, by a3\ui_f\config.bin/RscBackgroundLogo/
 2:00:19 Updating base class ->RscMapControl, by a3\ui_f\config.bin/RscMapControlEmpty/
 2:00:19 Updating base class ->RscPicture, by a3\ui_f\config.bin/CA_Mainback/
 2:00:19 Updating base class ->CA_Mainback, by a3\ui_f\config.bin/CA_Back/
 2:00:19 Updating base class ->CA_Mainback, by a3\ui_f\config.bin/CA_Title_Back/
 2:00:19 Updating base class ->CA_Mainback, by a3\ui_f\config.bin/CA_Black_Back/
 2:00:19 Updating base class ->RscTitle, by a3\ui_f\config.bin/CA_Title/
 2:00:19 Updating base class ->RscPictureKeepAspect, by a3\ui_f\config.bin/CA_Logo/
 2:00:19 Updating base class ->CA_Logo, by a3\ui_f\config.bin/CA_Logo_Small/
 2:00:19 Updating base class ->RscButton, by a3\ui_f\config.bin/CA_RscButton/
 2:00:19 Updating base class ->CA_RscButton, by a3\ui_f\config.bin/CA_RscButton_dialog/
 2:00:19 Updating base class ->RscActiveText, by a3\ui_f\config.bin/CA_Ok/
 2:00:19 Updating base class ->RscText, by a3\ui_f\config.bin/CA_Ok_image/
 2:00:19 Updating base class ->RscText, by a3\ui_f\config.bin/CA_Ok_image2/
 2:00:19 Updating base class ->RscText, by a3\ui_f\config.bin/CA_Ok_text/
 2:00:19 Updating base class ->RscPicture, by a3\ui_f\config.bin/RscVignette/
 2:00:19 Updating base class ->RscControlsGroupNoScrollbars, by a3\ui_f\config.bin/RscMapControlTooltip/
 2:00:19 Updating base class RscShortcutButton->RscButtonMenu, by a3\ui_f\config.bin/RscDisplayDebug/Controls/B_OK/
 2:00:19 Updating base class RscShortcutButton->RscButtonMenu, by a3\ui_f\config.bin/RscDisplayDebug/Controls/B_Cancel/
 2:00:19 Updating base class RscShortcutButton->RscButtonMenu, by a3\ui_f\config.bin/RscDisplayDebug/Controls/B_Clear/
 2:00:19 Updating base class ->RscText, by a3\ui_f\config.bin/RscDisplayCapture/controls/TimeLines/
 2:00:19 Updating base class RscShortcutButton->RscButtonMenu, by a3\ui_f\config.bin/RscDisplayCapture/controls/ButtonAverages/
 2:00:19 Updating base class RscShortcutButton->RscButtonMenu, by a3\ui_f\config.bin/RscDisplayCapture/controls/ButtonSavePreviousData/
 2:00:19 Updating base class RscShortcutButton->RscButtonMenu, by a3\ui_f\config.bin/RscDisplayCapture/controls/ButtonPreviousData/
 2:00:19 Updating base class RscControlsGroup->RscControlsGroupNoHScrollbars, by a3\ui_f\config.bin/RscDisplayMain/controls/ModIcons/
 2:00:19 Updating base class RscPicture->RscPictureKeepAspect, by a3\ui_f\config.bin/RscDisplayMain/IconPicture/
 2:00:19 Updating base class IconPicture->RscPictureKeepAspect, by a3\ui_f\config.bin/RscDisplayMain/DlcOwnedIconPicture/
 2:00:19 Updating base class IconPicture->RscPictureKeepAspect, by a3\ui_f\config.bin/RscDisplayMain/DlcIconPicture/
 2:00:19 Updating base class RscListBox->RscCombo, by a3\ui_f\config.bin/RscDisplayCustomizeController/Steepness/
 2:00:19 Updating base class ->RscStandardDisplay, by a3\ui_f\config.bin/RscDisplayControlSchemes/
 2:00:19 Updating base class ButtonOK->RscButtonMenuCancel, by a3\ui_f\config.bin/RscDisplayControlSchemes/controls/ButtonCancel/
 2:00:19 Updating base class RscButton->RscButtonMenuOK, by a3\ui_f\config.bin/RscDisplayControlSchemes/controls/ButtonOK/
 2:00:19 Updating base class RscPicture->RscPictureKeepAspect, by a3\ui_f\config.bin/RscDisplayFileSelectImage/controls/OverviewPicture/
 2:00:19 Updating base class RscShortcutButton->RscButtonMenuCancel, by a3\ui_f\config.bin/RscDisplayFieldManual/controls/ButtonCancel/
 2:00:19 Cannot delete class B_KickOff, it is referenced somewhere (used as a base class probably).
 2:00:19 Updating base class RscButton->RscButtonMenuCancel, by a3\ui_f\config.bin/RscDisplayPublishMission/controls/ButtonCancel/
 2:00:19 Updating base class RscShortcutButton->RscButtonMenuOK, by a3\ui_f\config.bin/RscDisplayPublishMissionSelectTags/controls/ButtonOK/
 2:00:19 Updating base class ButtonOK->RscButtonMenuCancel, by a3\ui_f\config.bin/RscDisplayPublishMissionSelectTags/controls/ButtonCancel/
 2:00:19 Updating base class ->RscSubmenu, by a3\ui_f\config.bin/RscMainMenu/
 2:00:19 Cannot update non class from class a3\ui_f\config.bin/RscCallSupport/Items/
 2:00:19 Cannot update non class from class a3\ui_f\config.bin/RscRadio/Items/
 2:00:19 Updating base class ->VehicleMagazine, by a3\weapons_f\config.bin/CfgMagazines/24Rnd_missiles/
 2:00:19 Updating base class ->RocketPods, by a3\weapons_f\config.bin/cfgWeapons/missiles_DAR/
 2:00:19 Updating base class ->Default, by a3\weapons_f\config.bin/cfgWeapons/ItemCore/
 2:00:19 Updating base class ->Binocular, by a3\weapons_f\config.bin/cfgWeapons/NVGoggles/
 2:00:19 Updating base class ->Bag_Base, by a3\weapons_f\ammoboxes\config.bin/CfgVehicles/B_Kitbag_Base/
 2:00:19 Updating base class ->B_TacticalPack_Base, by a3\weapons_f\ammoboxes\config.bin/CfgVehicles/B_TacticalPack_oli/
 2:00:19 Updating base class ->B_Bergen_Base, by a3\weapons_f\ammoboxes\config.bin/CfgVehicles/B_Bergen_rgr/
 2:00:19 Updating base class ->InventoryItem_Base_F, by a3\weapons_f\items\config.bin/CfgWeapons/VestItem/
 2:00:19 Updating base class ->arifle_MX_F, by a3\weapons_f\rifles\mx_black\config.bin/CfgWeapons/arifle_MX_Black_F/
 2:00:19 Updating base class ->arifle_MX_GL_F, by a3\weapons_f\rifles\mx_black\config.bin/CfgWeapons/arifle_MX_GL_Black_F/
 2:00:19 Updating base class ->Car_F, by task_force_radio_items\config.cpp/CfgVehicles/MRAP_03_base_F/
 2:00:19 Updating base class ->Truck_F, by task_force_radio_items\config.cpp/CfgVehicles/Truck_02_base_F/
 2:00:19 Updating base class ->Offroad_01_base_F, by task_force_radio_items\config.cpp/CfgVehicles/Offroad_01_armed_base_F/
 2:00:19 Updating base class ->Man, by a3\characters_f\config.bin/CfgVehicles/CAManBase/
 2:00:19 Updating base class Man->Civilian, by a3\characters_f\config.bin/CfgVehicles/Civilian_F/
 2:00:19 Updating base class ->CAManBase, by a3\characters_f\config.bin/CfgVehicles/SoldierWB/
 2:00:19 Updating base class ->B_Soldier_base_F, by a3\characters_f\config.bin/CfgVehicles/B_Soldier_02_f/
 2:00:19 Updating base class ->B_Soldier_base_F, by a3\characters_f\config.bin/CfgVehicles/B_soldier_UAV_F/
 2:00:19 Updating base class ->SoldierGB, by a3\characters_f\config.bin/CfgVehicles/I_Soldier_base_F/
 2:00:19 Updating base class ->I_Soldier_02_F, by a3\characters_f\config.bin/CfgVehicles/I_Soldier_AR_F/
 2:00:19 Updating base class ->I_Soldier_base_F, by a3\characters_f\config.bin/CfgVehicles/I_Soldier_TL_F/
 2:00:19 Updating base class ->I_Soldier_base_F, by a3\characters_f\config.bin/CfgVehicles/I_Soldier_M_F/
 2:00:19 Updating base class ->I_Soldier_base_F, by a3\characters_f\config.bin/CfgVehicles/I_Soldier_AT_F/
 2:00:19 Updating base class ->I_Soldier_02_F, by a3\characters_f\config.bin/CfgVehicles/I_Soldier_AA_F/
 2:00:19 Updating base class ->I_Soldier_02_F, by a3\characters_f\config.bin/CfgVehicles/I_medic_F/
 2:00:19 Updating base class ->I_Soldier_base_F, by a3\characters_f\config.bin/CfgVehicles/I_engineer_F/
 2:00:19 Updating base class ->I_Soldier_base_F, by a3\characters_f\config.bin/CfgVehicles/I_crew_F/
 2:00:19 Updating base class ->I_Soldier_03_F, by a3\characters_f\config.bin/CfgVehicles/I_helipilot_F/
 2:00:19 Updating base class ->I_Soldier_base_F, by a3\characters_f\config.bin/CfgVehicles/I_officer_F/
 2:00:19 Updating base class Man->O_Soldier_base_F, by a3\characters_f\config.bin/CfgVehicles/O_Soldier_F/
 2:00:19 Updating base class ->ItemCore, by a3\characters_f\config.bin/cfgWeapons/Uniform_Base/
 2:00:19 Updating base class ->ItemCore, by a3\characters_f\config.bin/cfgWeapons/Vest_Camo_Base/
 2:00:19 Updating base class ->ItemCore, by a3\characters_f\config.bin/cfgWeapons/Vest_NoCamo_Base/
 2:00:19 Updating base class ->Vest_NoCamo_Base, by a3\characters_f\config.bin/cfgWeapons/V_PlateCarrier1_rgr/
 2:00:19 Updating base class ->Vest_Camo_Base, by a3\characters_f\config.bin/cfgWeapons/V_TacVest_khk/
 2:00:19 Updating base class ->Vest_NoCamo_Base, by a3\characters_f\config.bin/cfgWeapons/V_TacVestIR_blk/
 2:00:19 Updating base class ->Vest_NoCamo_Base, by a3\characters_f\config.bin/cfgWeapons/V_PlateCarrierIA1_dgtl/
 2:00:19 Updating base class ->InventoryItem_Base_F, by a3\characters_f\config.bin/cfgWeapons/HeadgearItem/
 2:00:19 Updating base class ->H_HelmetB, by a3\characters_f\config.bin/cfgWeapons/H_Booniehat_khk/
 2:00:19 Updating base class ItemCore->H_HelmetB_plain_mcamo, by a3\characters_f\config.bin/cfgWeapons/H_HelmetB_plain_blk/
 2:00:19 Updating base class ->H_HelmetB, by a3\characters_f\config.bin/cfgWeapons/H_Cap_red/
 2:00:19 Updating base class ->H_HelmetB, by a3\characters_f\config.bin/cfgWeapons/H_Bandanna_surfer/
 2:00:19 Updating base class ->None, by a3\characters_f\heads\config.bin/CfgGlasses/G_Diving/
 2:00:19 Updating base class ->None, by a3\characters_f\heads\config.bin/CfgGlasses/G_Tactical_Clear/
 2:00:19 Updating base class ->HMG_01_high_base_F, by a3\static_f\config.bin/CfgVehicles/I_HMG_01_high_F/
 2:00:19 Updating base class ->Mortar_01_base_F, by a3\static_f\mortar_01\config.bin/CfgVehicles/I_Mortar_01_F/
 2:00:19 Updating base class ->ItemCore, by a3\weapons_f\acc\config.bin/cfgWeapons/muzzle_snds_H/
 2:00:19 Updating base class ->muzzle_snds_H, by a3\weapons_f\acc\config.bin/cfgWeapons/muzzle_snds_L/
 2:00:19 Updating base class ->muzzle_snds_H, by a3\weapons_f\acc\config.bin/cfgWeapons/muzzle_snds_M/
 2:00:19 Updating base class ->muzzle_snds_H, by a3\weapons_f\acc\config.bin/cfgWeapons/muzzle_snds_B/
 2:00:19 Updating base class ->muzzle_snds_H, by a3\weapons_f\acc\config.bin/cfgWeapons/muzzle_snds_H_MG/
 2:00:19 Updating base class ->ItemCore, by a3\weapons_f\acc\config.bin/cfgWeapons/optic_Arco/
 2:00:19 Updating base class ->ItemCore, by a3\weapons_f\acc\config.bin/cfgWeapons/optic_Hamr/
 2:00:19 Updating base class ->ItemCore, by a3\weapons_f\acc\config.bin/cfgWeapons/optic_Aco/
 2:00:19 Updating base class ->ItemCore, by a3\weapons_f\acc\config.bin/cfgWeapons/optic_ACO_grn/
 2:00:19 Updating base class ->ItemCore, by a3\weapons_f\acc\config.bin/cfgWeapons/optic_Holosight/
 2:00:19 Updating base class ->ItemCore, by a3\weapons_f\acc\config.bin/cfgWeapons/optic_SOS/
 2:00:19 Updating base class ->ItemCore, by a3\weapons_f\acc\config.bin/cfgWeapons/acc_pointer_IR/
 2:00:19 Updating base class ->ItemCore, by a3\weapons_f\acc\config.bin/cfgWeapons/optic_MRCO/
 2:00:19 Updating base class ->ItemCore, by a3\weapons_f\acc\config.bin/cfgWeapons/optic_DMS/
 2:00:19 Updating base class B_Soldier_04_f->B_Soldier_base_F, by FANTASMA_Units\config.cpp/CfgVehicles/B_Helipilot_F/
 2:00:19 Updating base class B_Soldier_05_f->B_Helipilot_F, by FANTASMA_Units\config.cpp/CfgVehicles/B_Pilot_F/
 2:00:19 Updating base class Civilian->Man, by rds_a2port_cman\config.bin/CfgVehicles/Civilian_F/
 2:00:19 Updating base class Man->Civilian, by unlocked_uniforms\config.bin/CfgVehicles/Civilian_F/
 2:00:19 Updating base class ->Helicopter, by a3\air_f\config.bin/CfgVehicles/Helicopter_Base_F/
 2:00:19 Updating base class ->Helicopter_Base_F, by a3\air_f\config.bin/CfgVehicles/Helicopter_Base_H/
 2:00:19 Updating base class ->Heli_Light_01_base_F, by a3\air_f\heli_light_01\config.bin/CfgVehicles/B_Heli_Light_01_F/
 2:00:19 Updating base class ->Heli_Light_02_base_F, by a3\air_f\heli_light_02\config.bin/CfgVehicles/O_Heli_Light_02_F/
 2:00:19 Updating base class ->Heli_Light_02_base_F, by a3\air_f\heli_light_02\config.bin/CfgVehicles/O_Heli_Light_02_unarmed_F/
 2:00:19 Updating base class ->Heli_Attack_01_base_F, by a3\air_f_beta\heli_attack_01\config.bin/CfgVehicles/B_Heli_Attack_01_F/
 2:00:19 Updating base class ->Heli_Transport_01_base_F, by a3\air_f_beta\heli_transport_01\config.bin/CfgVehicles/B_Heli_Transport_01_F/
 2:00:19 Updating base class ->Heli_Transport_02_base_F, by a3\air_f_beta\heli_transport_02\config.bin/CfgVehicles/I_Heli_Transport_02_F/
 2:00:19 Updating base class ->I_Heli_light_03_unarmed_base_F, by a3\air_f_epb\heli_light_03\config.bin/CfgVehicles/I_Heli_light_03_unarmed_F/
 2:00:19 Updating base class ->Car, by a3\armor_f_beta\config.bin/CfgVehicles/Car_F/
 2:00:19 Updating base class ->B_APC_Tracked_01_base_F, by a3\armor_f_beta\apc_tracked_01\config.bin/CfgVehicles/B_APC_Tracked_01_rcws_F/
 2:00:19 Updating base class ->B_APC_Tracked_01_base_F, by a3\armor_f_beta\apc_tracked_01\config.bin/CfgVehicles/B_APC_Tracked_01_CRV_F/
 2:00:19 Updating base class ->O_APC_Tracked_02_base_F, by a3\armor_f_beta\apc_tracked_02\config.bin/CfgVehicles/O_APC_Tracked_02_cannon_F/
 2:00:19 Updating base class Optics_Commander_02->Optics_Armored, by a3\armor_f_epb\apc_tracked_03\config.bin/Optics_Commander_03/
 2:00:19 Updating base class ->I_MBT_03_base_F, by a3\armor_f_epb\mbt_03\config.bin/CfgVehicles/I_MBT_03_cannon_F/
 2:00:19 Updating base class ->B_MBT_01_base_F, by a3\armor_f_gamma\mbt_01\config.bin/CfgVehicles/B_MBT_01_cannon_F/
 2:00:19 Updating base class ->Ship_F, by a3\boat_f\config.bin/CfgVehicles/Boat_F/
 2:00:19 Updating base class ->Boat_Armed_01_minigun_base_F, by a3\boat_f_beta\boat_armed_01\config.bin/CfgVehicles/I_Boat_Armed_01_minigun_F/
 2:00:19 Updating base class ->Ship_F, by a3\boat_f_gamma\boat_civil_01\config.bin/CfgVehicles/Boat_Civil_01_base_F/
 2:00:19 Updating base class ->Boat_Civil_01_base_F, by a3\boat_f_gamma\boat_civil_01\config.bin/CfgVehicles/C_Boat_Civil_01_F/
 2:00:19 Updating base class ->B_Helipilot_F, by a3\characters_f\common\config.bin/CfgVehicles/B_UAV_AI/
 2:00:20 Updating base class ->Car_F, by a3\soft_f\config.bin/CfgVehicles/Truck_F/
 2:00:20 Updating base class ->MRAP_01_base_F, by a3\soft_f\mrap_01\config.bin/CfgVehicles/MRAP_01_gmg_base_F/
 2:00:20 Updating base class ->MRAP_01_gmg_base_F, by a3\soft_f\mrap_01\config.bin/CfgVehicles/MRAP_01_hmg_base_F/
 2:00:20 Updating base class ->MRAP_01_base_F, by a3\soft_f\mrap_01\config.bin/CfgVehicles/B_MRAP_01_F/
 2:00:20 Updating base class ->Car_F, by a3\soft_f\offroad_01\config.bin/CfgVehicles/Offroad_01_base_F/
 2:00:20 Updating base class ->MRAP_03_base_F, by a3\soft_f_beta\mrap_03\config.bin/CfgVehicles/MRAP_03_hmg_base_F/
 2:00:20 Updating base class ->MRAP_03_hmg_base_F, by a3\soft_f_beta\mrap_03\config.bin/CfgVehicles/MRAP_03_gmg_base_F/
 2:00:20 Updating base class ->Truck_02_base_F, by a3\soft_f_beta\truck_02\config.bin/CfgVehicles/I_Truck_02_transport_F/
 2:00:20 Updating base class ->Car_F, by a3\soft_f_gamma\hatchback_01\config.bin/CfgVehicles/Hatchback_01_base_F/
 2:00:20 Updating base class ->Truck_02_base_F, by a3\soft_f_gamma\truck_02\config.bin/CfgVehicles/I_Truck_02_ammo_F/
 2:00:20 Updating base class ->Truck_02_base_F, by a3\soft_f_gamma\truck_02\config.bin/CfgVehicles/I_Truck_02_box_F/
 2:00:20 Updating base class ->I_Truck_02_box_F, by a3\soft_f_gamma\truck_02\config.bin/CfgVehicles/I_Truck_02_medical_F/
 2:00:20 Updating base class ->Truck_02_base_F, by a3\soft_f_gamma\truck_02\config.bin/CfgVehicles/I_Truck_02_fuel_F/
 2:00:20 Updating base class ->AA_01_base_F, by a3\static_f\aa_01\config.bin/CfgVehicles/I_static_AA_F/
 2:00:20 Updating base class ->AT_01_base_F, by a3\static_f\at_01\config.bin/CfgVehicles/I_static_AT_F/
 2:00:20 Updating base class Car_F->LandRover_Base_FFV_F, by pansy\LandRover\config.bin/CfgVehicles/BAF_Offroad_D/
 2:00:20 Cannot delete class Eventhandlers, it is referenced somewhere (used as a base class probably).
 2:00:20 Cannot delete class Eventhandlers, it is referenced somewhere (used as a base class probably).
 2:00:20 Cannot delete class Eventhandlers, it is referenced somewhere (used as a base class probably).
 2:00:20 Cannot delete class EventHandlers, it is referenced somewhere (used as a base class probably).
 2:00:20 Cannot delete class EventHandlers, it is referenced somewhere (used as a base class probably).
 2:00:20 Cannot delete class Eventhandlers, it is referenced somewhere (used as a base class probably).
 2:00:20 Cannot delete class EventHandlers, it is referenced somewhere (used as a base class probably).
 2:00:20 Cannot delete class EventHandlers, it is referenced somewhere (used as a base class probably).
 2:00:20 Cannot delete class EventHandlers, it is referenced somewhere (used as a base class probably).
 2:00:20 Cannot delete class EventHandlers, it is referenced somewhere (used as a base class probably).
 2:00:20 Updating base class ->UserActions, by a3\air_f_heli\heli_transport_02\config.bin/CfgVehicles/Heli_Transport_02_base_F/UserActions/
 2:00:20 Updating base class ->B_APC_Wheeled_01_base_F, by a3\armor_f_beta\apc_wheeled_01\config.bin/CfgVehicles/B_APC_Wheeled_01_cannon_F/
 2:00:20 Updating base class ->UGV_01_base_F, by a3\drones_f\soft_f_gamma\ugv_01\config.bin/CfgVehicles/I_UGV_01_F/
 2:00:20 Updating base class ->UGV_01_rcws_base_F, by a3\drones_f\soft_f_gamma\ugv_01\config.bin/CfgVehicles/I_UGV_01_rcws_F/
 2:00:20 ragdollHitDmgLimit (0.000000) is lower than minimum (0.010000) and it was set to min.
 2:00:20 Initializing Steam Manager
 2:00:20 ManagerConfig()
 2:00:20 Steam Manager initialized.
 2:00:20 
 2:00:20 ==== Loaded addons ====
 2:00:20 
 2:00:20 dta\bin.pbo - unknown
 2:00:20 dta\core.pbo - 72362
 2:00:20 dta\languagecore_f.pbo - 76057
 2:00:20 C:\Games\ArmA3\A3Master\@altisrpfr\addons\altisrpfr.pbo - unknown
 2:00:20 C:\Games\ArmA3\A3Master\@altisrpfr\addons\bwi_a3_t6.pbo - unknown
 2:00:20 C:\Games\ArmA3\A3Master\@altisrpfr\addons\caf_ag_equip.pbo - unknown
 2:00:20 C:\Games\ArmA3\A3Master\@altisrpfr\addons\caf_ag_equip_c.pbo - unknown
 2:00:20 C:\Games\ArmA3\A3Master\@altisrpfr\addons\caf_ag_equip_t.pbo - unknown
 2:00:20 C:\Games\ArmA3\A3Master\@altisrpfr\addons\caf_ag_factions.pbo - unknown
 2:00:20 C:\Games\ArmA3\A3Master\@altisrpfr\addons\cba_ai.pbo - 004
 2:00:20 C:\Games\ArmA3\A3Master\@altisrpfr\addons\cba_arrays.pbo - 003
 2:00:20 C:\Games\ArmA3\A3Master\@altisrpfr\addons\cba_common.pbo - 014
 2:00:20 C:\Games\ArmA3\A3Master\@altisrpfr\addons\cba_diagnostic.pbo - 004
 2:00:20 C:\Games\ArmA3\A3Master\@altisrpfr\addons\cba_events.pbo - 003
 2:00:20 C:\Games\ArmA3\A3Master\@altisrpfr\addons\cba_extended_eventhandlers.pbo - 002
 2:00:20 C:\Games\ArmA3\A3Master\@altisrpfr\addons\cba_hashes.pbo - 004
 2:00:20 C:\Games\ArmA3\A3Master\@altisrpfr\addons\cba_help.pbo - 004
 2:00:20 C:\Games\ArmA3\A3Master\@altisrpfr\addons\cba_keybinding.pbo - 007
 2:00:20 C:\Games\ArmA3\A3Master\@altisrpfr\addons\cba_main.pbo - 012
 2:00:20 C:\Games\ArmA3\A3Master\@altisrpfr\addons\cba_main_a3.pbo - 002
 2:00:20 C:\Games\ArmA3\A3Master\@altisrpfr\addons\cba_network.pbo - 012
 2:00:20 C:\Games\ArmA3\A3Master\@altisrpfr\addons\cba_strings.pbo - 002
 2:00:20 C:\Games\ArmA3\A3Master\@altisrpfr\addons\cba_ui.pbo - 017
 2:00:20 C:\Games\ArmA3\A3Master\@altisrpfr\addons\cba_ui_helper.pbo - 002
 2:00:20 C:\Games\ArmA3\A3Master\@altisrpfr\addons\cba_vectors.pbo - 002
 2:00:20 C:\Games\ArmA3\A3Master\@altisrpfr\addons\cba_versioning.pbo - 002
 2:00:20 C:\Games\ArmA3\A3Master\@altisrpfr\addons\cba_xeh.pbo - 011
 2:00:20 C:\Games\ArmA3\A3Master\@altisrpfr\addons\cba_xeh_a3.pbo - 007
 2:00:20 C:\Games\ArmA3\A3Master\@altisrpfr\addons\fantasma_units.pbo - unknown
 2:00:20 C:\Games\ArmA3\A3Master\@altisrpfr\addons\fr_items.pbo - unknown
 2:00:20 C:\Games\ArmA3\A3Master\@altisrpfr\addons\gnt_c185.pbo - unknown
 2:00:20 C:\Games\ArmA3\A3Master\@altisrpfr\addons\hk430&m4benelli.pbo - unknown
 2:00:20 C:\Games\ArmA3\A3Master\@altisrpfr\addons\hk430&m4benelli_noaddons.pbo - unknown
 2:00:20 C:\Games\ArmA3\A3Master\@altisrpfr\addons\ira_pack.pbo - unknown
 2:00:20 C:\Games\ArmA3\A3Master\@altisrpfr\addons\landrover.pbo - unknown
 2:00:20 C:\Games\ArmA3\A3Master\@altisrpfr\addons\mas_nw_rifle.pbo - unknown
 2:00:20 C:\Games\ArmA3\A3Master\@altisrpfr\addons\mas_ru_rifle.pbo - unknown
 2:00:20 C:\Games\ArmA3\A3Master\@altisrpfr\addons\mas_us_rifle.pbo - unknown
 2:00:20 C:\Games\ArmA3\A3Master\@altisrpfr\addons\mas_us_rifle_c.pbo - unknown
 2:00:20 C:\Games\ArmA3\A3Master\@altisrpfr\addons\pg_services_pmc.pbo - unknown
 2:00:20 C:\Games\ArmA3\A3Master\@altisrpfr\addons\pg_services_pmc_config.pbo - unknown
 2:00:20 C:\Games\ArmA3\A3Master\@altisrpfr\addons\plp_truckcolors.pbo - unknown
 2:00:20 C:\Games\ArmA3\A3Master\@altisrpfr\addons\rav_lifter_a3.pbo - unknown
 2:00:20 C:\Games\ArmA3\A3Master\@altisrpfr\addons\rds_a2port_civ.pbo - unknown
 2:00:20 C:\Games\ArmA3\A3Master\@altisrpfr\addons\rds_a2port_civ_c.pbo - unknown
 2:00:20 C:\Games\ArmA3\A3Master\@altisrpfr\addons\rds_a2port_cman.pbo - unknown
 2:00:20 C:\Games\ArmA3\A3Master\@altisrpfr\addons\sab_un2030.pbo - unknown
 2:00:20 C:\Games\ArmA3\A3Master\@altisrpfr\addons\sakuweaponshake.pbo - unknown
 2:00:20 C:\Games\ArmA3\A3Master\@altisrpfr\addons\st_stamina_bar.pbo - unknown
 2:00:20 C:\Games\ArmA3\A3Master\@altisrpfr\addons\task_force_radio.pbo - unknown
 2:00:20 C:\Games\ArmA3\A3Master\@altisrpfr\addons\task_force_radio_items.pbo - unknown
 2:00:20 C:\Games\ArmA3\A3Master\@altisrpfr\addons\unlocked_uniforms.pbo - unknown
 2:00:20 C:\Games\ArmA3\A3Master\@altisrpfr\addons\uvf_pack.pbo - unknown
 2:00:20 C:\Games\ArmA3\A3Master\@life_server\addons\life_server.pbo - unknown
 2:00:20 C:\Games\ArmA3\A3Master\heli\addons\air_f_heli.ebo - 76060
 2:00:20 C:\Games\ArmA3\A3Master\heli\addons\anims_f_heli.ebo - 72362
 2:00:20 C:\Games\ArmA3\A3Master\heli\addons\boat_f_heli.ebo - 74189
 2:00:20 C:\Games\ArmA3\A3Master\heli\addons\cargoposes_f_heli.ebo - 76039
 2:00:20 C:\Games\ArmA3\A3Master\heli\addons\data_f_heli.ebo - 76047
 2:00:20 C:\Games\ArmA3\A3Master\heli\addons\dubbing_f_heli.ebo - 75138
 2:00:20 C:\Games\ArmA3\A3Master\heli\addons\functions_f_heli.ebo - 75918
 2:00:20 C:\Games\ArmA3\A3Master\heli\addons\languagemissions_f_heli.ebo - 76057
 2:00:20 C:\Games\ArmA3\A3Master\heli\addons\language_f_heli.ebo - 76057
 2:00:20 C:\Games\ArmA3\A3Master\heli\addons\missions_f_heli.ebo - 76039
 2:00:20 C:\Games\ArmA3\A3Master\heli\addons\missions_f_heli_data.ebo - 75977
 2:00:20 C:\Games\ArmA3\A3Master\heli\addons\missions_f_heli_video.ebo - 75065
 2:00:20 C:\Games\ArmA3\A3Master\heli\addons\modules_f_heli.ebo - 76039
 2:00:20 C:\Games\ArmA3\A3Master\heli\addons\music_f_heli.ebo - 76012
 2:00:20 C:\Games\ArmA3\A3Master\heli\addons\music_f_heli_music.ebo - 76012
 2:00:20 C:\Games\ArmA3\A3Master\heli\addons\soft_f_heli.ebo - 74189
 2:00:20 C:\Games\ArmA3\A3Master\heli\addons\sounds_f_heli.ebo - 75591
 2:00:20 C:\Games\ArmA3\A3Master\heli\addons\structures_f_heli.ebo - 75566
 2:00:20 C:\Games\ArmA3\A3Master\heli\addons\supplies_f_heli.ebo - 75687
 2:00:20 C:\Games\ArmA3\A3Master\heli\addons\ui_f_heli.ebo - 76012
 2:00:20 C:\Games\ArmA3\A3Master\kart\addons\anims_f_kart.pbo - 72362
 2:00:20 C:\Games\ArmA3\A3Master\kart\addons\characters_f_kart.pbo - 73106
 2:00:20 C:\Games\ArmA3\A3Master\kart\addons\data_f_kart.pbo - 75977
 2:00:20 C:\Games\ArmA3\A3Master\kart\addons\languagemissions_f_kart.pbo - 73106
 2:00:20 C:\Games\ArmA3\A3Master\kart\addons\language_f_kart.pbo - 76053
 2:00:20 C:\Games\ArmA3\A3Master\kart\addons\missions_f_kart.pbo - 75687
 2:00:20 C:\Games\ArmA3\A3Master\kart\addons\missions_f_kart_data.pbo - 75687
 2:00:20 C:\Games\ArmA3\A3Master\kart\addons\modules_f_kart.pbo - 76023
 2:00:20 C:\Games\ArmA3\A3Master\kart\addons\modules_f_kart_data.pbo - 74588
 2:00:20 C:\Games\ArmA3\A3Master\kart\addons\soft_f_kart.pbo - 74928
 2:00:20 C:\Games\ArmA3\A3Master\kart\addons\sounds_f_kart.pbo - 73106
 2:00:20 C:\Games\ArmA3\A3Master\kart\addons\structures_f_kart.pbo - 74572
 2:00:20 C:\Games\ArmA3\A3Master\kart\addons\ui_f_kart.pbo - 73106
 2:00:20 C:\Games\ArmA3\A3Master\kart\addons\weapons_f_kart.pbo - 76039
 2:00:20 C:\Games\ArmA3\A3Master\curator\addons\data_f_curator.pbo - 74685
 2:00:20 C:\Games\ArmA3\A3Master\curator\addons\functions_f_curator.pbo - 75024
 2:00:20 C:\Games\ArmA3\A3Master\curator\addons\language_f_curator.pbo - 73106
 2:00:20 C:\Games\ArmA3\A3Master\curator\addons\missions_f_curator.pbo - 75167
 2:00:20 C:\Games\ArmA3\A3Master\curator\addons\modules_f_curator.pbo - 75024
 2:00:20 C:\Games\ArmA3\A3Master\curator\addons\ui_f_curator.pbo - 75024
 2:00:20 addons\a3.pbo - unknown
 2:00:20 addons\air_f.pbo - 75994
 2:00:20 addons\air_f_beta.pbo - 76060
 2:00:20 addons\air_f_epb.pbo - 76010
 2:00:20 addons\air_f_epc.pbo - 75399
 2:00:20 addons\air_f_gamma.pbo - 75399
 2:00:20 addons\air_f_rtd.pbo - 75688
 2:00:20 addons\animals_f.pbo - 72362
 2:00:20 addons\animals_f_beta.pbo - 72362
 2:00:20 addons\anims_f.pbo - 75912
 2:00:20 addons\anims_f_bootcamp.pbo - 72362
 2:00:20 addons\anims_f_data.pbo - 72362
 2:00:20 addons\anims_f_epa.pbo - 72362
 2:00:20 addons\anims_f_epc.pbo - 72362
 2:00:20 addons\armor_f.pbo - 72362
 2:00:20 addons\armor_f_beta.pbo - 75311
 2:00:20 addons\armor_f_epb.pbo - 75319
 2:00:20 addons\armor_f_epc.pbo - 74356
 2:00:20 addons\armor_f_gamma.pbo - 75311
 2:00:20 addons\asm.pbo - unknown
 2:00:20 addons\baseconfig_f.pbo - 73106
 2:00:20 addons\boat_f.pbo - 75400
 2:00:20 addons\boat_f_beta.pbo - 74356
 2:00:20 addons\boat_f_epc.pbo - 74356
 2:00:20 addons\boat_f_gamma.pbo - 74356
 2:00:20 addons\cargoposes_f.pbo - 75766
 2:00:20 addons\characters_f.pbo - 76014
 2:00:20 addons\characters_f_beta.pbo - 74412
 2:00:20 addons\characters_f_bootcamp.pbo - 73106
 2:00:20 addons\characters_f_epa.pbo - 75270
 2:00:20 addons\characters_f_epb.pbo - 73106
 2:00:20 addons\characters_f_epc.pbo - 73106
 2:00:20 addons\characters_f_gamma.pbo - 73106
 2:00:20 addons\data_f.pbo - 75912
 2:00:20 addons\data_f_bootcamp.pbo - 74893
 2:00:20 addons\drones_f.pbo - 75566
 2:00:20 addons\dubbing_f.pbo - 73106
 2:00:20 addons\dubbing_f_beta.pbo - 73106
 2:00:20 addons\dubbing_f_bootcamp.pbo - 73106
 2:00:20 addons\dubbing_f_epa.pbo - 73106
 2:00:20 addons\dubbing_f_epb.pbo - 73106
 2:00:20 addons\dubbing_f_epc.pbo - 73106
 2:00:20 addons\dubbing_f_gamma.pbo - 73106
 2:00:20 addons\dubbing_radio_f.pbo - 74779
 2:00:20 addons\dubbing_radio_f_data.pbo - 74858
 2:00:20 addons\editor_f.pbo - 74164
 2:00:20 addons\functions_f.pbo - 76042
 2:00:20 addons\functions_f_bootcamp.pbo - 75242
 2:00:20 addons\functions_f_epa.pbo - 73434
 2:00:20 addons\functions_f_epc.pbo - 73106
 2:00:20 addons\languagemissions_f.pbo - 75912
 2:00:20 addons\languagemissions_f_beta.pbo - 73106
 2:00:20 addons\languagemissions_f_bootcamp.pbo - 73776
 2:00:20 addons\languagemissions_f_epa.pbo - 75086
 2:00:20 addons\languagemissions_f_epb.pbo - 73841
 2:00:20 addons\languagemissions_f_epc.pbo - 75863
 2:00:20 addons\languagemissions_f_gamma.pbo - 73106
 2:00:20 addons\language_f.pbo - 75994
 2:00:20 addons\language_f_beta.pbo - 74145
 2:00:20 addons\language_f_bootcamp.pbo - 75106
 2:00:20 addons\language_f_epa.pbo - 73106
 2:00:20 addons\language_f_epb.pbo - 73106
 2:00:20 addons\language_f_epc.pbo - 75722
 2:00:20 addons\language_f_gamma.pbo - 73106
 2:00:20 addons\map_altis.pbo - 73767
 2:00:20 addons\map_altis_data.pbo - 73106
 2:00:20 addons\map_altis_data_layers.pbo - 73106
 2:00:20 addons\map_altis_data_layers_00_00.pbo - 73106
 2:00:20 addons\map_altis_data_layers_00_01.pbo - 73106
 2:00:20 addons\map_altis_data_layers_01_00.pbo - 73106
 2:00:20 addons\map_altis_data_layers_01_01.pbo - 73106
 2:00:20 addons\map_altis_scenes_f.pbo - 73106
 2:00:20 addons\map_data.pbo - 73001
 2:00:20 addons\map_stratis.pbo - 72244
 2:00:20 addons\map_stratis_data.pbo - 73106
 2:00:20 addons\map_stratis_data_layers.pbo - 73106
 2:00:20 addons\map_stratis_scenes_f.pbo - 73106
 2:00:20 addons\map_vr.pbo - 73106
 2:00:20 addons\map_vr_scenes_f.pbo - 73106
 2:00:20 addons\misc_f.pbo - 74445
 2:00:20 addons\missions_f.pbo - 74929
 2:00:20 addons\missions_f_beta.pbo - 75566
 2:00:20 addons\missions_f_beta_data.pbo - 75473
 2:00:20 addons\missions_f_beta_video.pbo - 73106
 2:00:20 addons\missions_f_bootcamp.pbo - 75768
 2:00:20 addons\missions_f_bootcamp_data.pbo - 72362
 2:00:20 addons\missions_f_bootcamp_video.pbo - 75065
 2:00:20 addons\missions_f_data.pbo - 73106
 2:00:20 addons\missions_f_epa.pbo - 75928
 2:00:20 addons\missions_f_epa_data.pbo - 73106
 2:00:20 addons\missions_f_epa_video.pbo - 73106
 2:00:20 addons\missions_f_epb.pbo - 75913
 2:00:20 addons\missions_f_epb_data.pbo - 73106
 2:00:20 addons\missions_f_epb_video.pbo - 73106
 2:00:20 addons\missions_f_epc.pbo - 75913
 2:00:20 addons\missions_f_epc_data.pbo - 73106
 2:00:20 addons\missions_f_epc_video.pbo - 73106
 2:00:20 addons\missions_f_gamma.pbo - 76039
 2:00:20 addons\missions_f_gamma_data.pbo - 73106
 2:00:20 addons\missions_f_gamma_video.pbo - 73106
 2:00:20 addons\missions_f_video.pbo - 73106
 2:00:20 addons\modules_f.pbo - 75373
 2:00:20 addons\modules_f_beta.pbo - 73635
 2:00:20 addons\modules_f_beta_data.pbo - 73635
 2:00:20 addons\modules_f_bootcamp.pbo - 73106
 2:00:20 addons\modules_f_data.pbo - 73106
 2:00:20 addons\modules_f_epb.pbo - 73106
 2:00:20 addons\music_f.pbo - 73106
 2:00:20 addons\music_f_bootcamp.pbo - 73106
 2:00:20 addons\music_f_bootcamp_music.pbo - 73106
 2:00:20 addons\music_f_epa.pbo - 73106
 2:00:20 addons\music_f_epa_music.pbo - 73106
 2:00:20 addons\music_f_epb.pbo - 73106
 2:00:20 addons\music_f_epb_music.pbo - 73106
 2:00:20 addons\music_f_epc.pbo - 73106
 2:00:20 addons\music_f_epc_music.pbo - 73106
 2:00:20 addons\music_f_music.pbo - 73106
 2:00:20 addons\plants_f.pbo - 73106
 2:00:20 addons\roads_f.pbo - 73001
 2:00:20 addons\rocks_f.pbo - 73767
 2:00:20 addons\signs_f.pbo - 72273
 2:00:20 addons\soft_f.pbo - 76010
 2:00:20 addons\soft_f_beta.pbo - 76010
 2:00:20 addons\soft_f_bootcamp.pbo - 74362
 2:00:20 addons\soft_f_epc.pbo - 76010
 2:00:20 addons\soft_f_gamma.pbo - 76010
 2:00:20 addons\sounds_f.pbo - 75994
 2:00:20 addons\sounds_f_bootcamp.pbo - 73106
 2:00:20 addons\sounds_f_epb.pbo - 73106
 2:00:20 addons\sounds_f_epc.pbo - 73106
 2:00:20 addons\sounds_f_vehicles.pbo - 75994
 2:00:20 addons\sounds_f_weapons.pbo - 74194
 2:00:20 addons\static_f.pbo - 75918
 2:00:20 addons\static_f_beta.pbo - 73106
 2:00:20 addons\static_f_gamma.pbo - 73106
 2:00:20 addons\structures_f.pbo - 75500
 2:00:20 addons\structures_f_bootcamp.pbo - 73467
 2:00:20 addons\structures_f_data.pbo - 75500
 2:00:20 addons\structures_f_epa.pbo - 73106
 2:00:20 addons\structures_f_epb.pbo - 73106
 2:00:20 addons\structures_f_epc.pbo - 75500
 2:00:20 addons\structures_f_households.pbo - 75500
 2:00:20 addons\structures_f_ind.pbo - 75500
 2:00:20 addons\structures_f_mil.pbo - 75500
 2:00:20 addons\structures_f_wrecks.pbo - 75500
 2:00:20 addons\uifonts_f.pbo - 73106
 2:00:20 addons\uifonts_f_data.pbo - 73106
 2:00:20 addons\ui_f.pbo - 76048
 2:00:20 addons\ui_f_bootcamp.pbo - 73106
 2:00:20 addons\ui_f_data.pbo - 75977
 2:00:20 addons\weapons_f.pbo - 75746
 2:00:20 addons\weapons_f_beta.pbo - 72309
 2:00:20 addons\weapons_f_bootcamp.pbo - 73106
 2:00:20 addons\weapons_f_epa.pbo - 73106
 2:00:20 addons\weapons_f_epb.pbo - 73106
 2:00:20 addons\weapons_f_epc.pbo - 73106
 2:00:20 addons\weapons_f_gamma.pbo - 73106
 2:00:20 
 2:00:20 =======================
 2:00:20 
 2:00:20 InitSound ...
 2:00:20 InitSound - complete
 2:00:20 PhysX3 SDK Init started ...
 2:00:20 PhysX3 SDK Init ended.
 2:00:26 Initializing Steam server - Game Port: 2302, Steam Query Port: 2303
 2:00:27 Connected to Steam servers
 2:14:22 Item STR_Global_Close listed twice
 2:14:22 Unsupported language English in stringtable
 2:14:22 Item STR_Global_Close listed twice
 2:14:22 Unsupported language English in stringtable
 2:14:24 Server error: Player without identity Gauthier Jean (id 409935184)
 2:14:24 Server error: Player without identity Gauthier Jean (id 409935184)
 2:14:24 Server error: Player without identity Gauthier Jean (id 409935184)
 2:14:24 Server error: Player without identity Gauthier Jean (id 409935184)
 2:14:24 Server error: Player without identity Gauthier Jean (id 409935184)
 2:14:24 Server error: Player without identity Gauthier Jean (id 409935184)
 2:14:24 Server error: Player without identity Gauthier Jean (id 409935184)
 2:14:24 Server error: Player without identity Gauthier Jean (id 409935184)
 2:14:24 Server error: Player without identity Gauthier Jean (id 409935184)
 2:14:24 Server error: Player without identity Gauthier Jean (id 409935184)
 2:14:24 Server error: Player without identity Gauthier Jean (id 409935184)
 2:14:24 Server error: Player without identity Gauthier Jean (id 409935184)
 2:14:24 Server error: Player without identity Gauthier Jean (id 409935184)
 2:14:24 Server error: Player without identity Gauthier Jean (id 409935184)
 2:14:24 Server error: Player without identity Gauthier Jean (id 409935184)
 2:14:24 Server error: Player without identity Gauthier Jean (id 409935184)
 2:14:24 Server error: Player without identity Gauthier Jean (id 409935184)
 2:14:24 Server error: Player without identity Gauthier Jean (id 409935184)
 2:14:24 Server error: Player without identity Gauthier Jean (id 409935184)
 2:14:24 Server error: Player without identity Gauthier Jean (id 409935184)
 2:14:24 Server error: Player without identity Gauthier Jean (id 409935184)
 2:14:45 Starting mission:
 2:14:45  Mission file: altisfrrp (__cur_mp)
 2:14:45  Mission world: altis
 2:14:45  Mission directory: mpmissions\__cur_mp.altis\
 2:14:50 Strange convex component08 in a3\structures_f_epb\civ\garbage\garbagecontainer_closed_f.p3d:geometryView
 2:14:50 Strange convex component10 in a3\structures_f_epb\civ\garbage\garbagecontainer_closed_f.p3d:geometryView
 2:14:51 Strange convex component145 in a3\plants_f\tree\t_pinuss2s_b_f.p3d:geometryView
 2:14:51 Strange convex component149 in a3\plants_f\tree\t_pinuss2s_b_f.p3d:geometryView
 2:14:51 Strange convex component01 in a3\structures_f_epc\civ\accessories\beachbooth_01_f.p3d:geometryView
 2:14:51 Strange convex component02 in a3\structures_f_epc\civ\accessories\beachbooth_01_f.p3d:geometryView
 2:14:51 Strange convex component03 in a3\structures_f_epc\civ\accessories\beachbooth_01_f.p3d:geometryView
 2:14:51 Strange convex component04 in a3\structures_f_epc\civ\accessories\beachbooth_01_f.p3d:geometryView
 2:14:54 Attempt to override final function - bis_functions_list
 2:14:54 Attempt to override final function - bis_functions_listpreinit
 2:14:54 Attempt to override final function - bis_functions_listpostinit
 2:14:54 Attempt to override final function - bis_functions_listrecompile
 2:14:54 [57790,879.555,0,"XEH: PreInit Started. v1.0.9.140907. MISSINIT: missionName=altisfrrp, worldName=altis, isMultiplayer=true, isServer=true, isDedicated=true"]
 2:14:54 [57790,879.681,0,"XEH: PreInit Finished. CACHE DISABLED? (Disable caching with cba_cache_disable.pbo): SLX_XEH_RECOMPILE=false, CBA_COMPILE_RECOMPILE=false, CBA_FUNC_RECOMPILE=false"]
 2:14:54 Attempt to override final function - bis_fnc_missiontaskslocal
 2:14:54 Attempt to override final function - bis_fnc_missionconversationslocal
 2:14:54 Attempt to override final function - bis_fnc_missionflow
 2:14:54 No owner
 2:14:55 Warning: looped for animation: a3\anims_f\data\anim\sdr\idl\knl\stp\low\rfl\aidlpknlmstpslowwrfldnon_g01.rtm differs (looped now 1)! MoveName: aidlpknlmstpsraswrfldnon_g01
 2:14:55 Warning: looped for animation: a3\anims_f\data\anim\sdr\idl\knl\stp\low\rfl\aidlpknlmstpslowwrfldnon_g02.rtm differs (looped now 1)! MoveName: aidlpknlmstpsraswrfldnon_g02
 2:14:58 No default vars in bin\config.bin/CfgMovesMaleSdr/States/Acts_UnconsciousStandUp_part1.variantsPlayer
 2:14:58 No default vars in bin\config.bin/CfgMovesMaleSdr/States/Acts_UnconsciousStandUp_part2.variantsPlayer
 2:14:58 Animation a3\cargoposes_f\anim\kia_driver_truck_03.rtm not found or empty
 2:14:58 Animation a3\cargoposes_f_heli\anim\passenger_inside_4aim.rtm not found or empty
 2:14:58 Animation a3\cargoposes_f_heli\anim\passenger_inside_4aim1.rtm not found or empty
 2:14:58 Animation a3\cargoposes_f_heli\anim\passenger_inside_4idle.rtm not found or empty
 2:14:58 Animation a3\cargoposes_f_heli\anim\passenger_inside_4idle1.rtm not found or empty
 2:14:58 Animation a3\cargoposes_f_heli\anim\passenger_inside_4aimpistol.rtm not found or empty
 2:14:58 Animation a3\cargoposes_f_heli\anim\passenger_inside_4aimpistol1.rtm not found or empty
 2:14:58 Animation a3\cargoposes_f_heli\anim\passenger_inside_4idlepistol.rtm not found or empty
 2:14:58 Animation a3\cargoposes_f_heli\anim\passenger_inside_4idlepistol1.rtm not found or empty
 2:14:58 Animation a3\cargoposes_f_heli\anim\passenger_inside_4aimtopistol.rtm not found or empty
 2:14:58 Animation a3\cargoposes_f_heli\anim\passenger_inside_4aimtopistol_end.rtm not found or empty
 2:14:58 Animation a3\cargoposes_f_heli\anim\passenger_inside_4aimfrompistol.rtm not found or empty
 2:14:58 Animation a3\cargoposes_f_heli\anim\passenger_inside_4aimfrompistol_end.rtm not found or empty
 2:14:58 Animation a3\cargoposes_f_heli\anim\passenger_inside_4aim_binoc.rtm not found or empty
 2:14:58 Animation a3\cargoposes_f_heli\anim\passenger_inside_4aimpistol_binoc.rtm not found or empty
 2:14:58 Animation a3\cargoposes_f_heli\anim\passenger_inside_4aim_tobinoc.rtm not found or empty
 2:14:58 Animation a3\cargoposes_f_heli\anim\passenger_inside_4aim_tobinoc_end.rtm not found or empty
 2:14:58 Animation a3\cargoposes_f_heli\anim\passenger_inside_4aim_frombinoc.rtm not found or empty
 2:14:58 Animation a3\cargoposes_f_heli\anim\passenger_inside_4aim_frombinoc_end.rtm not found or empty
 2:14:58 Animation a3\cargoposes_f_heli\anim\passenger_inside_4aimpistol_tobinoc.rtm not found or empty
 2:14:58 Animation a3\cargoposes_f_heli\anim\passenger_inside_4aimpistol_tobinoc_end.rtm not found or empty
 2:14:58 Animation a3\cargoposes_f_heli\anim\passenger_inside_4aimpistol_frombinoc.rtm not found or empty
 2:14:58 Animation a3\cargoposes_f_heli\anim\passenger_inside_4aimpistol_frombinoc_end.rtm not found or empty
 2:14:58 Animation a3\cargoposes_f_heli\anim\passenger_inside_4idleunarmed.rtm not found or empty
 2:14:58 Animation a3\cargoposes_f_heli\anim\passenger_inside_4idleunarmed1.rtm not found or empty
 2:14:58 Animation a3\cargoposes_f_heli\anim\passenger_inside_4aimunarmed_binoc.rtm not found or empty
 2:14:58 Animation a3\cargoposes_f_heli\anim\passenger_inside_4aimunarmed_tobinoc.rtm not found or empty
 2:14:58 Animation a3\cargoposes_f_heli\anim\passenger_inside_4aimunarmed_tobinoc_end.rtm not found or empty
 2:14:58 Animation a3\cargoposes_f_heli\anim\passenger_inside_4aimunarmed_frombinoc.rtm not found or empty
 2:14:58 Animation a3\cargoposes_f_heli\anim\passenger_inside_4aimunarmed_frombinoc_end.rtm not found or empty
 2:14:58 Animation a3\cargoposes_f_heli\anim\passenger_inside_4die.rtm not found or empty
 2:14:58 Animation a3\cargoposes_f_heli\anim\passenger_inside_4diepistol.rtm not found or empty
 2:14:59 Error: Bone hips doesn't exist in skeleton OFP2_ManSkeleton
 2:14:59 Error: Bone headcutscene doesn't exist in skeleton OFP2_ManSkeleton
 2:14:59 Error: Bone slot_backpack doesn't exist in skeleton OFP2_ManSkeleton
 2:14:59 Error: Bone slot_backwpnr doesn't exist in skeleton OFP2_ManSkeleton
 2:14:59 Error: Bone slot_backwpnl doesn't exist in skeleton OFP2_ManSkeleton
 2:14:59 Error: Bone slot_buttpack doesn't exist in skeleton OFP2_ManSkeleton
 2:14:59 Error: Bone hips doesn't exist in skeleton OFP2_ManSkeleton
 2:14:59 Error: Bone headcutscene doesn't exist in skeleton OFP2_ManSkeleton
 2:14:59 Error: Bone slot_backpack doesn't exist in skeleton OFP2_ManSkeleton
 2:14:59 Error: Bone slot_backwpnr doesn't exist in skeleton OFP2_ManSkeleton
 2:14:59 Error: Bone slot_backwpnl doesn't exist in skeleton OFP2_ManSkeleton
 2:14:59 Error: Bone slot_buttpack doesn't exist in skeleton OFP2_ManSkeleton
 2:14:59 Error: Bone hips doesn't exist in skeleton OFP2_ManSkeleton
 2:14:59 Error: Bone headcutscene doesn't exist in skeleton OFP2_ManSkeleton
 2:14:59 Error: Bone slot_backpack doesn't exist in skeleton OFP2_ManSkeleton
 2:14:59 Error: Bone slot_backwpnr doesn't exist in skeleton OFP2_ManSkeleton
 2:14:59 Error: Bone slot_backwpnl doesn't exist in skeleton OFP2_ManSkeleton
 2:14:59 Error: Bone slot_buttpack doesn't exist in skeleton OFP2_ManSkeleton
 2:14:59 Error: Bone hips doesn't exist in skeleton OFP2_ManSkeleton
 2:14:59 Error: Bone headcutscene doesn't exist in skeleton OFP2_ManSkeleton
 2:14:59 Error: Bone slot_backpack doesn't exist in skeleton OFP2_ManSkeleton
 2:14:59 Error: Bone slot_backwpnr doesn't exist in skeleton OFP2_ManSkeleton
 2:14:59 Error: Bone slot_backwpnl doesn't exist in skeleton OFP2_ManSkeleton
 2:14:59 Error: Bone slot_buttpack doesn't exist in skeleton OFP2_ManSkeleton
 2:14:59 Error: Bone hips doesn't exist in skeleton OFP2_ManSkeleton
 2:14:59 Error: Bone headcutscene doesn't exist in skeleton OFP2_ManSkeleton
 2:14:59 Error: Bone slot_backpack doesn't exist in skeleton OFP2_ManSkeleton
 2:14:59 Error: Bone slot_backwpnr doesn't exist in skeleton OFP2_ManSkeleton
 2:14:59 Error: Bone slot_backwpnl doesn't exist in skeleton OFP2_ManSkeleton
 2:14:59 Error: Bone slot_buttpack doesn't exist in skeleton OFP2_ManSkeleton
 2:14:59 Error: Bone hips doesn't exist in skeleton OFP2_ManSkeleton
 2:14:59 Error: Bone headcutscene doesn't exist in skeleton OFP2_ManSkeleton
 2:14:59 Error: Bone slot_backpack doesn't exist in skeleton OFP2_ManSkeleton
 2:14:59 Error: Bone slot_backwpnr doesn't exist in skeleton OFP2_ManSkeleton
 2:14:59 Error: Bone slot_backwpnl doesn't exist in skeleton OFP2_ManSkeleton
 2:14:59 Error: Bone slot_buttpack doesn't exist in skeleton OFP2_ManSkeleton
 2:14:59 Error: Bone hips doesn't exist in skeleton OFP2_ManSkeleton
 2:14:59 Error: Bone headcutscene doesn't exist in skeleton OFP2_ManSkeleton
 2:14:59 Error: Bone slot_backpack doesn't exist in skeleton OFP2_ManSkeleton
 2:14:59 Error: Bone slot_backwpnr doesn't exist in skeleton OFP2_ManSkeleton
 2:14:59 Error: Bone slot_backwpnl doesn't exist in skeleton OFP2_ManSkeleton
 2:14:59 Error: Bone slot_buttpack doesn't exist in skeleton OFP2_ManSkeleton
 2:14:59 Error: Bone hips doesn't exist in skeleton OFP2_ManSkeleton
 2:14:59 Error: Bone headcutscene doesn't exist in skeleton OFP2_ManSkeleton
 2:14:59 Error: Bone slot_backpack doesn't exist in skeleton OFP2_ManSkeleton
 2:14:59 Error: Bone slot_backwpnr doesn't exist in skeleton OFP2_ManSkeleton
 2:14:59 Error: Bone slot_backwpnl doesn't exist in skeleton OFP2_ManSkeleton
 2:14:59 Error: Bone slot_buttpack doesn't exist in skeleton OFP2_ManSkeleton
 2:14:59 Error: Bone hips doesn't exist in skeleton OFP2_ManSkeleton
 2:14:59 Error: Bone headcutscene doesn't exist in skeleton OFP2_ManSkeleton
 2:14:59 Error: Bone slot_backpack doesn't exist in skeleton OFP2_ManSkeleton
 2:14:59 Error: Bone slot_backwpnr doesn't exist in skeleton OFP2_ManSkeleton
 2:14:59 Error: Bone slot_backwpnl doesn't exist in skeleton OFP2_ManSkeleton
 2:14:59 Error: Bone slot_buttpack doesn't exist in skeleton OFP2_ManSkeleton
 2:14:59 Error: Bone hips doesn't exist in skeleton OFP2_ManSkeleton
 2:14:59 Error: Bone headcutscene doesn't exist in skeleton OFP2_ManSkeleton
 2:14:59 Error: Bone slot_backpack doesn't exist in skeleton OFP2_ManSkeleton
 2:14:59 Error: Bone slot_backwpnr doesn't exist in skeleton OFP2_ManSkeleton
 2:14:59 Error: Bone slot_backwpnl doesn't exist in skeleton OFP2_ManSkeleton
 2:14:59 Error: Bone slot_buttpack doesn't exist in skeleton OFP2_ManSkeleton
 2:14:59 Error: Bone hips doesn't exist in skeleton OFP2_ManSkeleton
 2:14:59 Error: Bone headcutscene doesn't exist in skeleton OFP2_ManSkeleton
 2:14:59 Error: Bone slot_backpack doesn't exist in skeleton OFP2_ManSkeleton
 2:14:59 Error: Bone slot_backwpnr doesn't exist in skeleton OFP2_ManSkeleton
 2:14:59 Error: Bone slot_backwpnl doesn't exist in skeleton OFP2_ManSkeleton
 2:14:59 Error: Bone slot_buttpack doesn't exist in skeleton OFP2_ManSkeleton
 2:14:59 Error: Bone hips doesn't exist in skeleton OFP2_ManSkeleton
 2:14:59 Error: Bone headcutscene doesn't exist in skeleton OFP2_ManSkeleton
 2:14:59 Error: Bone slot_backpack doesn't exist in skeleton OFP2_ManSkeleton
 2:14:59 Error: Bone slot_backwpnr doesn't exist in skeleton OFP2_ManSkeleton
 2:14:59 Error: Bone slot_backwpnl doesn't exist in skeleton OFP2_ManSkeleton
 2:14:59 Error: Bone slot_buttpack doesn't exist in skeleton OFP2_ManSkeleton
 2:14:59 Error: Bone hips doesn't exist in skeleton OFP2_ManSkeleton
 2:14:59 Error: Bone headcutscene doesn't exist in skeleton OFP2_ManSkeleton
 2:14:59 Error: Bone slot_backpack doesn't exist in skeleton OFP2_ManSkeleton
 2:14:59 Error: Bone slot_backwpnr doesn't exist in skeleton OFP2_ManSkeleton
 2:14:59 Error: Bone slot_backwpnl doesn't exist in skeleton OFP2_ManSkeleton
 2:14:59 Error: Bone slot_buttpack doesn't exist in skeleton OFP2_ManSkeleton
 2:14:59 Error: Bone hips doesn't exist in skeleton OFP2_ManSkeleton
 2:14:59 Error: Bone headcutscene doesn't exist in skeleton OFP2_ManSkeleton
 2:14:59 Error: Bone slot_backpack doesn't exist in skeleton OFP2_ManSkeleton
 2:14:59 Error: Bone slot_backwpnr doesn't exist in skeleton OFP2_ManSkeleton
 2:14:59 Error: Bone slot_backwpnl doesn't exist in skeleton OFP2_ManSkeleton
 2:14:59 Error: Bone slot_buttpack doesn't exist in skeleton OFP2_ManSkeleton
 2:14:59 Error: Bone hips doesn't exist in skeleton OFP2_ManSkeleton
 2:14:59 Error: Bone headcutscene doesn't exist in skeleton OFP2_ManSkeleton
 2:14:59 Error: Bone slot_backpack doesn't exist in skeleton OFP2_ManSkeleton
 2:14:59 Error: Bone slot_backwpnr doesn't exist in skeleton OFP2_ManSkeleton
 2:14:59 Error: Bone slot_backwpnl doesn't exist in skeleton OFP2_ManSkeleton
 2:14:59 Error: Bone slot_buttpack doesn't exist in skeleton OFP2_ManSkeleton
 2:14:59 Error: Bone hips doesn't exist in skeleton OFP2_ManSkeleton
 2:14:59 Error: Bone headcutscene doesn't exist in skeleton OFP2_ManSkeleton
 2:14:59 Error: Bone slot_backpack doesn't exist in skeleton OFP2_ManSkeleton
 2:14:59 Error: Bone slot_backwpnr doesn't exist in skeleton OFP2_ManSkeleton
 2:14:59 Error: Bone slot_backwpnl doesn't exist in skeleton OFP2_ManSkeleton
 2:14:59 Error: Bone slot_buttpack doesn't exist in skeleton OFP2_ManSkeleton
 2:14:59 Error: Bone hips doesn't exist in skeleton OFP2_ManSkeleton
 2:14:59 Error: Bone headcutscene doesn't exist in skeleton OFP2_ManSkeleton
 2:14:59 Error: Bone slot_backpack doesn't exist in skeleton OFP2_ManSkeleton
 2:14:59 Error: Bone slot_backwpnr doesn't exist in skeleton OFP2_ManSkeleton
 2:14:59 Error: Bone slot_backwpnl doesn't exist in skeleton OFP2_ManSkeleton
 2:14:59 Error: Bone slot_buttpack doesn't exist in skeleton OFP2_ManSkeleton
 2:14:59 Error: Bone hips doesn't exist in skeleton OFP2_ManSkeleton
 2:14:59 Error: Bone headcutscene doesn't exist in skeleton OFP2_ManSkeleton
 2:14:59 Error: Bone slot_backpack doesn't exist in skeleton OFP2_ManSkeleton
 2:14:59 Error: Bone slot_backwpnr doesn't exist in skeleton OFP2_ManSkeleton
 2:14:59 Error: Bone slot_backwpnl doesn't exist in skeleton OFP2_ManSkeleton
 2:14:59 Error: Bone slot_buttpack doesn't exist in skeleton OFP2_ManSkeleton
 2:14:59 Error: Bone hips doesn't exist in skeleton OFP2_ManSkeleton
 2:14:59 Error: Bone headcutscene doesn't exist in skeleton OFP2_ManSkeleton
 2:14:59 Error: Bone slot_backpack doesn't exist in skeleton OFP2_ManSkeleton
 2:14:59 Error: Bone slot_backwpnr doesn't exist in skeleton OFP2_ManSkeleton
 2:14:59 Error: Bone slot_backwpnl doesn't exist in skeleton OFP2_ManSkeleton
 2:14:59 Error: Bone slot_buttpack doesn't exist in skeleton OFP2_ManSkeleton
 2:14:59 Error: Bone hips doesn't exist in skeleton OFP2_ManSkeleton
 2:14:59 Error: Bone headcutscene doesn't exist in skeleton OFP2_ManSkeleton
 2:14:59 Error: Bone slot_backpack doesn't exist in skeleton OFP2_ManSkeleton
 2:14:59 Error: Bone slot_backwpnr doesn't exist in skeleton OFP2_ManSkeleton
 2:14:59 Error: Bone slot_backwpnl doesn't exist in skeleton OFP2_ManSkeleton
 2:14:59 Error: Bone slot_buttpack doesn't exist in skeleton OFP2_ManSkeleton
 2:14:59 Error: Bone hips doesn't exist in skeleton OFP2_ManSkeleton
 2:14:59 Error: Bone headcutscene doesn't exist in skeleton OFP2_ManSkeleton
 2:14:59 Error: Bone slot_backpack doesn't exist in skeleton OFP2_ManSkeleton
 2:14:59 Error: Bone slot_backwpnr doesn't exist in skeleton OFP2_ManSkeleton
 2:14:59 Error: Bone slot_backwpnl doesn't exist in skeleton OFP2_ManSkeleton
 2:14:59 Error: Bone slot_buttpack doesn't exist in skeleton OFP2_ManSkeleton
 2:14:59 Error: Bone hips doesn't exist in skeleton OFP2_ManSkeleton
 2:14:59 Error: Bone headcutscene doesn't exist in skeleton OFP2_ManSkeleton
 2:14:59 Error: Bone slot_backpack doesn't exist in skeleton OFP2_ManSkeleton
 2:14:59 Error: Bone slot_backwpnr doesn't exist in skeleton OFP2_ManSkeleton
 2:14:59 Error: Bone slot_backwpnl doesn't exist in skeleton OFP2_ManSkeleton
 2:14:59 Error: Bone slot_buttpack doesn't exist in skeleton OFP2_ManSkeleton
 2:14:59 Error: Bone hips doesn't exist in skeleton OFP2_ManSkeleton
 2:14:59 Error: Bone headcutscene doesn't exist in skeleton OFP2_ManSkeleton
 2:14:59 Error: Bone slot_backpack doesn't exist in skeleton OFP2_ManSkeleton
 2:14:59 Error: Bone slot_backwpnr doesn't exist in skeleton OFP2_ManSkeleton
 2:14:59 Error: Bone slot_backwpnl doesn't exist in skeleton OFP2_ManSkeleton
 2:14:59 Error: Bone slot_buttpack doesn't exist in skeleton OFP2_ManSkeleton
 2:14:59 Error: Bone hips doesn't exist in skeleton OFP2_ManSkeleton
 2:14:59 Error: Bone headcutscene doesn't exist in skeleton OFP2_ManSkeleton
 2:14:59 Error: Bone slot_backpack doesn't exist in skeleton OFP2_ManSkeleton
 2:14:59 Error: Bone slot_backwpnr doesn't exist in skeleton OFP2_ManSkeleton
 2:14:59 Error: Bone slot_backwpnl doesn't exist in skeleton OFP2_ManSkeleton
 2:14:59 Error: Bone slot_buttpack doesn't exist in skeleton OFP2_ManSkeleton
 2:14:59 Error: Bone hips doesn't exist in skeleton OFP2_ManSkeleton
 2:14:59 Error: Bone headcutscene doesn't exist in skeleton OFP2_ManSkeleton
 2:14:59 Error: Bone slot_backpack doesn't exist in skeleton OFP2_ManSkeleton
 2:14:59 Error: Bone slot_backwpnr doesn't exist in skeleton OFP2_ManSkeleton
 2:14:59 Error: Bone slot_backwpnl doesn't exist in skeleton OFP2_ManSkeleton
 2:14:59 Error: Bone slot_buttpack doesn't exist in skeleton OFP2_ManSkeleton
 2:14:59 Error: Bone hips doesn't exist in skeleton OFP2_ManSkeleton
 2:14:59 Error: Bone headcutscene doesn't exist in skeleton OFP2_ManSkeleton
 2:14:59 Error: Bone slot_backpack doesn't exist in skeleton OFP2_ManSkeleton
 2:14:59 Error: Bone slot_backwpnr doesn't exist in skeleton OFP2_ManSkeleton
 2:14:59 Error: Bone slot_backwpnl doesn't exist in skeleton OFP2_ManSkeleton
 2:14:59 Error: Bone slot_buttpack doesn't exist in skeleton OFP2_ManSkeleton
 2:14:59 No owner
 2:14:59 No owner
 2:14:59 No owner
 2:14:59 No owner
 2:14:59 No owner
 2:14:59 No speaker given for Ali Egwu
 2:14:59 No owner
 2:14:59 No speaker given for Batou Awolowo
 2:14:59 No owner
 2:14:59 No speaker given for Ryan Conrad
 2:14:59 No owner
 2:14:59 No owner
 2:14:59 No speaker given for Teshi Kuma
 2:14:59 No speaker given for Liao Suan
 2:14:59 soldier[B_diver_F]:Some of magazines weren't stored in soldier Vest or Uniform?
 2:14:59 No owner
 2:14:59 No speaker given for Jack Ryan
 2:14:59 No owner
 2:14:59 No speaker given for William Bayh
 2:14:59 No owner
 2:14:59 No speaker given for Edward Acker
 2:14:59 No owner
 2:14:59 No speaker given for George Halliwell
 2:14:59 No owner
 2:14:59 No speaker given for Omari Madaki
 2:14:59 No owner
 2:14:59 No speaker given for Jack Jones
 2:14:59 No owner
 2:14:59 No speaker given for Alfie Young
 2:14:59 No owner
 2:14:59 No speaker given for Chad Johnson
 2:14:59 No owner
 2:14:59 No speaker given for Xu Yeo
 2:14:59 No owner
 2:14:59 No speaker given for Guo Chong
 2:14:59 No owner
 2:14:59 No owner
 2:14:59 No owner
 2:14:59 No owner
 2:14:59 No owner
 2:14:59 No owner
 2:14:59 No owner
 2:14:59 No owner
 2:14:59 No owner
 2:14:59 No speaker given for Chris Morris
 2:14:59 No owner
 2:14:59 No speaker given for Jack Wood
 2:14:59 No owner
 2:14:59 No owner
 2:15:00 No owner
 2:15:00 No speaker given for Ryan White
 2:15:00 No speaker given for Xu Chen
 2:15:00 No owner
 2:15:00 No owner
 2:15:00 No speaker given for Oliver Faulkner
 2:15:00 No owner
 2:15:00 No speaker given for Liam Kelly
 2:15:00 No owner
 2:15:00 No speaker given for William Hughes
 2:15:00 No owner
 2:15:00 No owner
 2:15:00 soldier[B_diver_F]:Some of magazines weren't stored in soldier Vest or Uniform?
 2:15:00 No owner
 2:15:00 No speaker given for Thomas Williams
 2:15:00 No owner
 2:15:00 No speaker given for Imre Osmani
 2:15:00 No owner
 2:15:00 No owner
 2:15:00 No owner
 2:15:00 No owner
 2:15:00 No speaker given for Dwan Bayh
 2:15:00 No owner
 2:15:00 No speaker given for William Stewart
 2:15:00 No owner
 2:15:00 No speaker given for Tavish Davis
 2:15:00 No owner
 2:15:00 No speaker given for Lewis Smith
 2:15:00 No owner
 2:15:00 No speaker given for Sean Young
 2:15:00 No owner
 2:15:00 No owner
 2:15:00 No owner
 2:15:00 No speaker given for Shawn Faulkner
 2:15:00 No owner
 2:15:00 No speaker given for Bradley Lewis
 2:15:00 soldier[B_diver_F]:Some of magazines weren't stored in soldier Vest or Uniform?
 2:15:00 No owner
 2:15:00 No owner
 2:15:00 No owner
 2:15:00 No owner
 2:15:00 No owner
 2:15:00 No owner
 2:15:00 No owner
 2:15:00 No owner
 2:15:00 No owner
 2:15:00 soldier[B_diver_F]:Some of magazines weren't stored in soldier Vest or Uniform?
 2:15:00 No speaker given for Dumi Okonjo
 2:15:00 No speaker given for Imre Ngige
 2:15:00 No speaker given for Idi Okoye
 2:15:00 No owner
 2:15:00 No owner
 2:15:00 No speaker given for Davu Kuma
 2:15:00 No owner
 2:15:00 LODShape::AddLoadHandler: Handler not present in shape [a3\weapons_f\empty.p3d]
 2:15:00 LODShape::AddLoadHandler: Handler not present in shape [a3\weapons_f\empty.p3d]
 2:15:01 LODShape::AddLoadHandler: Handler not present in shape [a3\weapons_f\empty.p3d]
 2:15:01 LODShape::AddLoadHandler: Handler not present in shape [a3\weapons_f\empty.p3d]
 2:15:01 LODShape::AddLoadHandler: Handler not present in shape [a3\weapons_f\empty.p3d]
 2:15:01 Error: Object(2 : 186) not found
 2:15:01 c:\w\stable\futura\lib\network\networkserver.cpp NetworkServer::OnClientStateChanged:NOT IMPLEMENTED - briefing!
 2:15:01 [57794,886.073,0,"XEH: PostInit Started"]
 2:15:01 [57794,886.088,0,"CBA_VERSIONING: cba=1.0.9.140907, "]
 2:15:01 [57794,886.112,0,"XEH: PostInit Finished. State: _isClient=false, _isJip=false, _isDedClient=false, _isServer=true, _isDedServer=true, _playerCheckDone=true, _sp=false, _startInitDone=true, _postInitDone=true, _mpRespawn=true, _machineType=0, _sessionId=1, _level=0, _timeOut=false, _game=3, BIS_functions=L Modules:1, group=L Modules"]
 2:15:02 "extDB: Version: 19"
 2:15:02 "extDB: Connected to Database"
 2:15:02 Strange convex component322 in a3\structures_f\research\dome_big_f.p3d:geometryFire
 2:15:02 Strange convex component327 in a3\structures_f\research\dome_big_f.p3d:geometryFire
 2:15:02 "ASM.fsm started"
 2:15:25 "Debug Initialized Weather - Overcast\nOvercast: 0.5\nRain/Snow: 0\nFog: 0\nWind EW|NS: 2|2"
 2:15:26 "------------- Client Query Request -------------"
 2:15:26 "QUERY: SELECT playerid, name, cash, bankacc, adminlevel, donatorlvl, civ_licenses, arrested, civ_gear, blacklist, faction_reb, grade_reb, position, alive, tfr FROM players WHERE playerid='76561198026954203'"
 2:15:26 "Time to complete: 0.0429688 (in seconds)"
 2:15:26 "Result: ["76561198026954203","Gauthier Jean",0,192376,"0","2","[[`license_civ_driver`,1],[`license_civ_air`,0],[`license_civ_heroin`,0],[`license_civ_marijuana`,0],[`license_civ_gang`,0],[`license_civ_boat`,0],[`license_civ_oil`,0],[`license_civ_dive`,0],[`license_civ_truck`,1],[`license_civ_gun`,0],[`license_civ_rebel`,0],[`license_civ_coke`,0],[`license_civ_diamond`,0],[`license_civ_copper`,1],[`license_civ_iron`,0],[`license_civ_sand`,0],[`license_civ_salt`,0],[`license_civ_cement`,0],[`license_civ_home`,0]]",0,"[`U_C_Poor_2`,`V_TacVest_brn`,`B_Carryall_cbr`,``,``,[`ItemMap`,`ItemCompass`,`ItemWatch`,`tf_anprc148jem_53`,`ItemGPS`,`NVGoggles`],``,``,[],[],[`ToolKit`,`ToolKit`,`ToolKit`],[],[`FirstAidKit`,`FirstAidKit`,`FirstAidKit`],[],[],[],[`life_inv_apple`,`life_inv_apple`,`life_inv_apple`,`life_inv_water`,`life_inv_water`,`life_inv_water`,`life_inv_pickaxe`,`life_inv_peach`,`life_inv_peach`,`life_inv_peach`,`life_inv_peach`,`life_inv_peach`,`life_inv_peach`,`life_inv_peach`]]",0,"0","0",[],1,1]"
 2:15:26 "------------------------------------------------"
 2:15:32 Strange convex component53 in a3\structures_f_epb\civ\playground\slidecastle_f.p3d:geometryFire
 2:15:32 Strange convex component27 in a3\structures_f_epb\civ\playground\slidecastle_f.p3d:geometryView
 2:17:23 "------------- Client Query Request -------------"
 2:17:23 "QUERY: SELECT id, side, classname, type, pid, alive, active, plate, color, insure FROM vehicles WHERE pid='76561198026954203' AND alive='1' AND active='0' AND side='civ' AND type='LandVehicle'"
 2:17:23 "Time to complete: 0.0430908 (in seconds)"
 2:17:23 "Result: [[590,"civ","B_Quadbike_01_F","LandVehicle","76561198026954203",1,0,474567,2,1],[603,"civ","C_Offroad_01_F","LandVehicle","76561198026954203",1,0,882784,2,1],[654,"civ","C_Hatchback_01_F","LandVehicle","76561198026954203",1,0,598913,0,1],[3856,"civ","C_Hatchback_01_sport_F","LandVehicle","76561198026954203",1,0,776853,3,1],[3875,"civ","C_Van_01_transport_F","LandVehicle","76561198026954203",1,0,847659,0,1],[3997,"civ","I_Truck_02_covered_F","LandVehicle","76561198026954203",1,0,805062,0,0]]"
 2:17:23 "------------------------------------------------"
 2:17:34 "------------- Client Query Request -------------"
 2:17:34 "QUERY: SELECT id, side, classname, type, pid, alive, active, plate, color, insure FROM vehicles WHERE pid='76561198026954203' AND alive='1' AND active='0' AND side='civ' AND type='LandVehicle'"
 2:17:34 "Time to complete: 0.373047 (in seconds)"
 2:17:34 "Result: [[590,"civ","B_Quadbike_01_F","LandVehicle","76561198026954203",1,0,474567,2,1],[603,"civ","C_Offroad_01_F","LandVehicle","76561198026954203",1,0,882784,2,1],[654,"civ","C_Hatchback_01_F","LandVehicle","76561198026954203",1,0,598913,0,1],[3856,"civ","C_Hatchback_01_sport_F","LandVehicle","76561198026954203",1,0,776853,3,1],[3875,"civ","C_Van_01_transport_F","LandVehicle","76561198026954203",1,0,847659,0,1],[3997,"civ","I_Truck_02_covered_F","LandVehicle","76561198026954203",1,0,805062,0,1]]"
 2:17:34 "------------------------------------------------"
 2:17:37 "------------- Client Query Request -------------"
 2:17:37 "QUERY: SELECT id, side, classname, type, pid, alive, active, plate, color, insure, fuel FROM vehicles WHERE id='3997' AND pid='76561198026954203'"
 2:17:37 "Time to complete: 0.370972 (in seconds)"
 2:17:37 "Result: [3997,"civ","I_Truck_02_covered_F","LandVehicle","76561198026954203",1,0,805062,0,1,"0.991871"]"
 2:17:37 "------------------------------------------------"
 3:17:31 Client: Local object 2:1623 not found
 3:17:31 Client: Object 2:1623 (type Type_89) not found.
 3:17:31 Client: Object 2:1623 (type Type_114) not found.
 3:17:32 Client: Object 2:1623 (type Type_89) not found.
 3:17:33 Error: Object(2 : 1623) not found
 3:17:33 Client: Object 2:1623 (type Type_114) not found.
 3:17:33 Error: Object(2 : 1623) not found
 3:17:33 Client: Object 2:1623 (type Type_89) not found.
 3:17:33 Client: Object 2:1623 (type Type_114) not found.
 3:17:36 "------------- Client Query Request -------------"
 3:17:36 "QUERY: SELECT playerid, name, cash, bankacc, adminlevel, donatorlvl, civ_licenses, arrested, civ_gear, blacklist, faction_reb, grade_reb, position, alive, tfr FROM players WHERE playerid='76561197980389468'"
 3:17:36 "Time to complete: 0.0439453 (in seconds)"
 3:17:36 "Result: ["76561197980389468","jonathan cumulus",24050,2.69933e+006,"0","3","[[`license_civ_driver`,1],[`license_civ_air`,1],[`license_civ_heroin`,0],[`license_civ_marijuana`,0],[`license_civ_gang`,0],[`license_civ_boat`,1],[`license_civ_oil`,0],[`license_civ_dive`,0],[`license_civ_truck`,1],[`license_civ_gun`,1],[`license_civ_rebel`,0],[`license_civ_coke`,0],[`license_civ_diamond`,1],[`license_civ_copper`,0],[`license_civ_iron`,0],[`license_civ_sand`,0],[`license_civ_salt`,0],[`license_civ_cement`,0],[`license_civ_home`,1]]",0,"[`U_I_HeliPilotCoveralls`,``,`B_Carryall_cbr`,``,`H_Cap_tan`,[`ItemMap`,`ItemCompass`,`ItemWatch`,`tf_anprc148jem_22`,`ItemGPS`,`Binocular`],``,``,[`FirstAidKit`],[`Chemlight_green`],[`ToolKit`,`NVGoggles`],[],[],[],[],[],[`life_inv_water`,`life_inv_water`,`life_inv_water`,`life_inv_water`,`life_inv_water`,`life_inv_water`,`life_inv_water`,`life_inv_water`,`life_inv_fuelF`,`life_inv_fuelF`,`life_inv_fuelF`,`life_inv_fuelF`,`life_inv_fuelF`,`life_inv_fuelF`,`life_inv_fuelE`,`life_inv_
 3:17:36 "------------------------------------------------"
 3:18:47 Client: Remote object 4:0 not found
 3:37:34 "------------- Client Query Request -------------"
 3:37:34 "QUERY: SELECT id, side, classname, type, pid, alive, active, plate, color, insure FROM vehicles WHERE pid='76561198026954203' AND alive='1' AND active='0' AND side='civ' AND type='LandVehicle'"
 3:37:34 "Time to complete: 0.39209 (in seconds)"
 3:37:34 "Result: [[590,"civ","B_Quadbike_01_F","LandVehicle","76561198026954203",1,0,474567,2,1],[603,"civ","C_Offroad_01_F","LandVehicle","76561198026954203",1,0,882784,2,1],[654,"civ","C_Hatchback_01_F","LandVehicle","76561198026954203",1,0,598913,0,1],[3856,"civ","C_Hatchback_01_sport_F","LandVehicle","76561198026954203",1,0,776853,3,1],[3875,"civ","C_Van_01_transport_F","LandVehicle","76561198026954203",1,0,847659,0,1],[3997,"civ","I_Truck_02_covered_F","LandVehicle","76561198026954203",1,0,805062,0,1]]"
 3:37:34 "------------------------------------------------"
 3:37:38 "------------- Client Query Request -------------"
 3:37:38 "QUERY: SELECT id, side, classname, type, pid, alive, active, plate, color, insure, fuel FROM vehicles WHERE id='3856' AND pid='76561198026954203'"
 3:37:38 "Time to complete: 0.372559 (in seconds)"
 3:37:38 "Result: [3856,"civ","C_Hatchback_01_sport_F","LandVehicle","76561198026954203",1,0,776853,3,1,"0.90046"]"
 3:37:38 "------------------------------------------------"
 3:37:38 No owner
 3:51:47 Warning: Cleanup player - person 2:2 not found
 3:51:51 Warning: Cleanup player - person 2:2 not found
 3:52:45 No owner
 3:52:47 "------------- Client Query Request -------------"
 3:52:47 "QUERY: SELECT playerid, name, cash, bankacc, adminlevel, donatorlvl, civ_licenses, arrested, civ_gear, blacklist, faction_reb, grade_reb, position, alive, tfr FROM players WHERE playerid='76561198156917853'"
 3:52:47 "Time to complete: 0.0429688 (in seconds)"
 3:52:47 "Result: ["76561198156917853","Christ Tali",0,89661,"0","0","[[`license_civ_driver`,1],[`license_civ_air`,1],[`license_civ_heroin`,0],[`license_civ_marijuana`,0],[`license_civ_gang`,0],[`license_civ_boat`,0],[`license_civ_oil`,1],[`license_civ_dive`,0],[`license_civ_truck`,1],[`license_civ_gun`,1],[`license_civ_rebel`,0],[`license_civ_coke`,0],[`license_civ_diamond`,1],[`license_civ_copper`,1],[`license_civ_iron`,1],[`license_civ_sand`,0],[`license_civ_salt`,0],[`license_civ_cement`,1],[`license_civ_home`,1]]",0,"[`U_I_G_Story_Protagonist_F`,`V_BandollierB_oli`,`B_Carryall_oli`,`G_Shades_Black`,`H_Bandanna_gry`,[`ItemMap`,`ItemCompass`,`ItemGPS`,`NVGoggles`,`Binocular`],``,`hgun_mas_sa61_F`,[`rds_worker_cap4`,`rds_worker_cap4`,`FirstAidKit`,`FirstAidKit`],[],[`ToolKit`,`ToolKit`,`ToolKit`],[],[`FirstAidKit`,`FirstAidKit`,`FirstAidKit`],[`30Rnd_9x21_Mag`,`20Rnd_mas_765x17_Mag`,`20Rnd_mas_765x17_Mag`],[],[``,``,``],[`life_inv_apple`,`life_inv_apple`,`life_inv_apple`,`life_inv_apple`,`life_inv_apple`,`life_inv_
 3:52:47 "------------------------------------------------"
 3:59:03 "------------- Client Query Request -------------"
 3:59:03 "QUERY: SELECT id, side, classname, type, pid, alive, active, plate, color, insure FROM vehicles WHERE pid='76561198156917853' AND alive='1' AND active='0' AND side='civ' AND type='LandVehicle'"
 3:59:03 "Time to complete: 0.0429688 (in seconds)"
 3:59:03 "Result: [[123,"civ","B_Quadbike_01_F","LandVehicle","76561198156917853",1,0,693152,2,1],[396,"civ","C_Offroad_01_F","LandVehicle","76561198156917853",1,0,679103,3,1],[987,"civ","C_Van_01_transport_F","LandVehicle","76561198156917853",1,0,181935,0,1],[1553,"civ","O_Truck_03_covered_F","LandVehicle","76561198156917853",1,0,49188,0,1],[2901,"civ","B_Truck_01_box_F","LandVehicle","76561198156917853",1,0,209257,0,1],[3787,"civ","BAF_Offroad_D","LandVehicle","76561198156917853",1,0,156946,3,1],[3935,"civ","C_Hatchback_01_F","LandVehicle","76561198156917853",1,0,687353,7,1],[3954,"civ","C_Hatchback_01_F","LandVehicle","76561198156917853",1,0,117986,3,1]]"
 3:59:03 "------------------------------------------------"
 3:59:18 "------------- Client Query Request -------------"
 3:59:18 "QUERY: SELECT id, side, classname, type, pid, alive, active, plate, color, insure, fuel FROM vehicles WHERE id='2901' AND pid='76561198156917853'"
 3:59:18 "Time to complete: 0.375 (in seconds)"
 3:59:18 "Result: [2901,"civ","B_Truck_01_box_F","LandVehicle","76561198156917853",1,0,209257,0,1,"0.763123"]"
 3:59:18 "------------------------------------------------"
 4:19:43 "------------- Client Query Request -------------"
 4:19:43 "QUERY: SELECT playerid, name, cash, bankacc, adminlevel, donatorlvl, civ_licenses, arrested, civ_gear, blacklist, faction_reb, grade_reb, position, alive, tfr FROM players WHERE playerid='76561198039359021'"
 4:19:43 "Time to complete: 0.375977 (in seconds)"
 4:19:43 "Result: ["76561198039359021","Zack Parker",5000,234557,"0","0","[[`license_civ_driver`,1],[`license_civ_air`,0],[`license_civ_heroin`,0],[`license_civ_marijuana`,0],[`license_civ_gang`,0],[`license_civ_boat`,0],[`license_civ_oil`,0],[`license_civ_dive`,0],[`license_civ_truck`,0],[`license_civ_gun`,0],[`license_civ_rebel`,0],[`license_civ_coke`,0],[`license_civ_diamond`,0],[`license_civ_copper`,0],[`license_civ_iron`,0],[`license_civ_sand`,0],[`license_civ_salt`,0],[`license_civ_cement`,0],[`license_civ_home`,0]]",0,"[`U_IG_Guerilla2_3`,``,`B_Carryall_oli`,``,`H_Bandanna_gry`,[`ItemMap`,`ItemCompass`,`ItemWatch`,`tf_anprc148jem_39`,`ItemGPS`,`Binocular`],``,``,[`FirstAidKit`],[],[`NVGoggles`],[],[],[],[],[],[`life_inv_water`]]",0,"0","0",[],1,1]"
 4:19:43 "------------------------------------------------"
 4:22:51 "------------- Client Query Request -------------"
 4:22:51 "QUERY: SELECT id, side, classname, type, pid, alive, active, plate, color, insure FROM vehicles WHERE pid='76561198039359021' AND alive='1' AND active='0' AND side='civ' AND type='LandVehicle'"
 4:22:51 "Time to complete: 0.0449219 (in seconds)"
 4:22:51 "Result: [[3718,"civ","C_Offroad_01_F","LandVehicle","76561198039359021",1,0,408335,0,1]]"
 4:22:51 "------------------------------------------------"
 4:22:55 "------------- Client Query Request -------------"
 4:22:55 "QUERY: SELECT id, side, classname, type, pid, alive, active, plate, color, insure, fuel FROM vehicles WHERE id='3718' AND pid='76561198039359021'"
 4:22:55 "Time to complete: 0.0449219 (in seconds)"
 4:22:55 "Result: [3718,"civ","C_Offroad_01_F","LandVehicle","76561198039359021",1,0,408335,0,1,"0.999133"]"
 4:22:55 "------------------------------------------------"
 4:22:55 No owner
 4:23:18 "------------- Client Query Request -------------"
 4:23:18 "QUERY: SELECT id, side, classname, type, pid, alive, active, plate, color, insure, fuel FROM vehicles WHERE id='3718' AND pid='76561198039359021'"
 4:23:18 "Time to complete: 0.0449219 (in seconds)"
 4:23:18 "Result: [3718,"civ","C_Offroad_01_F","LandVehicle","76561198039359021",1,1,408335,0,1,"0.999133"]"
 4:23:18 "------------------------------------------------"
 4:42:50 Client: Remote object 5:0 not found
 4:42:52 Warning: Cleanup player - person 2:1632 not found
 4:43:02 Warning: Cleanup player - person 2:1632 not found
 4:54:20 Error: Object(6 : 8) not found
 4:57:27 Error in expression <ide,_className,_type,_uid,_color,_plate,_insure];

waitUntil {sleep (random 0.3)>
 4:57:27   Error position: <_insure];

waitUntil {sleep (random 0.3)>
 4:57:27   Error Undefined variable in expression: _insure
 4:57:27 File life_server\Functions\MySQL\fn_insertVehicle.sqf, line 21
 5:10:30 "------------- Client Query Request -------------"
 5:10:30 "QUERY: SELECT id, side, classname, type, pid, alive, active, plate, color, insure FROM vehicles WHERE pid='76561198039359021' AND alive='1' AND active='0' AND side='civ' AND type='Ship'"
 5:10:30 "Time to complete: 0.046875 (in seconds)"
 5:10:30 "Result: []"
 5:10:30 "------------------------------------------------"
 5:11:54 "------------- Client Query Request -------------"
 5:11:54 "QUERY: SELECT id, side, classname, type, pid, alive, active, plate, color, insure FROM vehicles WHERE pid='76561198039359021' AND alive='1' AND active='0' AND side='civ' AND type='Ship'"
 5:11:54 "Time to complete: 0.387695 (in seconds)"
 5:11:54 "Result: []"
 5:11:54 "------------------------------------------------"
 5:12:28 Ragdoll - loading of ragdoll source "Soldier" started.
 5:12:28 Ragdoll - loading of ragdoll source "Soldier" finished successfully.
 5:20:22 Error: Object(6 : 23) not found
 5:21:27 Error: Object(6 : 25) not found
 5:21:29 Error: Object(6 : 31) not found
 5:21:30 Error: Object(6 : 33) not found
 5:32:04 "------------- Client Query Request -------------"
 5:32:04 "QUERY: SELECT id, side, classname, type, pid, alive, active, plate, color, insure FROM vehicles WHERE pid='76561198039359021' AND alive='1' AND active='0' AND side='civ' AND type='LandVehicle'"
 5:32:04 "Time to complete: 0.374023 (in seconds)"
 5:32:04 "Result: [[3718,"civ","C_Offroad_01_F","LandVehicle","76561198039359021",1,0,408335,0,1]]"
 5:32:04 "------------------------------------------------"
 5:32:13 "------------- Client Query Request -------------"
 5:32:13 "QUERY: SELECT id, side, classname, type, pid, alive, active, plate, color, insure, fuel FROM vehicles WHERE id='3718' AND pid='76561198039359021'"
 5:32:13 "Time to complete: 0.0419922 (in seconds)"
 5:32:13 "Result: [3718,"civ","C_Offroad_01_F","LandVehicle","76561198039359021",1,0,408335,0,1,"0.922603"]"
 5:32:13 "------------------------------------------------"
 5:32:13 No owner
 5:42:39 Client: Remote object 6:0 not found
 5:42:41 Warning: Cleanup player - person 6:16 not found
 5:42:43 Warning: Cleanup player - person 6:16 not found
 7:00:09 Client: Local object 2:1660 not found
 7:00:09 Client: Object 2:1660 (type Type_89) not found.
 7:00:09 Client: Object 2:1660 (type Type_114) not found.
 7:00:10 Client: Object 2:1660 (type Type_89) not found.
 7:00:10 Error: Object(2 : 1660) not found
 7:00:10 Client: Object 2:1660 (type Type_114) not found.
 7:00:10 Error: Object(2 : 1660) not found
 7:00:10 Client: Object 2:1660 (type Type_114) not found.
 7:00:11 "------------- Client Query Request -------------"
 7:00:11 "QUERY: SELECT playerid, name, cash, bankacc, adminlevel, donatorlvl, civ_licenses, arrested, civ_gear, blacklist, faction_reb, grade_reb, position, alive, tfr FROM players WHERE playerid='76561198028827014'"
 7:00:11 "Time to complete: 0.046875 (in seconds)"
 7:00:11 "Result: ["76561198028827014","Joe Straton",921,1.71747e+006,"0","3","[[`license_civ_driver`,1],[`license_civ_air`,0],[`license_civ_heroin`,0],[`license_civ_marijuana`,0],[`license_civ_gang`,0],[`license_civ_boat`,0],[`license_civ_oil`,0],[`license_civ_dive`,0],[`license_civ_truck`,1],[`license_civ_gun`,1],[`license_civ_rebel`,1],[`license_civ_coke`,0],[`license_civ_diamond`,1],[`license_civ_copper`,1],[`license_civ_iron`,1],[`license_civ_sand`,1],[`license_civ_salt`,1],[`license_civ_cement`,0],[`license_civ_home`,1]]",0,"[`U_CAF_AG_ME_FATIGUES_01d`,`V_PlateCarrier2_rgr`,`B_AssaultPack_rgr`,``,`H_caf_ag_turban`,[`ItemMap`,`ItemCompass`,`ItemWatch`,`tf_anprc148jem_63`,`ItemGPS`,`NVGoggles`,`Binocular`],`arifle_mas_aks74u`,``,[`FirstAidKit`,`FirstAidKit`],[],[`ToolKit`],[],[`optic_SOS`,`NVGoggles`,`srifle_mas_svd`],[`10Rnd_mas_762x54_mag`,`10Rnd_mas_762x54_mag`,`30Rnd_mas_545x39_mag`],[``,`acc_flashlight`,`optic_Hamr`],[],[`life_inv_water`,`life_inv_water`,`life_inv_water`,`life_inv_water`,`life_inv_tbacon`,`l
 7:00:11 "------------------------------------------------"
 7:00:11 Error: Object(2 : 1660) not found
 7:00:11 Client: Object 2:1660 (type Type_89) not found.
 7:00:11 Client: Object 2:1660 (type Type_114) not found.
 7:02:02 "------------- Client Query Request -------------"
 7:02:02 "QUERY: SELECT id, side, classname, type, pid, alive, active, plate, color, insure FROM vehicles WHERE pid='76561198028827014' AND alive='1' AND active='0' AND side='civ' AND type='LandVehicle'"
 7:02:02 "Time to complete: 0.0429688 (in seconds)"
 7:02:02 "Result: [[288,"civ","B_Quadbike_01_F","LandVehicle","76561198028827014",1,0,461208,7,1],[858,"civ","C_Van_01_transport_F","LandVehicle","76561198028827014",1,0,697359,0,1],[884,"civ","C_Offroad_01_F","LandVehicle","76561198028827014",1,0,654788,5,1],[1040,"civ","B_Truck_01_box_F","LandVehicle","76561198028827014",1,0,179730,0,1],[1491,"civ","O_Truck_03_device_F","LandVehicle","76561198028827014",1,0,52632,0,1],[1507,"civ","B_G_Offroad_01_F","LandVehicle","76561198028827014",1,0,44077,0,1],[3430,"civ","BAF_Offroad_D","LandVehicle","76561198028827014",1,0,977702,4,1],[3431,"civ","LandRover_ACR","LandVehicle","76561198028827014",1,0,51831,3,1]]"
 7:02:02 "------------------------------------------------"
 7:02:12 "------------- Client Query Request -------------"
 7:02:12 "QUERY: SELECT id, side, classname, type, pid, alive, active, plate, color, insure, fuel FROM vehicles WHERE id='3430' AND pid='76561198028827014'"
 7:02:12 "Time to complete: 0.392578 (in seconds)"
 7:02:12 "Result: [3430,"civ","BAF_Offroad_D","LandVehicle","76561198028827014",1,0,977702,4,1,"0.909486"]"
 7:02:12 "------------------------------------------------"
 7:05:09 Error: Object(7 : 11) not found
 7:10:04 Error: Object(7 : 36) not found
 7:10:10 Error: Object(7 : 44) not found
 7:10:15 Error: Object(7 : 50) not found
 7:10:17 Error: Object(7 : 54) not found
 7:11:20 Error: Object(7 : 58) not found
 7:11:26 Error: Object(7 : 65) not found
 7:11:32 Error: Object(7 : 67) not found
 7:11:37 Error: Object(7 : 71) not found
 7:11:39 Error: Object(7 : 73) not found
 7:11:41 Error: Object(7 : 76) not found
 7:11:43 Error: Object(7 : 78) not found
 7:12:30 Error: Object(7 : 91) not found
 7:12:43 Error: Object(7 : 97) not found
 7:12:45 Error: Object(7 : 101) not found
 7:13:40 Error: Object(7 : 105) not found
 7:14:08 Error: Object(7 : 112) not found
 7:14:21 Error: Object(7 : 123) not found
 7:16:08 Error: Object(7 : 124) not found
 7:16:10 Error: Object(7 : 130) not found
 7:16:12 Error: Object(7 : 132) not found
 7:16:12 Error: Object(7 : 134) not found
 7:16:14 Error: Object(7 : 136) not found
 7:16:21 Error: Object(7 : 138) not found
 7:16:24 Error: Object(7 : 140) not found
 7:16:26 Error: Object(7 : 142) not found
 7:16:27 Error: Object(7 : 144) not found
 7:16:31 Error: Object(7 : 148) not found
 7:16:37 Error: Object(7 : 152) not found
 7:16:44 Error: Object(7 : 154) not found
 7:16:46 Error: Object(7 : 156) not found
 7:16:59 Error: Object(7 : 168) not found
 7:17:04 Error: Object(7 : 174) not found
 7:17:11 Error: Object(7 : 176) not found
 7:17:13 Error: Object(7 : 180) not found
 7:20:56 Error: Object(7 : 185) not found
 7:21:27 Error: Object(7 : 186) not found
 7:26:58 Error: Object(7 : 193) not found
 7:34:02 Error: Object(7 : 194) not found
 7:41:20 Error: Object(7 : 199) not found
 7:41:21 Error: Object(7 : 200) not found
 7:41:25 Error: Object(7 : 201) not found
 7:41:26 Error: Object(7 : 202) not found
 7:41:27 Error: Object(7 : 204) not found
 7:41:29 Error: Object(7 : 206) not found
 7:41:32 Error: Object(7 : 208) not found
 7:41:41 Error: Object(7 : 213) not found
 7:41:42 Error: Object(7 : 215) not found
 7:42:47 Error: Object(7 : 226) not found
 7:42:49 Error: Object(7 : 227) not found
 7:42:52 Error: Object(7 : 228) not found
 7:45:31 Server: Object 7:236 not found (message Type_114)
 7:45:31 Server: Object info 7:236 not found.
 7:45:31 Can't change owner from 0 to 17843600
 7:45:32 Error: Object(7 : 236) not found
 7:45:46 Error: Object(7 : 239) not found
 7:45:46 Error: Object(7 : 239) not found
 7:45:46 Server: Object info 7:240 not found.
 7:45:46 Can't change owner from 0 to 17843600
 7:45:47 Error: Object(7 : 240) not found
 7:45:47 Error: Object(7 : 240) not found
 7:45:47 Error: Object(7 : 241) not found
 7:46:06 Error: Object(7 : 244) not found
 7:46:50 Error: Object(7 : 249) not found
 7:47:32 Error: Object(7 : 254) not found
 7:47:32 Error: Object(7 : 254) not found
 7:48:07 Error: Object(7 : 257) not found
 7:48:43 Error: Object(7 : 262) not found
 7:54:13 LODShape::AddLoadHandler: Handler not present in shape [a3\weapons_f_beta\acc\acco_hamr_f.p3d]
