=====================================================================
== C:\Games\ArmA3\A3Master\arma3server.exe
== "C:\Games\ArmA3\A3Master\arma3server.exe"  -nosplash -nosound -world=Altis -name=atl -profiles=Users -cfg=Users\Administrator\Arma3.cfg -config=CONFIG_Vanilla.cfg -mod=@extDB;@life_server;@altisrpfr -port=2302 -ip=178.33.110.219 -enableHT -maxMem=2047 -malloc=tbbmalloc

Original output filename: Arma3Retail_Server
Exe timestamp: 2014/11/04 14:08:33
Current time:  2014/11/16 20:42:25

Type: Public
Branch: Stable
Version: 1.34.128075

Allocator: C:\Games\ArmA3\A3Master\dll\tbb4malloc_bi.dll
=====================================================================

20:42:25 ManagerConfig()
20:42:27 Conflicting addon caf_ag_equip_me_backpack in 'caf_ag_equip_c\middleeast\backpacks\', previous definition in 'caf_ag_equip_c\easteurope\backpacks\'
20:42:27 Conflicting addon example_uniform_config in 'FANTASMA_Units\blackhunter\', previous definition in 'FANTASMA_Units\medic\'
20:42:27 Conflicting addon example_uniform_config in 'FANTASMA_Units\giletpolo\', previous definition in 'FANTASMA_Units\medic\'
20:42:27 Conflicting addon PG_Services_PMC_UNITS in 'pg_services_pmc_config\vehicles\', previous definition in 'pg_services_pmc_config\characters\pmc\'
20:42:27 Unsupported language English in stringtable
20:42:27 Unsupported language English in stringtable
20:42:29 Updating base class ->Base, by a3\dubbing_radio_f\config.bin/CfgHQIdentities/PAPA_BEAR/
20:42:29 Updating base class ->Base, by a3\dubbing_radio_f\config.bin/CfgHQIdentities/AirBase/
20:42:29 Updating base class ->LandVehicle, by a3\data_f\config.bin/CfgVehicles/StaticWeapon/
20:42:29 Updating base class ->Wreck, by a3\data_f\config.bin/CfgVehicles/PlaneWreck/
20:42:29 Updating base class RscShortcutButton->RscButton, by a3\editor_f\config.bin/RscDisplayEditObject/Controls/B_OK/
20:42:29 Updating base class RscSliderH->RscXSliderH, by a3\editor_f\config.bin/RscDisplayEditObject/Slider/
20:42:29 Updating base class RscText->RscPicture, by a3\editor_f\config.bin/RscDisplayEditObject/Preview/
20:42:29 Updating base class RscShortcutButton->RscButton, by a3\editor_f\config.bin/RscDisplayMissionLoad/Controls/B_OK/
20:42:29 Updating base class RscShortcutButton->RscButton, by a3\editor_f\config.bin/RscDisplayMissionSave/Controls/B_OK/
20:42:29 Updating base class ->FlagCarrier_Asym, by a3\structures_f\mil\flags\config.bin/CfgVehicles/Flag_UNO_F/
20:42:29 Updating base class ->RscControlsGroup, by a3\ui_f\config.bin/RscControlsGroupNoScrollbars/
20:42:29 Updating base class ->RscControlsGroup, by a3\ui_f\config.bin/RscControlsGroupNoHScrollbars/
20:42:29 Updating base class ->RscControlsGroup, by a3\ui_f\config.bin/RscControlsGroupNoVScrollbars/
20:42:29 Updating base class ->RscText, by a3\ui_f\config.bin/RscLine/
20:42:29 Updating base class ->RscActiveText, by a3\ui_f\config.bin/RscActivePicture/
20:42:29 Updating base class ->RscButton, by a3\ui_f\config.bin/RscButtonTextOnly/
20:42:29 Updating base class ->RscShortcutButton, by a3\ui_f\config.bin/RscShortcutButtonMain/
20:42:29 Updating base class ->RscShortcutButton, by a3\ui_f\config.bin/RscButtonEditor/
20:42:29 Updating base class ->RscShortcutButton, by a3\ui_f\config.bin/RscIGUIShortcutButton/
20:42:29 Updating base class ->RscShortcutButton, by a3\ui_f\config.bin/RscGearShortcutButton/
20:42:29 Updating base class ->RscShortcutButton, by a3\ui_f\config.bin/RscButtonMenu/
20:42:29 Updating base class ->RscButtonMenu, by a3\ui_f\config.bin/RscButtonMenuOK/
20:42:29 Updating base class ->RscButtonMenu, by a3\ui_f\config.bin/RscButtonMenuCancel/
20:42:29 Updating base class ->RscButtonMenu, by a3\ui_f\config.bin/RscButtonMenuSteam/
20:42:29 Updating base class ->RscText, by a3\ui_f\config.bin/RscLoadingText/
20:42:29 Updating base class ->RscListBox, by a3\ui_f\config.bin/RscIGUIListBox/
20:42:29 Updating base class ->RscListNBox, by a3\ui_f\config.bin/RscIGUIListNBox/
20:42:29 Updating base class ->RscText, by a3\ui_f\config.bin/RscBackground/
20:42:29 Updating base class ->RscText, by a3\ui_f\config.bin/RscBackgroundGUI/
20:42:29 Updating base class ->RscPicture, by a3\ui_f\config.bin/RscBackgroundGUILeft/
20:42:29 Updating base class ->RscPicture, by a3\ui_f\config.bin/RscBackgroundGUIRight/
20:42:29 Updating base class ->RscPicture, by a3\ui_f\config.bin/RscBackgroundGUIBottom/
20:42:29 Updating base class ->RscText, by a3\ui_f\config.bin/RscBackgroundGUITop/
20:42:29 Updating base class ->RscText, by a3\ui_f\config.bin/RscBackgroundGUIDark/
20:42:29 Updating base class ->RscPictureKeepAspect, by a3\ui_f\config.bin/RscBackgroundLogo/
20:42:29 Updating base class ->RscMapControl, by a3\ui_f\config.bin/RscMapControlEmpty/
20:42:29 Updating base class ->RscPicture, by a3\ui_f\config.bin/CA_Mainback/
20:42:29 Updating base class ->CA_Mainback, by a3\ui_f\config.bin/CA_Back/
20:42:29 Updating base class ->CA_Mainback, by a3\ui_f\config.bin/CA_Title_Back/
20:42:29 Updating base class ->CA_Mainback, by a3\ui_f\config.bin/CA_Black_Back/
20:42:29 Updating base class ->RscTitle, by a3\ui_f\config.bin/CA_Title/
20:42:29 Updating base class ->RscPictureKeepAspect, by a3\ui_f\config.bin/CA_Logo/
20:42:29 Updating base class ->CA_Logo, by a3\ui_f\config.bin/CA_Logo_Small/
20:42:29 Updating base class ->RscButton, by a3\ui_f\config.bin/CA_RscButton/
20:42:29 Updating base class ->CA_RscButton, by a3\ui_f\config.bin/CA_RscButton_dialog/
20:42:29 Updating base class ->RscActiveText, by a3\ui_f\config.bin/CA_Ok/
20:42:29 Updating base class ->RscText, by a3\ui_f\config.bin/CA_Ok_image/
20:42:29 Updating base class ->RscText, by a3\ui_f\config.bin/CA_Ok_image2/
20:42:29 Updating base class ->RscText, by a3\ui_f\config.bin/CA_Ok_text/
20:42:29 Updating base class ->RscPicture, by a3\ui_f\config.bin/RscVignette/
20:42:29 Updating base class ->RscControlsGroupNoScrollbars, by a3\ui_f\config.bin/RscMapControlTooltip/
20:42:29 Updating base class RscShortcutButton->RscButtonMenu, by a3\ui_f\config.bin/RscDisplayDebug/Controls/B_OK/
20:42:29 Updating base class RscShortcutButton->RscButtonMenu, by a3\ui_f\config.bin/RscDisplayDebug/Controls/B_Cancel/
20:42:29 Updating base class RscShortcutButton->RscButtonMenu, by a3\ui_f\config.bin/RscDisplayDebug/Controls/B_Clear/
20:42:29 Updating base class ->RscText, by a3\ui_f\config.bin/RscDisplayCapture/controls/TimeLines/
20:42:29 Updating base class RscShortcutButton->RscButtonMenu, by a3\ui_f\config.bin/RscDisplayCapture/controls/ButtonAverages/
20:42:29 Updating base class RscShortcutButton->RscButtonMenu, by a3\ui_f\config.bin/RscDisplayCapture/controls/ButtonSavePreviousData/
20:42:29 Updating base class RscShortcutButton->RscButtonMenu, by a3\ui_f\config.bin/RscDisplayCapture/controls/ButtonPreviousData/
20:42:29 Updating base class RscControlsGroup->RscControlsGroupNoHScrollbars, by a3\ui_f\config.bin/RscDisplayMain/controls/ModIcons/
20:42:29 Updating base class RscPicture->RscPictureKeepAspect, by a3\ui_f\config.bin/RscDisplayMain/IconPicture/
20:42:29 Updating base class IconPicture->RscPictureKeepAspect, by a3\ui_f\config.bin/RscDisplayMain/DlcOwnedIconPicture/
20:42:29 Updating base class IconPicture->RscPictureKeepAspect, by a3\ui_f\config.bin/RscDisplayMain/DlcIconPicture/
20:42:29 Updating base class RscListBox->RscCombo, by a3\ui_f\config.bin/RscDisplayCustomizeController/Steepness/
20:42:29 Updating base class ->RscStandardDisplay, by a3\ui_f\config.bin/RscDisplayControlSchemes/
20:42:29 Updating base class ButtonOK->RscButtonMenuCancel, by a3\ui_f\config.bin/RscDisplayControlSchemes/controls/ButtonCancel/
20:42:29 Updating base class RscButton->RscButtonMenuOK, by a3\ui_f\config.bin/RscDisplayControlSchemes/controls/ButtonOK/
20:42:29 Updating base class RscPicture->RscPictureKeepAspect, by a3\ui_f\config.bin/RscDisplayFileSelectImage/controls/OverviewPicture/
20:42:29 Updating base class RscShortcutButton->RscButtonMenuCancel, by a3\ui_f\config.bin/RscDisplayFieldManual/controls/ButtonCancel/
20:42:29 Cannot delete class B_KickOff, it is referenced somewhere (used as a base class probably).
20:42:29 Updating base class RscButton->RscButtonMenuCancel, by a3\ui_f\config.bin/RscDisplayPublishMission/controls/ButtonCancel/
20:42:29 Updating base class RscShortcutButton->RscButtonMenuOK, by a3\ui_f\config.bin/RscDisplayPublishMissionSelectTags/controls/ButtonOK/
20:42:29 Updating base class ButtonOK->RscButtonMenuCancel, by a3\ui_f\config.bin/RscDisplayPublishMissionSelectTags/controls/ButtonCancel/
20:42:29 Updating base class ->RscSubmenu, by a3\ui_f\config.bin/RscMainMenu/
20:42:29 Cannot update non class from class a3\ui_f\config.bin/RscCallSupport/Items/
20:42:29 Cannot update non class from class a3\ui_f\config.bin/RscRadio/Items/
20:42:29 Updating base class ->VehicleMagazine, by a3\weapons_f\config.bin/CfgMagazines/24Rnd_missiles/
20:42:29 Updating base class ->RocketPods, by a3\weapons_f\config.bin/cfgWeapons/missiles_DAR/
20:42:29 Updating base class ->Default, by a3\weapons_f\config.bin/cfgWeapons/ItemCore/
20:42:29 Updating base class ->Binocular, by a3\weapons_f\config.bin/cfgWeapons/NVGoggles/
20:42:29 Updating base class ->Bag_Base, by a3\weapons_f\ammoboxes\config.bin/CfgVehicles/B_Kitbag_Base/
20:42:29 Updating base class ->B_TacticalPack_Base, by a3\weapons_f\ammoboxes\config.bin/CfgVehicles/B_TacticalPack_oli/
20:42:29 Updating base class ->B_Bergen_Base, by a3\weapons_f\ammoboxes\config.bin/CfgVehicles/B_Bergen_rgr/
20:42:29 Updating base class ->InventoryItem_Base_F, by a3\weapons_f\items\config.bin/CfgWeapons/VestItem/
20:42:29 Updating base class ->arifle_MX_F, by a3\weapons_f\rifles\mx_black\config.bin/CfgWeapons/arifle_MX_Black_F/
20:42:29 Updating base class ->arifle_MX_GL_F, by a3\weapons_f\rifles\mx_black\config.bin/CfgWeapons/arifle_MX_GL_Black_F/
20:42:29 Updating base class ->Car_F, by task_force_radio_items\config.cpp/CfgVehicles/MRAP_03_base_F/
20:42:29 Updating base class ->Truck_F, by task_force_radio_items\config.cpp/CfgVehicles/Truck_02_base_F/
20:42:29 Updating base class ->Offroad_01_base_F, by task_force_radio_items\config.cpp/CfgVehicles/Offroad_01_armed_base_F/
20:42:30 Updating base class ->Man, by a3\characters_f\config.bin/CfgVehicles/CAManBase/
20:42:30 Updating base class Man->Civilian, by a3\characters_f\config.bin/CfgVehicles/Civilian_F/
20:42:30 Updating base class ->CAManBase, by a3\characters_f\config.bin/CfgVehicles/SoldierWB/
20:42:30 Updating base class ->B_Soldier_base_F, by a3\characters_f\config.bin/CfgVehicles/B_Soldier_02_f/
20:42:30 Updating base class ->B_Soldier_base_F, by a3\characters_f\config.bin/CfgVehicles/B_soldier_UAV_F/
20:42:30 Updating base class ->SoldierGB, by a3\characters_f\config.bin/CfgVehicles/I_Soldier_base_F/
20:42:30 Updating base class ->I_Soldier_02_F, by a3\characters_f\config.bin/CfgVehicles/I_Soldier_AR_F/
20:42:30 Updating base class ->I_Soldier_base_F, by a3\characters_f\config.bin/CfgVehicles/I_Soldier_TL_F/
20:42:30 Updating base class ->I_Soldier_base_F, by a3\characters_f\config.bin/CfgVehicles/I_Soldier_M_F/
20:42:30 Updating base class ->I_Soldier_base_F, by a3\characters_f\config.bin/CfgVehicles/I_Soldier_AT_F/
20:42:30 Updating base class ->I_Soldier_02_F, by a3\characters_f\config.bin/CfgVehicles/I_Soldier_AA_F/
20:42:30 Updating base class ->I_Soldier_02_F, by a3\characters_f\config.bin/CfgVehicles/I_medic_F/
20:42:30 Updating base class ->I_Soldier_base_F, by a3\characters_f\config.bin/CfgVehicles/I_engineer_F/
20:42:30 Updating base class ->I_Soldier_base_F, by a3\characters_f\config.bin/CfgVehicles/I_crew_F/
20:42:30 Updating base class ->I_Soldier_03_F, by a3\characters_f\config.bin/CfgVehicles/I_helipilot_F/
20:42:30 Updating base class ->I_Soldier_base_F, by a3\characters_f\config.bin/CfgVehicles/I_officer_F/
20:42:30 Updating base class Man->O_Soldier_base_F, by a3\characters_f\config.bin/CfgVehicles/O_Soldier_F/
20:42:30 Updating base class ->ItemCore, by a3\characters_f\config.bin/cfgWeapons/Uniform_Base/
20:42:30 Updating base class ->ItemCore, by a3\characters_f\config.bin/cfgWeapons/Vest_Camo_Base/
20:42:30 Updating base class ->ItemCore, by a3\characters_f\config.bin/cfgWeapons/Vest_NoCamo_Base/
20:42:30 Updating base class ->Vest_NoCamo_Base, by a3\characters_f\config.bin/cfgWeapons/V_PlateCarrier1_rgr/
20:42:30 Updating base class ->Vest_Camo_Base, by a3\characters_f\config.bin/cfgWeapons/V_TacVest_khk/
20:42:30 Updating base class ->Vest_NoCamo_Base, by a3\characters_f\config.bin/cfgWeapons/V_TacVestIR_blk/
20:42:30 Updating base class ->Vest_NoCamo_Base, by a3\characters_f\config.bin/cfgWeapons/V_PlateCarrierIA1_dgtl/
20:42:30 Updating base class ->InventoryItem_Base_F, by a3\characters_f\config.bin/cfgWeapons/HeadgearItem/
20:42:30 Updating base class ->H_HelmetB, by a3\characters_f\config.bin/cfgWeapons/H_Booniehat_khk/
20:42:30 Updating base class ItemCore->H_HelmetB_plain_mcamo, by a3\characters_f\config.bin/cfgWeapons/H_HelmetB_plain_blk/
20:42:30 Updating base class ->H_HelmetB, by a3\characters_f\config.bin/cfgWeapons/H_Cap_red/
20:42:30 Updating base class ->H_HelmetB, by a3\characters_f\config.bin/cfgWeapons/H_Bandanna_surfer/
20:42:30 Updating base class ->None, by a3\characters_f\heads\config.bin/CfgGlasses/G_Diving/
20:42:30 Updating base class ->None, by a3\characters_f\heads\config.bin/CfgGlasses/G_Tactical_Clear/
20:42:30 Updating base class ->HMG_01_high_base_F, by a3\static_f\config.bin/CfgVehicles/I_HMG_01_high_F/
20:42:30 Updating base class ->Mortar_01_base_F, by a3\static_f\mortar_01\config.bin/CfgVehicles/I_Mortar_01_F/
20:42:30 Updating base class ->ItemCore, by a3\weapons_f\acc\config.bin/cfgWeapons/muzzle_snds_H/
20:42:30 Updating base class ->muzzle_snds_H, by a3\weapons_f\acc\config.bin/cfgWeapons/muzzle_snds_L/
20:42:30 Updating base class ->muzzle_snds_H, by a3\weapons_f\acc\config.bin/cfgWeapons/muzzle_snds_M/
20:42:30 Updating base class ->muzzle_snds_H, by a3\weapons_f\acc\config.bin/cfgWeapons/muzzle_snds_B/
20:42:30 Updating base class ->muzzle_snds_H, by a3\weapons_f\acc\config.bin/cfgWeapons/muzzle_snds_H_MG/
20:42:30 Updating base class ->ItemCore, by a3\weapons_f\acc\config.bin/cfgWeapons/optic_Arco/
20:42:30 Updating base class ->ItemCore, by a3\weapons_f\acc\config.bin/cfgWeapons/optic_Hamr/
20:42:30 Updating base class ->ItemCore, by a3\weapons_f\acc\config.bin/cfgWeapons/optic_Aco/
20:42:30 Updating base class ->ItemCore, by a3\weapons_f\acc\config.bin/cfgWeapons/optic_ACO_grn/
20:42:30 Updating base class ->ItemCore, by a3\weapons_f\acc\config.bin/cfgWeapons/optic_Holosight/
20:42:30 Updating base class ->ItemCore, by a3\weapons_f\acc\config.bin/cfgWeapons/optic_SOS/
20:42:30 Updating base class ->ItemCore, by a3\weapons_f\acc\config.bin/cfgWeapons/acc_pointer_IR/
20:42:30 Updating base class ->ItemCore, by a3\weapons_f\acc\config.bin/cfgWeapons/optic_MRCO/
20:42:30 Updating base class ->ItemCore, by a3\weapons_f\acc\config.bin/cfgWeapons/optic_DMS/
20:42:30 Updating base class B_Soldier_04_f->B_Soldier_base_F, by FANTASMA_Units\config.cpp/CfgVehicles/B_Helipilot_F/
20:42:30 Updating base class B_Soldier_05_f->B_Helipilot_F, by FANTASMA_Units\config.cpp/CfgVehicles/B_Pilot_F/
20:42:30 Updating base class Civilian->Man, by rds_a2port_cman\config.bin/CfgVehicles/Civilian_F/
20:42:30 Updating base class Man->Civilian, by unlocked_uniforms\config.bin/CfgVehicles/Civilian_F/
20:42:30 Updating base class ->Helicopter, by a3\air_f\config.bin/CfgVehicles/Helicopter_Base_F/
20:42:30 Updating base class ->Helicopter_Base_F, by a3\air_f\config.bin/CfgVehicles/Helicopter_Base_H/
20:42:30 Updating base class ->Heli_Light_01_base_F, by a3\air_f\heli_light_01\config.bin/CfgVehicles/B_Heli_Light_01_F/
20:42:30 Updating base class ->Heli_Light_02_base_F, by a3\air_f\heli_light_02\config.bin/CfgVehicles/O_Heli_Light_02_F/
20:42:30 Updating base class ->Heli_Light_02_base_F, by a3\air_f\heli_light_02\config.bin/CfgVehicles/O_Heli_Light_02_unarmed_F/
20:42:30 Updating base class ->Heli_Attack_01_base_F, by a3\air_f_beta\heli_attack_01\config.bin/CfgVehicles/B_Heli_Attack_01_F/
20:42:30 Updating base class ->Heli_Transport_01_base_F, by a3\air_f_beta\heli_transport_01\config.bin/CfgVehicles/B_Heli_Transport_01_F/
20:42:30 Updating base class ->Heli_Transport_02_base_F, by a3\air_f_beta\heli_transport_02\config.bin/CfgVehicles/I_Heli_Transport_02_F/
20:42:30 Updating base class ->I_Heli_light_03_unarmed_base_F, by a3\air_f_epb\heli_light_03\config.bin/CfgVehicles/I_Heli_light_03_unarmed_F/
20:42:30 Updating base class ->Car, by a3\armor_f_beta\config.bin/CfgVehicles/Car_F/
20:42:30 Updating base class ->B_APC_Tracked_01_base_F, by a3\armor_f_beta\apc_tracked_01\config.bin/CfgVehicles/B_APC_Tracked_01_rcws_F/
20:42:30 Updating base class ->B_APC_Tracked_01_base_F, by a3\armor_f_beta\apc_tracked_01\config.bin/CfgVehicles/B_APC_Tracked_01_CRV_F/
20:42:30 Updating base class ->O_APC_Tracked_02_base_F, by a3\armor_f_beta\apc_tracked_02\config.bin/CfgVehicles/O_APC_Tracked_02_cannon_F/
20:42:30 Updating base class Optics_Commander_02->Optics_Armored, by a3\armor_f_epb\apc_tracked_03\config.bin/Optics_Commander_03/
20:42:30 Updating base class ->I_MBT_03_base_F, by a3\armor_f_epb\mbt_03\config.bin/CfgVehicles/I_MBT_03_cannon_F/
20:42:30 Updating base class ->B_MBT_01_base_F, by a3\armor_f_gamma\mbt_01\config.bin/CfgVehicles/B_MBT_01_cannon_F/
20:42:30 Updating base class ->Ship_F, by a3\boat_f\config.bin/CfgVehicles/Boat_F/
20:42:30 Updating base class ->Boat_Armed_01_minigun_base_F, by a3\boat_f_beta\boat_armed_01\config.bin/CfgVehicles/I_Boat_Armed_01_minigun_F/
20:42:30 Updating base class ->Ship_F, by a3\boat_f_gamma\boat_civil_01\config.bin/CfgVehicles/Boat_Civil_01_base_F/
20:42:30 Updating base class ->Boat_Civil_01_base_F, by a3\boat_f_gamma\boat_civil_01\config.bin/CfgVehicles/C_Boat_Civil_01_F/
20:42:30 Updating base class ->B_Helipilot_F, by a3\characters_f\common\config.bin/CfgVehicles/B_UAV_AI/
20:42:30 Updating base class ->Car_F, by a3\soft_f\config.bin/CfgVehicles/Truck_F/
20:42:30 Updating base class ->MRAP_01_base_F, by a3\soft_f\mrap_01\config.bin/CfgVehicles/MRAP_01_gmg_base_F/
20:42:30 Updating base class ->MRAP_01_gmg_base_F, by a3\soft_f\mrap_01\config.bin/CfgVehicles/MRAP_01_hmg_base_F/
20:42:30 Updating base class ->MRAP_01_base_F, by a3\soft_f\mrap_01\config.bin/CfgVehicles/B_MRAP_01_F/
20:42:30 Updating base class ->Car_F, by a3\soft_f\offroad_01\config.bin/CfgVehicles/Offroad_01_base_F/
20:42:30 Updating base class ->MRAP_03_base_F, by a3\soft_f_beta\mrap_03\config.bin/CfgVehicles/MRAP_03_hmg_base_F/
20:42:30 Updating base class ->MRAP_03_hmg_base_F, by a3\soft_f_beta\mrap_03\config.bin/CfgVehicles/MRAP_03_gmg_base_F/
20:42:30 Updating base class ->Truck_02_base_F, by a3\soft_f_beta\truck_02\config.bin/CfgVehicles/I_Truck_02_transport_F/
20:42:30 Updating base class ->Car_F, by a3\soft_f_gamma\hatchback_01\config.bin/CfgVehicles/Hatchback_01_base_F/
20:42:30 Updating base class ->Truck_02_base_F, by a3\soft_f_gamma\truck_02\config.bin/CfgVehicles/I_Truck_02_ammo_F/
20:42:30 Updating base class ->Truck_02_base_F, by a3\soft_f_gamma\truck_02\config.bin/CfgVehicles/I_Truck_02_box_F/
20:42:30 Updating base class ->I_Truck_02_box_F, by a3\soft_f_gamma\truck_02\config.bin/CfgVehicles/I_Truck_02_medical_F/
20:42:30 Updating base class ->Truck_02_base_F, by a3\soft_f_gamma\truck_02\config.bin/CfgVehicles/I_Truck_02_fuel_F/
20:42:30 Updating base class ->AA_01_base_F, by a3\static_f\aa_01\config.bin/CfgVehicles/I_static_AA_F/
20:42:30 Updating base class ->AT_01_base_F, by a3\static_f\at_01\config.bin/CfgVehicles/I_static_AT_F/
20:42:30 Updating base class Car_F->LandRover_Base_FFV_F, by pansy\LandRover\config.bin/CfgVehicles/BAF_Offroad_D/
20:42:30 Cannot delete class Eventhandlers, it is referenced somewhere (used as a base class probably).
20:42:30 Cannot delete class Eventhandlers, it is referenced somewhere (used as a base class probably).
20:42:30 Cannot delete class Eventhandlers, it is referenced somewhere (used as a base class probably).
20:42:30 Cannot delete class EventHandlers, it is referenced somewhere (used as a base class probably).
20:42:30 Cannot delete class EventHandlers, it is referenced somewhere (used as a base class probably).
20:42:30 Cannot delete class Eventhandlers, it is referenced somewhere (used as a base class probably).
20:42:30 Cannot delete class EventHandlers, it is referenced somewhere (used as a base class probably).
20:42:30 Cannot delete class EventHandlers, it is referenced somewhere (used as a base class probably).
20:42:30 Cannot delete class EventHandlers, it is referenced somewhere (used as a base class probably).
20:42:30 Cannot delete class EventHandlers, it is referenced somewhere (used as a base class probably).
20:42:30 Updating base class ->UserActions, by a3\air_f_heli\heli_transport_02\config.bin/CfgVehicles/Heli_Transport_02_base_F/UserActions/
20:42:30 Updating base class ->B_APC_Wheeled_01_base_F, by a3\armor_f_beta\apc_wheeled_01\config.bin/CfgVehicles/B_APC_Wheeled_01_cannon_F/
20:42:30 Updating base class ->UGV_01_base_F, by a3\drones_f\soft_f_gamma\ugv_01\config.bin/CfgVehicles/I_UGV_01_F/
20:42:30 Updating base class ->UGV_01_rcws_base_F, by a3\drones_f\soft_f_gamma\ugv_01\config.bin/CfgVehicles/I_UGV_01_rcws_F/
20:42:30 ragdollHitDmgLimit (0.000000) is lower than minimum (0.010000) and it was set to min.
20:42:30 Initializing Steam Manager
20:42:30 ManagerConfig()
20:42:30 Steam Manager initialized.
20:42:30 
20:42:30 ==== Loaded addons ====
20:42:30 
20:42:30 dta\bin.pbo - unknown
20:42:30 dta\core.pbo - 72362
20:42:30 dta\languagecore_f.pbo - 76057
20:42:30 C:\Games\ArmA3\A3Master\@altisrpfr\addons\altisrpfr.pbo - unknown
20:42:30 C:\Games\ArmA3\A3Master\@altisrpfr\addons\bwi_a3_t6.pbo - unknown
20:42:30 C:\Games\ArmA3\A3Master\@altisrpfr\addons\caf_ag_equip.pbo - unknown
20:42:30 C:\Games\ArmA3\A3Master\@altisrpfr\addons\caf_ag_equip_c.pbo - unknown
20:42:30 C:\Games\ArmA3\A3Master\@altisrpfr\addons\caf_ag_equip_t.pbo - unknown
20:42:30 C:\Games\ArmA3\A3Master\@altisrpfr\addons\caf_ag_factions.pbo - unknown
20:42:30 C:\Games\ArmA3\A3Master\@altisrpfr\addons\cba_ai.pbo - 004
20:42:30 C:\Games\ArmA3\A3Master\@altisrpfr\addons\cba_arrays.pbo - 003
20:42:30 C:\Games\ArmA3\A3Master\@altisrpfr\addons\cba_common.pbo - 014
20:42:30 C:\Games\ArmA3\A3Master\@altisrpfr\addons\cba_diagnostic.pbo - 004
20:42:30 C:\Games\ArmA3\A3Master\@altisrpfr\addons\cba_events.pbo - 003
20:42:30 C:\Games\ArmA3\A3Master\@altisrpfr\addons\cba_extended_eventhandlers.pbo - 002
20:42:30 C:\Games\ArmA3\A3Master\@altisrpfr\addons\cba_hashes.pbo - 004
20:42:30 C:\Games\ArmA3\A3Master\@altisrpfr\addons\cba_help.pbo - 004
20:42:30 C:\Games\ArmA3\A3Master\@altisrpfr\addons\cba_keybinding.pbo - 007
20:42:30 C:\Games\ArmA3\A3Master\@altisrpfr\addons\cba_main.pbo - 012
20:42:30 C:\Games\ArmA3\A3Master\@altisrpfr\addons\cba_main_a3.pbo - 002
20:42:30 C:\Games\ArmA3\A3Master\@altisrpfr\addons\cba_network.pbo - 012
20:42:30 C:\Games\ArmA3\A3Master\@altisrpfr\addons\cba_strings.pbo - 002
20:42:30 C:\Games\ArmA3\A3Master\@altisrpfr\addons\cba_ui.pbo - 017
20:42:30 C:\Games\ArmA3\A3Master\@altisrpfr\addons\cba_ui_helper.pbo - 002
20:42:30 C:\Games\ArmA3\A3Master\@altisrpfr\addons\cba_vectors.pbo - 002
20:42:30 C:\Games\ArmA3\A3Master\@altisrpfr\addons\cba_versioning.pbo - 002
20:42:30 C:\Games\ArmA3\A3Master\@altisrpfr\addons\cba_xeh.pbo - 011
20:42:30 C:\Games\ArmA3\A3Master\@altisrpfr\addons\cba_xeh_a3.pbo - 007
20:42:30 C:\Games\ArmA3\A3Master\@altisrpfr\addons\fantasma_units.pbo - unknown
20:42:30 C:\Games\ArmA3\A3Master\@altisrpfr\addons\fr_items.pbo - unknown
20:42:30 C:\Games\ArmA3\A3Master\@altisrpfr\addons\gnt_c185.pbo - unknown
20:42:30 C:\Games\ArmA3\A3Master\@altisrpfr\addons\hk430&m4benelli.pbo - unknown
20:42:30 C:\Games\ArmA3\A3Master\@altisrpfr\addons\hk430&m4benelli_noaddons.pbo - unknown
20:42:30 C:\Games\ArmA3\A3Master\@altisrpfr\addons\ira_pack.pbo - unknown
20:42:30 C:\Games\ArmA3\A3Master\@altisrpfr\addons\landrover.pbo - unknown
20:42:30 C:\Games\ArmA3\A3Master\@altisrpfr\addons\mas_nw_rifle.pbo - unknown
20:42:30 C:\Games\ArmA3\A3Master\@altisrpfr\addons\mas_ru_rifle.pbo - unknown
20:42:30 C:\Games\ArmA3\A3Master\@altisrpfr\addons\mas_us_rifle.pbo - unknown
20:42:30 C:\Games\ArmA3\A3Master\@altisrpfr\addons\mas_us_rifle_c.pbo - unknown
20:42:30 C:\Games\ArmA3\A3Master\@altisrpfr\addons\pg_services_pmc.pbo - unknown
20:42:30 C:\Games\ArmA3\A3Master\@altisrpfr\addons\pg_services_pmc_config.pbo - unknown
20:42:30 C:\Games\ArmA3\A3Master\@altisrpfr\addons\plp_truckcolors.pbo - unknown
20:42:30 C:\Games\ArmA3\A3Master\@altisrpfr\addons\rav_lifter_a3.pbo - unknown
20:42:30 C:\Games\ArmA3\A3Master\@altisrpfr\addons\rds_a2port_civ.pbo - unknown
20:42:30 C:\Games\ArmA3\A3Master\@altisrpfr\addons\rds_a2port_civ_c.pbo - unknown
20:42:30 C:\Games\ArmA3\A3Master\@altisrpfr\addons\rds_a2port_cman.pbo - unknown
20:42:30 C:\Games\ArmA3\A3Master\@altisrpfr\addons\sab_un2030.pbo - unknown
20:42:30 C:\Games\ArmA3\A3Master\@altisrpfr\addons\sakuweaponshake.pbo - unknown
20:42:30 C:\Games\ArmA3\A3Master\@altisrpfr\addons\st_stamina_bar.pbo - unknown
20:42:30 C:\Games\ArmA3\A3Master\@altisrpfr\addons\task_force_radio.pbo - unknown
20:42:30 C:\Games\ArmA3\A3Master\@altisrpfr\addons\task_force_radio_items.pbo - unknown
20:42:30 C:\Games\ArmA3\A3Master\@altisrpfr\addons\unlocked_uniforms.pbo - unknown
20:42:30 C:\Games\ArmA3\A3Master\@altisrpfr\addons\uvf_pack.pbo - unknown
20:42:30 C:\Games\ArmA3\A3Master\@life_server\addons\life_server.pbo - unknown
20:42:30 C:\Games\ArmA3\A3Master\heli\addons\air_f_heli.ebo - 76060
20:42:30 C:\Games\ArmA3\A3Master\heli\addons\anims_f_heli.ebo - 72362
20:42:30 C:\Games\ArmA3\A3Master\heli\addons\boat_f_heli.ebo - 74189
20:42:30 C:\Games\ArmA3\A3Master\heli\addons\cargoposes_f_heli.ebo - 76039
20:42:30 C:\Games\ArmA3\A3Master\heli\addons\data_f_heli.ebo - 76047
20:42:30 C:\Games\ArmA3\A3Master\heli\addons\dubbing_f_heli.ebo - 75138
20:42:30 C:\Games\ArmA3\A3Master\heli\addons\functions_f_heli.ebo - 75918
20:42:30 C:\Games\ArmA3\A3Master\heli\addons\languagemissions_f_heli.ebo - 76057
20:42:30 C:\Games\ArmA3\A3Master\heli\addons\language_f_heli.ebo - 76057
20:42:30 C:\Games\ArmA3\A3Master\heli\addons\missions_f_heli.ebo - 76039
20:42:30 C:\Games\ArmA3\A3Master\heli\addons\missions_f_heli_data.ebo - 75977
20:42:30 C:\Games\ArmA3\A3Master\heli\addons\missions_f_heli_video.ebo - 75065
20:42:30 C:\Games\ArmA3\A3Master\heli\addons\modules_f_heli.ebo - 76039
20:42:30 C:\Games\ArmA3\A3Master\heli\addons\music_f_heli.ebo - 76012
20:42:30 C:\Games\ArmA3\A3Master\heli\addons\music_f_heli_music.ebo - 76012
20:42:30 C:\Games\ArmA3\A3Master\heli\addons\soft_f_heli.ebo - 74189
20:42:30 C:\Games\ArmA3\A3Master\heli\addons\sounds_f_heli.ebo - 75591
20:42:30 C:\Games\ArmA3\A3Master\heli\addons\structures_f_heli.ebo - 75566
20:42:30 C:\Games\ArmA3\A3Master\heli\addons\supplies_f_heli.ebo - 75687
20:42:30 C:\Games\ArmA3\A3Master\heli\addons\ui_f_heli.ebo - 76012
20:42:30 C:\Games\ArmA3\A3Master\kart\addons\anims_f_kart.pbo - 72362
20:42:30 C:\Games\ArmA3\A3Master\kart\addons\characters_f_kart.pbo - 73106
20:42:30 C:\Games\ArmA3\A3Master\kart\addons\data_f_kart.pbo - 75977
20:42:30 C:\Games\ArmA3\A3Master\kart\addons\languagemissions_f_kart.pbo - 73106
20:42:30 C:\Games\ArmA3\A3Master\kart\addons\language_f_kart.pbo - 76053
20:42:30 C:\Games\ArmA3\A3Master\kart\addons\missions_f_kart.pbo - 75687
20:42:30 C:\Games\ArmA3\A3Master\kart\addons\missions_f_kart_data.pbo - 75687
20:42:30 C:\Games\ArmA3\A3Master\kart\addons\modules_f_kart.pbo - 76023
20:42:30 C:\Games\ArmA3\A3Master\kart\addons\modules_f_kart_data.pbo - 74588
20:42:30 C:\Games\ArmA3\A3Master\kart\addons\soft_f_kart.pbo - 74928
20:42:30 C:\Games\ArmA3\A3Master\kart\addons\sounds_f_kart.pbo - 73106
20:42:30 C:\Games\ArmA3\A3Master\kart\addons\structures_f_kart.pbo - 74572
20:42:30 C:\Games\ArmA3\A3Master\kart\addons\ui_f_kart.pbo - 73106
20:42:30 C:\Games\ArmA3\A3Master\kart\addons\weapons_f_kart.pbo - 76039
20:42:30 C:\Games\ArmA3\A3Master\curator\addons\data_f_curator.pbo - 74685
20:42:30 C:\Games\ArmA3\A3Master\curator\addons\functions_f_curator.pbo - 75024
20:42:30 C:\Games\ArmA3\A3Master\curator\addons\language_f_curator.pbo - 73106
20:42:30 C:\Games\ArmA3\A3Master\curator\addons\missions_f_curator.pbo - 75167
20:42:30 C:\Games\ArmA3\A3Master\curator\addons\modules_f_curator.pbo - 75024
20:42:30 C:\Games\ArmA3\A3Master\curator\addons\ui_f_curator.pbo - 75024
20:42:30 addons\a3.pbo - unknown
20:42:30 addons\air_f.pbo - 75994
20:42:30 addons\air_f_beta.pbo - 76060
20:42:30 addons\air_f_epb.pbo - 76010
20:42:30 addons\air_f_epc.pbo - 75399
20:42:30 addons\air_f_gamma.pbo - 75399
20:42:30 addons\air_f_rtd.pbo - 75688
20:42:30 addons\animals_f.pbo - 72362
20:42:30 addons\animals_f_beta.pbo - 72362
20:42:30 addons\anims_f.pbo - 75912
20:42:30 addons\anims_f_bootcamp.pbo - 72362
20:42:30 addons\anims_f_data.pbo - 72362
20:42:30 addons\anims_f_epa.pbo - 72362
20:42:30 addons\anims_f_epc.pbo - 72362
20:42:30 addons\armor_f.pbo - 72362
20:42:30 addons\armor_f_beta.pbo - 75311
20:42:30 addons\armor_f_epb.pbo - 75319
20:42:30 addons\armor_f_epc.pbo - 74356
20:42:30 addons\armor_f_gamma.pbo - 75311
20:42:30 addons\asm.pbo - unknown
20:42:30 addons\baseconfig_f.pbo - 73106
20:42:30 addons\boat_f.pbo - 75400
20:42:30 addons\boat_f_beta.pbo - 74356
20:42:30 addons\boat_f_epc.pbo - 74356
20:42:30 addons\boat_f_gamma.pbo - 74356
20:42:30 addons\cargoposes_f.pbo - 75766
20:42:30 addons\characters_f.pbo - 76014
20:42:30 addons\characters_f_beta.pbo - 74412
20:42:30 addons\characters_f_bootcamp.pbo - 73106
20:42:30 addons\characters_f_epa.pbo - 75270
20:42:30 addons\characters_f_epb.pbo - 73106
20:42:30 addons\characters_f_epc.pbo - 73106
20:42:30 addons\characters_f_gamma.pbo - 73106
20:42:30 addons\data_f.pbo - 75912
20:42:30 addons\data_f_bootcamp.pbo - 74893
20:42:30 addons\drones_f.pbo - 75566
20:42:30 addons\dubbing_f.pbo - 73106
20:42:30 addons\dubbing_f_beta.pbo - 73106
20:42:30 addons\dubbing_f_bootcamp.pbo - 73106
20:42:30 addons\dubbing_f_epa.pbo - 73106
20:42:30 addons\dubbing_f_epb.pbo - 73106
20:42:30 addons\dubbing_f_epc.pbo - 73106
20:42:30 addons\dubbing_f_gamma.pbo - 73106
20:42:30 addons\dubbing_radio_f.pbo - 74779
20:42:30 addons\dubbing_radio_f_data.pbo - 74858
20:42:30 addons\editor_f.pbo - 74164
20:42:30 addons\functions_f.pbo - 76042
20:42:30 addons\functions_f_bootcamp.pbo - 75242
20:42:30 addons\functions_f_epa.pbo - 73434
20:42:30 addons\functions_f_epc.pbo - 73106
20:42:30 addons\languagemissions_f.pbo - 75912
20:42:30 addons\languagemissions_f_beta.pbo - 73106
20:42:30 addons\languagemissions_f_bootcamp.pbo - 73776
20:42:30 addons\languagemissions_f_epa.pbo - 75086
20:42:30 addons\languagemissions_f_epb.pbo - 73841
20:42:30 addons\languagemissions_f_epc.pbo - 75863
20:42:30 addons\languagemissions_f_gamma.pbo - 73106
20:42:30 addons\language_f.pbo - 75994
20:42:30 addons\language_f_beta.pbo - 74145
20:42:30 addons\language_f_bootcamp.pbo - 75106
20:42:30 addons\language_f_epa.pbo - 73106
20:42:30 addons\language_f_epb.pbo - 73106
20:42:30 addons\language_f_epc.pbo - 75722
20:42:30 addons\language_f_gamma.pbo - 73106
20:42:30 addons\map_altis.pbo - 73767
20:42:30 addons\map_altis_data.pbo - 73106
20:42:30 addons\map_altis_data_layers.pbo - 73106
20:42:30 addons\map_altis_data_layers_00_00.pbo - 73106
20:42:30 addons\map_altis_data_layers_00_01.pbo - 73106
20:42:30 addons\map_altis_data_layers_01_00.pbo - 73106
20:42:30 addons\map_altis_data_layers_01_01.pbo - 73106
20:42:30 addons\map_altis_scenes_f.pbo - 73106
20:42:30 addons\map_data.pbo - 73001
20:42:30 addons\map_stratis.pbo - 72244
20:42:30 addons\map_stratis_data.pbo - 73106
20:42:30 addons\map_stratis_data_layers.pbo - 73106
20:42:30 addons\map_stratis_scenes_f.pbo - 73106
20:42:30 addons\map_vr.pbo - 73106
20:42:30 addons\map_vr_scenes_f.pbo - 73106
20:42:30 addons\misc_f.pbo - 74445
20:42:30 addons\missions_f.pbo - 74929
20:42:30 addons\missions_f_beta.pbo - 75566
20:42:30 addons\missions_f_beta_data.pbo - 75473
20:42:30 addons\missions_f_beta_video.pbo - 73106
20:42:30 addons\missions_f_bootcamp.pbo - 75768
20:42:30 addons\missions_f_bootcamp_data.pbo - 72362
20:42:30 addons\missions_f_bootcamp_video.pbo - 75065
20:42:30 addons\missions_f_data.pbo - 73106
20:42:30 addons\missions_f_epa.pbo - 75928
20:42:30 addons\missions_f_epa_data.pbo - 73106
20:42:30 addons\missions_f_epa_video.pbo - 73106
20:42:30 addons\missions_f_epb.pbo - 75913
20:42:30 addons\missions_f_epb_data.pbo - 73106
20:42:30 addons\missions_f_epb_video.pbo - 73106
20:42:30 addons\missions_f_epc.pbo - 75913
20:42:30 addons\missions_f_epc_data.pbo - 73106
20:42:30 addons\missions_f_epc_video.pbo - 73106
20:42:30 addons\missions_f_gamma.pbo - 76039
20:42:30 addons\missions_f_gamma_data.pbo - 73106
20:42:30 addons\missions_f_gamma_video.pbo - 73106
20:42:30 addons\missions_f_video.pbo - 73106
20:42:30 addons\modules_f.pbo - 75373
20:42:30 addons\modules_f_beta.pbo - 73635
20:42:30 addons\modules_f_beta_data.pbo - 73635
20:42:30 addons\modules_f_bootcamp.pbo - 73106
20:42:30 addons\modules_f_data.pbo - 73106
20:42:30 addons\modules_f_epb.pbo - 73106
20:42:30 addons\music_f.pbo - 73106
20:42:30 addons\music_f_bootcamp.pbo - 73106
20:42:30 addons\music_f_bootcamp_music.pbo - 73106
20:42:30 addons\music_f_epa.pbo - 73106
20:42:30 addons\music_f_epa_music.pbo - 73106
20:42:30 addons\music_f_epb.pbo - 73106
20:42:30 addons\music_f_epb_music.pbo - 73106
20:42:30 addons\music_f_epc.pbo - 73106
20:42:30 addons\music_f_epc_music.pbo - 73106
20:42:30 addons\music_f_music.pbo - 73106
20:42:30 addons\plants_f.pbo - 73106
20:42:30 addons\roads_f.pbo - 73001
20:42:30 addons\rocks_f.pbo - 73767
20:42:30 addons\signs_f.pbo - 72273
20:42:30 addons\soft_f.pbo - 76010
20:42:30 addons\soft_f_beta.pbo - 76010
20:42:30 addons\soft_f_bootcamp.pbo - 74362
20:42:30 addons\soft_f_epc.pbo - 76010
20:42:30 addons\soft_f_gamma.pbo - 76010
20:42:30 addons\sounds_f.pbo - 75994
20:42:30 addons\sounds_f_bootcamp.pbo - 73106
20:42:30 addons\sounds_f_epb.pbo - 73106
20:42:30 addons\sounds_f_epc.pbo - 73106
20:42:30 addons\sounds_f_vehicles.pbo - 75994
20:42:30 addons\sounds_f_weapons.pbo - 74194
20:42:30 addons\static_f.pbo - 75918
20:42:30 addons\static_f_beta.pbo - 73106
20:42:30 addons\static_f_gamma.pbo - 73106
20:42:30 addons\structures_f.pbo - 75500
20:42:30 addons\structures_f_bootcamp.pbo - 73467
20:42:30 addons\structures_f_data.pbo - 75500
20:42:30 addons\structures_f_epa.pbo - 73106
20:42:30 addons\structures_f_epb.pbo - 73106
20:42:30 addons\structures_f_epc.pbo - 75500
20:42:30 addons\structures_f_households.pbo - 75500
20:42:30 addons\structures_f_ind.pbo - 75500
20:42:30 addons\structures_f_mil.pbo - 75500
20:42:30 addons\structures_f_wrecks.pbo - 75500
20:42:30 addons\uifonts_f.pbo - 73106
20:42:30 addons\uifonts_f_data.pbo - 73106
20:42:30 addons\ui_f.pbo - 76048
20:42:30 addons\ui_f_bootcamp.pbo - 73106
20:42:30 addons\ui_f_data.pbo - 75977
20:42:30 addons\weapons_f.pbo - 75746
20:42:30 addons\weapons_f_beta.pbo - 72309
20:42:30 addons\weapons_f_bootcamp.pbo - 73106
20:42:30 addons\weapons_f_epa.pbo - 73106
20:42:30 addons\weapons_f_epb.pbo - 73106
20:42:30 addons\weapons_f_epc.pbo - 73106
20:42:30 addons\weapons_f_gamma.pbo - 73106
20:42:30 
20:42:30 =======================
20:42:30 
20:42:30 InitSound ...
20:42:30 InitSound - complete
20:42:30 PhysX3 SDK Init started ...
20:42:30 PhysX3 SDK Init ended.
20:42:36 Initializing Steam server - Game Port: 2302, Steam Query Port: 2303
20:42:36 Item STR_Global_Close listed twice
20:42:36 Unsupported language English in stringtable
20:42:36 Item STR_Global_Close listed twice
20:42:36 Unsupported language English in stringtable
20:42:37 Connected to Steam servers
20:42:38 Server error: Player without identity Pretre Burme (id 925163659)
20:42:38 Server error: Player without identity Pretre Burme (id 925163659)
20:42:38 Server error: Player without identity Pretre Burme (id 925163659)
20:42:38 Server error: Player without identity Pretre Burme (id 925163659)
20:42:38 Server error: Player without identity Pretre Burme (id 925163659)
20:42:38 Server error: Player without identity Pretre Burme (id 925163659)
20:42:38 Server error: Player without identity Pretre Burme (id 925163659)
20:42:38 Server error: Player without identity Pretre Burme (id 925163659)
20:42:38 Server error: Player without identity Pretre Burme (id 925163659)
20:42:38 Server error: Player without identity Pretre Burme (id 925163659)
20:42:38 Server error: Player without identity Pretre Burme (id 925163659)
20:42:38 Server error: Player without identity Pretre Burme (id 925163659)
20:42:38 Server error: Player without identity Pretre Burme (id 925163659)
20:42:38 Server error: Player without identity Pretre Burme (id 925163659)
20:42:38 Server error: Player without identity Pretre Burme (id 925163659)
20:42:38 Server error: Player without identity Pretre Burme (id 925163659)
20:42:38 Server error: Player without identity Pretre Burme (id 925163659)
20:42:38 Server error: Player without identity Pretre Burme (id 925163659)
20:42:49 Item STR_Global_Close listed twice
20:42:49 Unsupported language English in stringtable
20:42:49 Item STR_Global_Close listed twice
20:42:49 Unsupported language English in stringtable
20:42:50 Server error: Player without identity Youri Litovski (id 1079793181)
20:42:50 Server error: Player without identity Youri Litovski (id 1079793181)
20:42:50 Server error: Player without identity Youri Litovski (id 1079793181)
20:42:50 Server error: Player without identity Youri Litovski (id 1079793181)
20:42:50 Server error: Player without identity Youri Litovski (id 1079793181)
20:42:50 Server error: Player without identity Youri Litovski (id 1079793181)
20:42:50 Server error: Player without identity Youri Litovski (id 1079793181)
20:42:50 Server error: Player without identity Youri Litovski (id 1079793181)
20:42:50 Server error: Player without identity Youri Litovski (id 1079793181)
20:42:50 Server error: Player without identity Youri Litovski (id 1079793181)
20:42:50 Server error: Player without identity Youri Litovski (id 1079793181)
20:42:50 Server error: Player without identity Youri Litovski (id 1079793181)
20:42:50 Server error: Player without identity Youri Litovski (id 1079793181)
20:42:50 Server error: Player without identity Youri Litovski (id 1079793181)
20:42:50 Server error: Player without identity Youri Litovski (id 1079793181)
20:42:50 Server error: Player without identity Youri Litovski (id 1079793181)
20:42:51 Server error: Player without identity Youri Litovski (id 1079793181)
20:42:51 Server error: Player without identity Youri Litovski (id 1079793181)
20:42:51 Server error: Player without identity Youri Litovski (id 1079793181)
20:43:04 Starting mission:
20:43:04  Mission file: altisfrrp (__cur_mp)
20:43:04  Mission world: altis
20:43:04  Mission directory: mpmissions\__cur_mp.altis\
20:43:09 Strange convex component08 in a3\structures_f_epb\civ\garbage\garbagecontainer_closed_f.p3d:geometryView
20:43:09 Strange convex component10 in a3\structures_f_epb\civ\garbage\garbagecontainer_closed_f.p3d:geometryView
20:43:09 Strange convex component145 in a3\plants_f\tree\t_pinuss2s_b_f.p3d:geometryView
20:43:09 Strange convex component149 in a3\plants_f\tree\t_pinuss2s_b_f.p3d:geometryView
20:43:09 Strange convex component01 in a3\structures_f_epc\civ\accessories\beachbooth_01_f.p3d:geometryView
20:43:09 Strange convex component02 in a3\structures_f_epc\civ\accessories\beachbooth_01_f.p3d:geometryView
20:43:09 Strange convex component03 in a3\structures_f_epc\civ\accessories\beachbooth_01_f.p3d:geometryView
20:43:09 Strange convex component04 in a3\structures_f_epc\civ\accessories\beachbooth_01_f.p3d:geometryView
20:43:12 Attempt to override final function - bis_functions_list
20:43:12 Attempt to override final function - bis_functions_listpreinit
20:43:12 Attempt to override final function - bis_functions_listpostinit
20:43:12 Attempt to override final function - bis_functions_listrecompile
20:43:13 [19574,47.672,0,"XEH: PreInit Started. v1.0.9.140907. MISSINIT: missionName=altisfrrp, worldName=altis, isMultiplayer=true, isServer=true, isDedicated=true"]
20:43:13 [19574,47.797,0,"XEH: PreInit Finished. CACHE DISABLED? (Disable caching with cba_cache_disable.pbo): SLX_XEH_RECOMPILE=false, CBA_COMPILE_RECOMPILE=false, CBA_FUNC_RECOMPILE=false"]
20:43:13 Attempt to override final function - bis_fnc_missiontaskslocal
20:43:13 Attempt to override final function - bis_fnc_missionconversationslocal
20:43:13 Attempt to override final function - bis_fnc_missionflow
20:43:13 No owner
20:43:13 Warning: looped for animation: a3\anims_f\data\anim\sdr\idl\knl\stp\low\rfl\aidlpknlmstpslowwrfldnon_g01.rtm differs (looped now 1)! MoveName: aidlpknlmstpsraswrfldnon_g01
20:43:13 Warning: looped for animation: a3\anims_f\data\anim\sdr\idl\knl\stp\low\rfl\aidlpknlmstpslowwrfldnon_g02.rtm differs (looped now 1)! MoveName: aidlpknlmstpsraswrfldnon_g02
20:43:16 No default vars in bin\config.bin/CfgMovesMaleSdr/States/Acts_UnconsciousStandUp_part1.variantsPlayer
20:43:16 No default vars in bin\config.bin/CfgMovesMaleSdr/States/Acts_UnconsciousStandUp_part2.variantsPlayer
20:43:16 Animation a3\cargoposes_f\anim\kia_driver_truck_03.rtm not found or empty
20:43:17 Animation a3\cargoposes_f_heli\anim\passenger_inside_4aim.rtm not found or empty
20:43:17 Animation a3\cargoposes_f_heli\anim\passenger_inside_4aim1.rtm not found or empty
20:43:17 Animation a3\cargoposes_f_heli\anim\passenger_inside_4idle.rtm not found or empty
20:43:17 Animation a3\cargoposes_f_heli\anim\passenger_inside_4idle1.rtm not found or empty
20:43:17 Animation a3\cargoposes_f_heli\anim\passenger_inside_4aimpistol.rtm not found or empty
20:43:17 Animation a3\cargoposes_f_heli\anim\passenger_inside_4aimpistol1.rtm not found or empty
20:43:17 Animation a3\cargoposes_f_heli\anim\passenger_inside_4idlepistol.rtm not found or empty
20:43:17 Animation a3\cargoposes_f_heli\anim\passenger_inside_4idlepistol1.rtm not found or empty
20:43:17 Animation a3\cargoposes_f_heli\anim\passenger_inside_4aimtopistol.rtm not found or empty
20:43:17 Animation a3\cargoposes_f_heli\anim\passenger_inside_4aimtopistol_end.rtm not found or empty
20:43:17 Animation a3\cargoposes_f_heli\anim\passenger_inside_4aimfrompistol.rtm not found or empty
20:43:17 Animation a3\cargoposes_f_heli\anim\passenger_inside_4aimfrompistol_end.rtm not found or empty
20:43:17 Animation a3\cargoposes_f_heli\anim\passenger_inside_4aim_binoc.rtm not found or empty
20:43:17 Animation a3\cargoposes_f_heli\anim\passenger_inside_4aimpistol_binoc.rtm not found or empty
20:43:17 Animation a3\cargoposes_f_heli\anim\passenger_inside_4aim_tobinoc.rtm not found or empty
20:43:17 Animation a3\cargoposes_f_heli\anim\passenger_inside_4aim_tobinoc_end.rtm not found or empty
20:43:17 Animation a3\cargoposes_f_heli\anim\passenger_inside_4aim_frombinoc.rtm not found or empty
20:43:17 Animation a3\cargoposes_f_heli\anim\passenger_inside_4aim_frombinoc_end.rtm not found or empty
20:43:17 Animation a3\cargoposes_f_heli\anim\passenger_inside_4aimpistol_tobinoc.rtm not found or empty
20:43:17 Animation a3\cargoposes_f_heli\anim\passenger_inside_4aimpistol_tobinoc_end.rtm not found or empty
20:43:17 Animation a3\cargoposes_f_heli\anim\passenger_inside_4aimpistol_frombinoc.rtm not found or empty
20:43:17 Animation a3\cargoposes_f_heli\anim\passenger_inside_4aimpistol_frombinoc_end.rtm not found or empty
20:43:17 Animation a3\cargoposes_f_heli\anim\passenger_inside_4idleunarmed.rtm not found or empty
20:43:17 Animation a3\cargoposes_f_heli\anim\passenger_inside_4idleunarmed1.rtm not found or empty
20:43:17 Animation a3\cargoposes_f_heli\anim\passenger_inside_4aimunarmed_binoc.rtm not found or empty
20:43:17 Animation a3\cargoposes_f_heli\anim\passenger_inside_4aimunarmed_tobinoc.rtm not found or empty
20:43:17 Animation a3\cargoposes_f_heli\anim\passenger_inside_4aimunarmed_tobinoc_end.rtm not found or empty
20:43:17 Animation a3\cargoposes_f_heli\anim\passenger_inside_4aimunarmed_frombinoc.rtm not found or empty
20:43:17 Animation a3\cargoposes_f_heli\anim\passenger_inside_4aimunarmed_frombinoc_end.rtm not found or empty
20:43:17 Animation a3\cargoposes_f_heli\anim\passenger_inside_4die.rtm not found or empty
20:43:17 Animation a3\cargoposes_f_heli\anim\passenger_inside_4diepistol.rtm not found or empty
20:43:17 Error: Bone hips doesn't exist in skeleton OFP2_ManSkeleton
20:43:17 Error: Bone headcutscene doesn't exist in skeleton OFP2_ManSkeleton
20:43:17 Error: Bone slot_backpack doesn't exist in skeleton OFP2_ManSkeleton
20:43:17 Error: Bone slot_backwpnr doesn't exist in skeleton OFP2_ManSkeleton
20:43:17 Error: Bone slot_backwpnl doesn't exist in skeleton OFP2_ManSkeleton
20:43:17 Error: Bone slot_buttpack doesn't exist in skeleton OFP2_ManSkeleton
20:43:17 Error: Bone hips doesn't exist in skeleton OFP2_ManSkeleton
20:43:17 Error: Bone headcutscene doesn't exist in skeleton OFP2_ManSkeleton
20:43:17 Error: Bone slot_backpack doesn't exist in skeleton OFP2_ManSkeleton
20:43:17 Error: Bone slot_backwpnr doesn't exist in skeleton OFP2_ManSkeleton
20:43:17 Error: Bone slot_backwpnl doesn't exist in skeleton OFP2_ManSkeleton
20:43:17 Error: Bone slot_buttpack doesn't exist in skeleton OFP2_ManSkeleton
20:43:17 Error: Bone hips doesn't exist in skeleton OFP2_ManSkeleton
20:43:17 Error: Bone headcutscene doesn't exist in skeleton OFP2_ManSkeleton
20:43:17 Error: Bone slot_backpack doesn't exist in skeleton OFP2_ManSkeleton
20:43:17 Error: Bone slot_backwpnr doesn't exist in skeleton OFP2_ManSkeleton
20:43:17 Error: Bone slot_backwpnl doesn't exist in skeleton OFP2_ManSkeleton
20:43:17 Error: Bone slot_buttpack doesn't exist in skeleton OFP2_ManSkeleton
20:43:17 Error: Bone hips doesn't exist in skeleton OFP2_ManSkeleton
20:43:17 Error: Bone headcutscene doesn't exist in skeleton OFP2_ManSkeleton
20:43:17 Error: Bone slot_backpack doesn't exist in skeleton OFP2_ManSkeleton
20:43:17 Error: Bone slot_backwpnr doesn't exist in skeleton OFP2_ManSkeleton
20:43:17 Error: Bone slot_backwpnl doesn't exist in skeleton OFP2_ManSkeleton
20:43:17 Error: Bone slot_buttpack doesn't exist in skeleton OFP2_ManSkeleton
20:43:17 Error: Bone hips doesn't exist in skeleton OFP2_ManSkeleton
20:43:17 Error: Bone headcutscene doesn't exist in skeleton OFP2_ManSkeleton
20:43:17 Error: Bone slot_backpack doesn't exist in skeleton OFP2_ManSkeleton
20:43:17 Error: Bone slot_backwpnr doesn't exist in skeleton OFP2_ManSkeleton
20:43:17 Error: Bone slot_backwpnl doesn't exist in skeleton OFP2_ManSkeleton
20:43:17 Error: Bone slot_buttpack doesn't exist in skeleton OFP2_ManSkeleton
20:43:17 Error: Bone hips doesn't exist in skeleton OFP2_ManSkeleton
20:43:17 Error: Bone headcutscene doesn't exist in skeleton OFP2_ManSkeleton
20:43:17 Error: Bone slot_backpack doesn't exist in skeleton OFP2_ManSkeleton
20:43:17 Error: Bone slot_backwpnr doesn't exist in skeleton OFP2_ManSkeleton
20:43:17 Error: Bone slot_backwpnl doesn't exist in skeleton OFP2_ManSkeleton
20:43:17 Error: Bone slot_buttpack doesn't exist in skeleton OFP2_ManSkeleton
20:43:17 Error: Bone hips doesn't exist in skeleton OFP2_ManSkeleton
20:43:17 Error: Bone headcutscene doesn't exist in skeleton OFP2_ManSkeleton
20:43:17 Error: Bone slot_backpack doesn't exist in skeleton OFP2_ManSkeleton
20:43:17 Error: Bone slot_backwpnr doesn't exist in skeleton OFP2_ManSkeleton
20:43:17 Error: Bone slot_backwpnl doesn't exist in skeleton OFP2_ManSkeleton
20:43:17 Error: Bone slot_buttpack doesn't exist in skeleton OFP2_ManSkeleton
20:43:17 Error: Bone hips doesn't exist in skeleton OFP2_ManSkeleton
20:43:17 Error: Bone headcutscene doesn't exist in skeleton OFP2_ManSkeleton
20:43:17 Error: Bone slot_backpack doesn't exist in skeleton OFP2_ManSkeleton
20:43:17 Error: Bone slot_backwpnr doesn't exist in skeleton OFP2_ManSkeleton
20:43:17 Error: Bone slot_backwpnl doesn't exist in skeleton OFP2_ManSkeleton
20:43:17 Error: Bone slot_buttpack doesn't exist in skeleton OFP2_ManSkeleton
20:43:17 Error: Bone hips doesn't exist in skeleton OFP2_ManSkeleton
20:43:17 Error: Bone headcutscene doesn't exist in skeleton OFP2_ManSkeleton
20:43:17 Error: Bone slot_backpack doesn't exist in skeleton OFP2_ManSkeleton
20:43:17 Error: Bone slot_backwpnr doesn't exist in skeleton OFP2_ManSkeleton
20:43:17 Error: Bone slot_backwpnl doesn't exist in skeleton OFP2_ManSkeleton
20:43:17 Error: Bone slot_buttpack doesn't exist in skeleton OFP2_ManSkeleton
20:43:17 Error: Bone hips doesn't exist in skeleton OFP2_ManSkeleton
20:43:17 Error: Bone headcutscene doesn't exist in skeleton OFP2_ManSkeleton
20:43:17 Error: Bone slot_backpack doesn't exist in skeleton OFP2_ManSkeleton
20:43:17 Error: Bone slot_backwpnr doesn't exist in skeleton OFP2_ManSkeleton
20:43:17 Error: Bone slot_backwpnl doesn't exist in skeleton OFP2_ManSkeleton
20:43:17 Error: Bone slot_buttpack doesn't exist in skeleton OFP2_ManSkeleton
20:43:17 Error: Bone hips doesn't exist in skeleton OFP2_ManSkeleton
20:43:17 Error: Bone headcutscene doesn't exist in skeleton OFP2_ManSkeleton
20:43:17 Error: Bone slot_backpack doesn't exist in skeleton OFP2_ManSkeleton
20:43:17 Error: Bone slot_backwpnr doesn't exist in skeleton OFP2_ManSkeleton
20:43:17 Error: Bone slot_backwpnl doesn't exist in skeleton OFP2_ManSkeleton
20:43:17 Error: Bone slot_buttpack doesn't exist in skeleton OFP2_ManSkeleton
20:43:17 Error: Bone hips doesn't exist in skeleton OFP2_ManSkeleton
20:43:17 Error: Bone headcutscene doesn't exist in skeleton OFP2_ManSkeleton
20:43:17 Error: Bone slot_backpack doesn't exist in skeleton OFP2_ManSkeleton
20:43:17 Error: Bone slot_backwpnr doesn't exist in skeleton OFP2_ManSkeleton
20:43:17 Error: Bone slot_backwpnl doesn't exist in skeleton OFP2_ManSkeleton
20:43:17 Error: Bone slot_buttpack doesn't exist in skeleton OFP2_ManSkeleton
20:43:17 Error: Bone hips doesn't exist in skeleton OFP2_ManSkeleton
20:43:17 Error: Bone headcutscene doesn't exist in skeleton OFP2_ManSkeleton
20:43:17 Error: Bone slot_backpack doesn't exist in skeleton OFP2_ManSkeleton
20:43:17 Error: Bone slot_backwpnr doesn't exist in skeleton OFP2_ManSkeleton
20:43:17 Error: Bone slot_backwpnl doesn't exist in skeleton OFP2_ManSkeleton
20:43:17 Error: Bone slot_buttpack doesn't exist in skeleton OFP2_ManSkeleton
20:43:17 Error: Bone hips doesn't exist in skeleton OFP2_ManSkeleton
20:43:17 Error: Bone headcutscene doesn't exist in skeleton OFP2_ManSkeleton
20:43:17 Error: Bone slot_backpack doesn't exist in skeleton OFP2_ManSkeleton
20:43:17 Error: Bone slot_backwpnr doesn't exist in skeleton OFP2_ManSkeleton
20:43:17 Error: Bone slot_backwpnl doesn't exist in skeleton OFP2_ManSkeleton
20:43:17 Error: Bone slot_buttpack doesn't exist in skeleton OFP2_ManSkeleton
20:43:17 Error: Bone hips doesn't exist in skeleton OFP2_ManSkeleton
20:43:17 Error: Bone headcutscene doesn't exist in skeleton OFP2_ManSkeleton
20:43:17 Error: Bone slot_backpack doesn't exist in skeleton OFP2_ManSkeleton
20:43:17 Error: Bone slot_backwpnr doesn't exist in skeleton OFP2_ManSkeleton
20:43:17 Error: Bone slot_backwpnl doesn't exist in skeleton OFP2_ManSkeleton
20:43:17 Error: Bone slot_buttpack doesn't exist in skeleton OFP2_ManSkeleton
20:43:17 Error: Bone hips doesn't exist in skeleton OFP2_ManSkeleton
20:43:17 Error: Bone headcutscene doesn't exist in skeleton OFP2_ManSkeleton
20:43:17 Error: Bone slot_backpack doesn't exist in skeleton OFP2_ManSkeleton
20:43:17 Error: Bone slot_backwpnr doesn't exist in skeleton OFP2_ManSkeleton
20:43:17 Error: Bone slot_backwpnl doesn't exist in skeleton OFP2_ManSkeleton
20:43:17 Error: Bone slot_buttpack doesn't exist in skeleton OFP2_ManSkeleton
20:43:17 Error: Bone hips doesn't exist in skeleton OFP2_ManSkeleton
20:43:17 Error: Bone headcutscene doesn't exist in skeleton OFP2_ManSkeleton
20:43:17 Error: Bone slot_backpack doesn't exist in skeleton OFP2_ManSkeleton
20:43:17 Error: Bone slot_backwpnr doesn't exist in skeleton OFP2_ManSkeleton
20:43:17 Error: Bone slot_backwpnl doesn't exist in skeleton OFP2_ManSkeleton
20:43:17 Error: Bone slot_buttpack doesn't exist in skeleton OFP2_ManSkeleton
20:43:17 Error: Bone hips doesn't exist in skeleton OFP2_ManSkeleton
20:43:17 Error: Bone headcutscene doesn't exist in skeleton OFP2_ManSkeleton
20:43:17 Error: Bone slot_backpack doesn't exist in skeleton OFP2_ManSkeleton
20:43:17 Error: Bone slot_backwpnr doesn't exist in skeleton OFP2_ManSkeleton
20:43:17 Error: Bone slot_backwpnl doesn't exist in skeleton OFP2_ManSkeleton
20:43:17 Error: Bone slot_buttpack doesn't exist in skeleton OFP2_ManSkeleton
20:43:17 Error: Bone hips doesn't exist in skeleton OFP2_ManSkeleton
20:43:17 Error: Bone headcutscene doesn't exist in skeleton OFP2_ManSkeleton
20:43:17 Error: Bone slot_backpack doesn't exist in skeleton OFP2_ManSkeleton
20:43:17 Error: Bone slot_backwpnr doesn't exist in skeleton OFP2_ManSkeleton
20:43:17 Error: Bone slot_backwpnl doesn't exist in skeleton OFP2_ManSkeleton
20:43:17 Error: Bone slot_buttpack doesn't exist in skeleton OFP2_ManSkeleton
20:43:17 Error: Bone hips doesn't exist in skeleton OFP2_ManSkeleton
20:43:17 Error: Bone headcutscene doesn't exist in skeleton OFP2_ManSkeleton
20:43:17 Error: Bone slot_backpack doesn't exist in skeleton OFP2_ManSkeleton
20:43:17 Error: Bone slot_backwpnr doesn't exist in skeleton OFP2_ManSkeleton
20:43:17 Error: Bone slot_backwpnl doesn't exist in skeleton OFP2_ManSkeleton
20:43:17 Error: Bone slot_buttpack doesn't exist in skeleton OFP2_ManSkeleton
20:43:17 Error: Bone hips doesn't exist in skeleton OFP2_ManSkeleton
20:43:17 Error: Bone headcutscene doesn't exist in skeleton OFP2_ManSkeleton
20:43:17 Error: Bone slot_backpack doesn't exist in skeleton OFP2_ManSkeleton
20:43:17 Error: Bone slot_backwpnr doesn't exist in skeleton OFP2_ManSkeleton
20:43:17 Error: Bone slot_backwpnl doesn't exist in skeleton OFP2_ManSkeleton
20:43:17 Error: Bone slot_buttpack doesn't exist in skeleton OFP2_ManSkeleton
20:43:17 Error: Bone hips doesn't exist in skeleton OFP2_ManSkeleton
20:43:17 Error: Bone headcutscene doesn't exist in skeleton OFP2_ManSkeleton
20:43:17 Error: Bone slot_backpack doesn't exist in skeleton OFP2_ManSkeleton
20:43:17 Error: Bone slot_backwpnr doesn't exist in skeleton OFP2_ManSkeleton
20:43:17 Error: Bone slot_backwpnl doesn't exist in skeleton OFP2_ManSkeleton
20:43:17 Error: Bone slot_buttpack doesn't exist in skeleton OFP2_ManSkeleton
20:43:17 Error: Bone hips doesn't exist in skeleton OFP2_ManSkeleton
20:43:17 Error: Bone headcutscene doesn't exist in skeleton OFP2_ManSkeleton
20:43:17 Error: Bone slot_backpack doesn't exist in skeleton OFP2_ManSkeleton
20:43:17 Error: Bone slot_backwpnr doesn't exist in skeleton OFP2_ManSkeleton
20:43:17 Error: Bone slot_backwpnl doesn't exist in skeleton OFP2_ManSkeleton
20:43:17 Error: Bone slot_buttpack doesn't exist in skeleton OFP2_ManSkeleton
20:43:17 Error: Bone hips doesn't exist in skeleton OFP2_ManSkeleton
20:43:17 Error: Bone headcutscene doesn't exist in skeleton OFP2_ManSkeleton
20:43:17 Error: Bone slot_backpack doesn't exist in skeleton OFP2_ManSkeleton
20:43:17 Error: Bone slot_backwpnr doesn't exist in skeleton OFP2_ManSkeleton
20:43:17 Error: Bone slot_backwpnl doesn't exist in skeleton OFP2_ManSkeleton
20:43:17 Error: Bone slot_buttpack doesn't exist in skeleton OFP2_ManSkeleton
20:43:17 Error: Bone hips doesn't exist in skeleton OFP2_ManSkeleton
20:43:17 Error: Bone headcutscene doesn't exist in skeleton OFP2_ManSkeleton
20:43:17 Error: Bone slot_backpack doesn't exist in skeleton OFP2_ManSkeleton
20:43:17 Error: Bone slot_backwpnr doesn't exist in skeleton OFP2_ManSkeleton
20:43:17 Error: Bone slot_backwpnl doesn't exist in skeleton OFP2_ManSkeleton
20:43:17 Error: Bone slot_buttpack doesn't exist in skeleton OFP2_ManSkeleton
20:43:17 Error: Bone hips doesn't exist in skeleton OFP2_ManSkeleton
20:43:17 Error: Bone headcutscene doesn't exist in skeleton OFP2_ManSkeleton
20:43:17 Error: Bone slot_backpack doesn't exist in skeleton OFP2_ManSkeleton
20:43:17 Error: Bone slot_backwpnr doesn't exist in skeleton OFP2_ManSkeleton
20:43:17 Error: Bone slot_backwpnl doesn't exist in skeleton OFP2_ManSkeleton
20:43:17 Error: Bone slot_buttpack doesn't exist in skeleton OFP2_ManSkeleton
20:43:17 No owner
20:43:17 No owner
20:43:17 No owner
20:43:18 No owner
20:43:18 No owner
20:43:18 No speaker given for Dumi Sekibo
20:43:18 No owner
20:43:18 No speaker given for Idi Awolowo
20:43:18 No owner
20:43:18 No speaker given for Ryan Hughes
20:43:18 No owner
20:43:19 No owner
20:43:19 No speaker given for Oringo Okadigbo
20:43:19 No speaker given for Xue Ryu
20:43:19 soldier[B_diver_F]:Some of magazines weren't stored in soldier Vest or Uniform?
20:43:19 No owner
20:43:19 No speaker given for Finlay Griffiths
20:43:19 No owner
20:43:19 No speaker given for Jack Ryan
20:43:19 No owner
20:43:19 No speaker given for William Bayh
20:43:19 No owner
20:43:19 No speaker given for Edward Acker
20:43:19 No owner
20:43:19 No speaker given for Kwame Azikiwe
20:43:19 No owner
20:43:19 No speaker given for Harvey Robertson
20:43:19 No owner
20:43:19 No speaker given for Jack Jones
20:43:19 No owner
20:43:19 No speaker given for Alfie Young
20:43:19 No owner
20:43:19 No speaker given for Liao Suan
20:43:19 No owner
20:43:19 No speaker given for Mao Hwang
20:43:19 No owner
20:43:19 No owner
20:43:19 No owner
20:43:19 No owner
20:43:19 No owner
20:43:19 No owner
20:43:19 No owner
20:43:19 No owner
20:43:19 No owner
20:43:19 No speaker given for Jacob White
20:43:19 No owner
20:43:20 No speaker given for Chris Morris
20:43:20 No owner
20:43:20 No owner
20:43:20 No owner
20:43:20 No speaker given for Harrison Ryan
20:43:20 No speaker given for Cheng Ryu
20:43:20 No owner
20:43:20 No owner
20:43:20 No speaker given for Adam Bennett
20:43:20 No owner
20:43:20 No speaker given for Oliver Faulkner
20:43:20 No owner
20:43:20 No speaker given for Toby Brown
20:43:20 No owner
20:43:20 No owner
20:43:20 soldier[B_diver_F]:Some of magazines weren't stored in soldier Vest or Uniform?
20:43:20 No owner
20:43:20 No speaker given for Finlay Jackson
20:43:20 No owner
20:43:20 No speaker given for Oringo Tinibu
20:43:20 No owner
20:43:20 No owner
20:43:20 No owner
20:43:20 No owner
20:43:20 No speaker given for Charles Stewart
20:43:20 No owner
20:43:20 No speaker given for Dwan Bayh
20:43:20 No owner
20:43:20 No speaker given for William Stewart
20:43:20 No owner
20:43:20 No speaker given for Tavish Moore
20:43:20 No owner
20:43:20 No speaker given for Donnan Walker
20:43:20 No owner
20:43:20 No owner
20:43:20 No owner
20:43:20 No speaker given for Reggie MacDonald
20:43:20 No owner
20:43:20 No speaker given for Shawn Faulkner
20:43:20 soldier[B_diver_F]:Some of magazines weren't stored in soldier Vest or Uniform?
20:43:21 No owner
20:43:21 No owner
20:43:21 No owner
20:43:21 No owner
20:43:21 No owner
20:43:21 No owner
20:43:21 No owner
20:43:21 No owner
20:43:21 No owner
20:43:21 soldier[B_diver_F]:Some of magazines weren't stored in soldier Vest or Uniform?
20:43:21 No speaker given for Dumi Okoye
20:43:21 No speaker given for Hamidi Egwu
20:43:21 No speaker given for Zaim Achebe
20:43:21 No owner
20:43:21 No owner
20:43:21 No speaker given for Katungi Sekibo
20:43:21 No owner
20:43:22 LODShape::AddLoadHandler: Handler not present in shape [a3\weapons_f\empty.p3d]
20:43:22 LODShape::AddLoadHandler: Handler not present in shape [a3\weapons_f\empty.p3d]
20:43:22 LODShape::AddLoadHandler: Handler not present in shape [a3\weapons_f\empty.p3d]
20:43:22 LODShape::AddLoadHandler: Handler not present in shape [a3\weapons_f\empty.p3d]
20:43:22 LODShape::AddLoadHandler: Handler not present in shape [a3\weapons_f\empty.p3d]
20:43:22 Error: Object(2 : 3) not found
20:43:22 Error: Object(2 : 186) not found
20:43:22 c:\w\stable\futura\lib\network\networkserver.cpp NetworkServer::OnClientStateChanged:NOT IMPLEMENTED - briefing!
20:43:22 [19578,57.597,0,"XEH: PostInit Started"]
20:43:23 [19578,57.613,0,"CBA_VERSIONING: cba=1.0.9.140907, "]
20:43:23 [19578,57.637,0,"XEH: PostInit Finished. State: _isClient=false, _isJip=false, _isDedClient=false, _isServer=true, _isDedServer=true, _playerCheckDone=true, _sp=false, _startInitDone=true, _postInitDone=true, _mpRespawn=true, _machineType=0, _sessionId=1, _level=0, _timeOut=false, _game=3, BIS_functions=L Modules:1, group=L Modules"]
20:43:23 "extDB: Version: 19"
20:43:23 "extDB: Connected to Database"
20:43:23 Strange convex component322 in a3\structures_f\research\dome_big_f.p3d:geometryFire
20:43:23 Strange convex component327 in a3\structures_f\research\dome_big_f.p3d:geometryFire
20:43:23 "ASM.fsm started"
20:43:28 No owner
20:43:28 Client: Local object 2:1615 not found
20:43:36 Server: Object info 2:1626 not found.
20:43:36 Can't change owner from 0 to 1627842776
20:43:54 Error: Object(2 : 1615) not found
20:43:54 Client: Object 2:1615 (type Type_114) not found.
20:43:54 Client: Object 2:1615 (type Type_89) not found.
20:44:00 "SPYGLASS-FLAG:Youri Litovski:76561198010101889:example_uniform_config"
20:44:00 Client: Remote object 2:1615 not found
20:44:12 No owner
20:44:12 Server: Object info 2:1632 not found.
20:44:12 Can't change owner from 0 to 1204317548
20:44:30 Server: Object info 2:1645 not found.
20:44:30 Can't change owner from 0 to 826406140
20:44:30 "SPYGLASS-FLAG:Vlad Bazarov:76561198043520847:example_uniform_config"
20:44:31 No owner
20:44:31 Server: Object info 2:1651 not found.
20:44:31 Can't change owner from 0 to 1185667709
20:44:36 Client: Local object 2:1621 not found
20:44:36 Client: Object 2:1621 (type Type_89) not found.
20:44:36 Error: Object(2 : 1621) not found
20:44:36 Client: Object 2:1621 (type Type_114) not found.
20:44:38 Error: Object(2 : 1621) not found
20:44:38 Client: Object 2:1621 (type Type_114) not found.
20:44:38 "SPYGLASS-FLAG:Youri Litovski:76561198010101889:LT_Characters_Male_S"
20:44:38 "SPYGLASS-FLAG:Vlad Bazarov:76561198043520847:LT_Characters_Male_S"
20:44:39 "------------- Client Query Request -------------"
20:44:39 "QUERY: SELECT playerid, name, cash, bankacc, adminlevel, donatorlvl, cop_licenses, coplevel, cop_gear, position, alive, tfr FROM players WHERE playerid='76561198010101889'"
20:44:39 "Time to complete: 0.0429993 (in seconds)"
20:44:39 "Result: ["76561198010101889","Youri Litovski",4150,2.1484e+006,"3","0","[[`license_cop_air`,1],[`license_cop_swat`,0],[`license_cop_cg`,0],[`license_cop_snipe`,0],[`license_cop_piloteauto`,0]]","6","[`U_C_Poloshirt_stripped`,``,``,``,``,[`ItemMap`,`ItemCompass`,`tf_microdagr`],``,``,[],[],[],[],[],[],[],[],[]]",[],1,1]"
20:44:39 "------------------------------------------------"
20:44:39 "------------- Client Query Request -------------"
20:44:39 "QUERY: SELECT playerid, name, cash, bankacc, adminlevel, donatorlvl, civ_licenses, arrested, civ_gear, blacklist, faction_reb, grade_reb, position, alive, tfr FROM players WHERE playerid='76561198030608871'"
20:44:39 "Time to complete: 0.0839996 (in seconds)"
20:44:39 "Result: ["76561198030608871","Maxime Burel",1000,2850,"0","0","[[`license_civ_driver`,1],[`license_civ_air`,0],[`license_civ_heroin`,0],[`license_civ_marijuana`,0],[`license_civ_gang`,0],[`license_civ_boat`,0],[`license_civ_oil`,0],[`license_civ_dive`,0],[`license_civ_truck`,0],[`license_civ_gun`,0],[`license_civ_rebel`,0],[`license_civ_coke`,0],[`license_civ_diamond`,0],[`license_civ_copper`,0],[`license_civ_iron`,0],[`license_civ_sand`,0],[`license_civ_salt`,0],[`license_civ_cement`,0],[`license_civ_home`,0]]",0,"[`U_C_Poloshirt_tricolour`,``,``,``,``,[`ItemMap`,`ItemCompass`,`ItemWatch`],``,``,[],[],[],[],[],[],[],[],[]]",0,"0","0",[],1,1]"
20:44:39 "------------------------------------------------"
20:44:39 "Debug Initialized Weather - Light Rain\nOvercast: 0.6\nRain/Snow: 0.3\nFog: 0.05\nWind EW|NS: 3|3"
20:44:39 "------------- Client Query Request -------------"
20:44:39 "QUERY: SELECT playerid, name, cash, bankacc, adminlevel, donatorlvl, civ_licenses, arrested, civ_gear, blacklist, faction_reb, grade_reb, position, alive, tfr FROM players WHERE playerid='76561198043520847'"
20:44:39 "Time to complete: 0.431 (in seconds)"
20:44:39 "Result: ["76561198043520847","Vlad Bazarov",0,582198,"0","0","[[`license_civ_driver`,1],[`license_civ_air`,0],[`license_civ_heroin`,0],[`license_civ_marijuana`,0],[`license_civ_gang`,0],[`license_civ_boat`,1],[`license_civ_oil`,1],[`license_civ_dive`,1],[`license_civ_truck`,1],[`license_civ_gun`,1],[`license_civ_rebel`,0],[`license_civ_coke`,0],[`license_civ_diamond`,0],[`license_civ_copper`,1],[`license_civ_iron`,0],[`license_civ_sand`,1],[`license_civ_salt`,0],[`license_civ_cement`,0],[`license_civ_home`,1]]",0,"[`U_BG_Guerilla2_1`,`V_BandollierB_blk`,`B_Carryall_cbr`,``,``,[`ItemMap`,`ItemCompass`,`ItemWatch`,`tf_anprc148jem_36`,`ItemGPS`,`NVGoggles`],`hgun_PDW2000_F`,`hgun_Rook40_F`,[`FirstAidKit`,`FirstAidKit`],[`30Rnd_9x21_Mag`],[`ToolKit`,`ToolKit`,`hgun_Rook40_F`],[`30Rnd_9x21_Mag`],[],[`30Rnd_9x21_Mag`,`30Rnd_9x21_Mag`,`30Rnd_9x21_Mag`,`16Rnd_9x21_Mag`,`30Rnd_9x21_Mag`,`30Rnd_9x21_Mag`,`16Rnd_9x21_Mag`],[``,``,`optic_ACO_grn_smg`],[``,``,``],[`life_inv_rabbit`,`life_inv_rabbit`,`life_inv_rabbit`,`l
20:44:39 "------------------------------------------------"
20:44:41 Client: Remote object 2:1621 not found
20:44:44 Server: Object info 2:1629 not found.
20:44:44 Can't change owner from 0 to 1204317548
20:44:46 Strange convex component53 in a3\structures_f_epb\civ\playground\slidecastle_f.p3d:geometryFire
20:44:46 Strange convex component27 in a3\structures_f_epb\civ\playground\slidecastle_f.p3d:geometryView
20:44:52 "------------- Client Query Request -------------"
20:44:52 "QUERY: SELECT playerid, name, cash, bankacc, adminlevel, donatorlvl, civ_licenses, arrested, civ_gear, blacklist, faction_reb, grade_reb, position, alive, tfr FROM players WHERE playerid='76561198030608871'"
20:44:52 "Time to complete: 0.0439911 (in seconds)"
20:44:52 "Result: ["76561198030608871","Maxime Burel",1000,2850,"0","0","[[`license_civ_driver`,1],[`license_civ_air`,0],[`license_civ_heroin`,0],[`license_civ_marijuana`,0],[`license_civ_gang`,0],[`license_civ_boat`,0],[`license_civ_oil`,0],[`license_civ_dive`,0],[`license_civ_truck`,0],[`license_civ_gun`,0],[`license_civ_rebel`,0],[`license_civ_coke`,0],[`license_civ_diamond`,0],[`license_civ_copper`,0],[`license_civ_iron`,0],[`license_civ_sand`,0],[`license_civ_salt`,0],[`license_civ_cement`,0],[`license_civ_home`,0]]",0,"[`U_C_Poloshirt_tricolour`,``,``,``,``,[`ItemMap`,`ItemCompass`,`ItemWatch`],``,``,[],[],[],[],[],[],[],[],[]]",0,"0","0",[],1,1]"
20:44:52 "------------------------------------------------"
20:44:54 "------------- Client Query Request -------------"
20:44:54 "QUERY: SELECT playerid, name, cash, bankacc, adminlevel, donatorlvl, med_licenses, mediclevel, med_gear, position, alive, tfr FROM players WHERE playerid='76561197969337890'"
20:44:54 "Time to complete: 0.388992 (in seconds)"
20:44:54 "Result: ["76561197969337890","Schulz Hersmann",11898,2.14577e+006,"0","6","[[`license_med_air`,1]]","5","[`U_Rangemaster`,`V_HarnessO_brn`,`ARC_FR_Backpack_Daguet_Med`,``,``,[`ItemMap`,`ItemCompass`,`ItemWatch`,`tf_anprc148jem_15`,`ItemGPS`,`NVGoggles`,`Binocular`],``,``,[`FirstAidKit`],[`Chemlight_yellow`,`Chemlight_yellow`,`Chemlight_yellow`,`Chemlight_yellow`,`Chemlight_yellow`,`Chemlight_yellow`],[`Medikit`,`ToolKit`,`ToolKit`,`hgun_PDW2000_F`],[],[`optic_Aco_smg`,`hgun_mas_uzi_F`],[`Chemlight_yellow`,`Chemlight_yellow`,`Chemlight_blue`,`Chemlight_blue`,`Chemlight_blue`,`Chemlight_blue`,`Chemlight_blue`,`Chemlight_blue`,`Chemlight_blue`,`30Rnd_9x21_Mag`,`25Rnd_mas_9x19_Mag`,`Chemlight_yellow`,`Chemlight_yellow`],[],[],[`life_inv_rabbit`,`life_inv_rabbit`,`life_inv_water`,`life_inv_water`,`life_inv_water`,`life_inv_water`,`life_inv_water`,`life_inv_water`,`life_inv_water`,`life_inv_water`,`life_inv_water`,`life_inv_fuelF`,`life_inv_tbacon`,`life_inv_tbacon`,`life_inv_tbacon`,`life_inv_tbacon`,`life_inv_t
20:44:54 "------------------------------------------------"
20:44:54 "SPYGLASS-FLAG:Schulz Hersmann:76561197969337890:example_uniform_config"
20:44:54 "SPYGLASS-FLAG:Schulz Hersmann:76561197969337890:LT_Characters_Male_S"
20:44:54 Error: Object(14 : 4) not found
20:44:54 Error: Object(14 : 5) not found
20:44:54 Warning: Cleanup player - person 2:2 not found
20:44:55 Server: Object info 2:1629 not found.
20:44:55 Can't change owner from 0 to 1204317548
20:45:01 Warning: Cleanup player - person 2:1635 not found
20:45:13 Server: Object info 2:1640 not found.
20:45:13 Can't change owner from 0 to 826406140
20:45:14 "SPYGLASS-FLAG:Horatio Demeter:76561197972800560:example_uniform_config"
20:45:14 "------------- Client Query Request -------------"
20:45:14 "QUERY: SELECT playerid, name, cash, bankacc, adminlevel, donatorlvl, civ_licenses, arrested, civ_gear, blacklist, faction_reb, grade_reb, position, alive, tfr FROM players WHERE playerid='76561197972800560'"
20:45:14 "Time to complete: 0.388 (in seconds)"
20:45:14 "Result: ["76561197972800560","Horatio Demeter",280,684337,"0","6","[[`license_civ_driver`,1],[`license_civ_air`,0],[`license_civ_heroin`,1],[`license_civ_marijuana`,0],[`license_civ_gang`,0],[`license_civ_boat`,1],[`license_civ_oil`,1],[`license_civ_dive`,0],[`license_civ_truck`,1],[`license_civ_gun`,1],[`license_civ_rebel`,0],[`license_civ_coke`,0],[`license_civ_diamond`,0],[`license_civ_copper`,1],[`license_civ_iron`,0],[`license_civ_sand`,0],[`license_civ_salt`,0],[`license_civ_cement`,0],[`license_civ_home`,1]]",0,"[`U_C_Driver_2`,`V_BandollierB_blk`,`B_Carryall_cbr`,`G_Lowprofile`,`H_Cap_blu`,[`ItemMap`,`ItemCompass`,`ItemWatch`,`tf_anprc148jem_69`,`NVGoggles`,`Binocular`],``,`hgun_mas_grach_F`,[`FirstAidKit`],[`Chemlight_yellow`,`Chemlight_yellow`,`Chemlight_yellow`,`Chemlight_yellow`,`Chemlight_yellow`,`Chemlight_yellow`],[`ToolKit`,`ToolKit`,`ToolKit`,`ToolKit`],[],[`FirstAidKit`],[`17Rnd_mas_9x21_Mag`,`Chemlight_yellow`,`Chemlight_yellow`,`Chemlight_yellow`,`Chemlight_yellow`,`Chemlight_yellow`,`17
20:45:14 "------------------------------------------------"
20:45:15 "SPYGLASS-FLAG:Horatio Demeter:76561197972800560:LT_Characters_Male_S"
20:45:17 Server: Object info 2:1646 not found.
20:45:17 Can't change owner from 0 to 1185667709
20:45:18 "------------- Client Query Request -------------"
20:45:18 "QUERY: SELECT playerid, name, cash, bankacc, adminlevel, donatorlvl, civ_licenses, arrested, civ_gear, blacklist, faction_reb, grade_reb, position, alive, tfr FROM players WHERE playerid='76561197990328734'"
20:45:18 "Time to complete: 0.0429993 (in seconds)"
20:45:18 "Result: ["76561197990328734","tony dicaprio",0,679282,"0","6","[[`license_civ_driver`,1],[`license_civ_air`,0],[`license_civ_heroin`,0],[`license_civ_marijuana`,0],[`license_civ_gang`,0],[`license_civ_boat`,1],[`license_civ_oil`,1],[`license_civ_dive`,1],[`license_civ_truck`,1],[`license_civ_gun`,1],[`license_civ_rebel`,0],[`license_civ_coke`,0],[`license_civ_diamond`,0],[`license_civ_copper`,0],[`license_civ_iron`,0],[`license_civ_sand`,0],[`license_civ_salt`,0],[`license_civ_cement`,0],[`license_civ_home`,1]]",0,"[`U_I_G_Story_Protagonist_F`,`V_BandollierB_khk`,`B_Carryall_cbr`,`G_Lowprofile`,`H_BandMask_blk`,[`ItemMap`,`ItemCompass`,`ItemWatch`,`tf_anprc148jem_11`,`ItemGPS`,`Binocular`],``,``,[`FirstAidKit`,`FirstAidKit`],[`30Rnd_9x21_Mag`,`30Rnd_9x21_Mag`],[`H_BandMask_blk`,`NVGoggles`,`hgun_PDW2000_F`],[],[],[`30Rnd_9x21_Mag`,`30Rnd_9x21_Mag`,`30Rnd_9x21_Mag`,`30Rnd_9x21_Mag`],[],[],[`life_inv_pickaxe`]]",0,"0","0",[],1,1]"
20:45:18 "------------------------------------------------"
20:45:18 "SPYGLASS-FLAG:tony dicaprio:76561197990328734:example_uniform_config"
20:45:19 Server: Object info 2:1646 not found.
20:45:19 Can't change owner from 0 to 1185667709
20:45:20 "SPYGLASS-FLAG:tony dicaprio:76561197990328734:LT_Characters_Male_S"
20:45:22 Client: Local object 2:1660 not found
20:45:22 Client: Object 2:1660 (type Type_89) not found.
20:45:22 Client: Object 2:1660 (type Type_114) not found.
20:45:23 Client: Object 2:1660 (type Type_89) not found.
20:45:24 Error: Object(2 : 1660) not found
20:45:24 Client: Object 2:1660 (type Type_114) not found.
20:45:24 Error: Object(2 : 1660) not found
20:45:24 Client: Object 2:1660 (type Type_114) not found.
20:45:25 Error: Object(2 : 1660) not found
20:45:25 Client: Object 2:1660 (type Type_89) not found.
20:45:25 Client: Object 2:1660 (type Type_114) not found.
20:45:26 Warning: Cleanup player - person 2:1641 not found
20:45:27 "SPYGLASS-FLAG:Pedro Da silva:76561198066549464:example_uniform_config"
20:45:27 "------------- Client Query Request -------------"
20:45:27 "QUERY: SELECT playerid, name, cash, bankacc, adminlevel, donatorlvl, civ_licenses, arrested, civ_gear, blacklist, faction_reb, grade_reb, position, alive, tfr FROM players WHERE playerid='76561198066549464'"
20:45:27 "Time to complete: 0.371994 (in seconds)"
20:45:27 "Result: ["76561198066549464","Pedro Da silva",12110,1.73722e+006,"0","6","[[`license_civ_driver`,1],[`license_civ_air`,0],[`license_civ_heroin`,1],[`license_civ_marijuana`,0],[`license_civ_gang`,0],[`license_civ_boat`,0],[`license_civ_oil`,1],[`license_civ_dive`,0],[`license_civ_truck`,1],[`license_civ_gun`,1],[`license_civ_rebel`,0],[`license_civ_coke`,0],[`license_civ_diamond`,1],[`license_civ_copper`,0],[`license_civ_iron`,0],[`license_civ_sand`,1],[`license_civ_salt`,0],[`license_civ_cement`,0],[`license_civ_home`,1]]",0,"[`U_C_WorkerCoveralls`,``,`B_Carryall_cbr`,``,``,[`ItemMap`,`ItemCompass`,`ItemWatch`,`tf_anprc148jem_80`,`ItemGPS`],``,``,[],[],[`ToolKit`,`ToolKit`,`ToolKit`],[],[],[],[],[],[]]",0,"0","0",[],1,1]"
20:45:27 "------------------------------------------------"
20:45:27 "SPYGLASS-FLAG:Pedro Da silva:76561198066549464:LT_Characters_Male_S"
20:45:28 Client: Remote object 18:0 not found
20:45:28 Client: Remote object 2:1660 not found
20:45:29 No owner
20:45:29 Client: Local object 2:1673 not found
20:45:29 Client: Object 2:1673 (type Type_89) not found.
20:45:29 Client: Object 2:1673 (type Type_114) not found.
20:45:31 Client: Object 2:1673 (type Type_89) not found.
20:45:31 Error: Object(2 : 1673) not found
20:45:31 Client: Object 2:1673 (type Type_114) not found.
20:45:31 Error: Object(2 : 1673) not found
20:45:31 Client: Object 2:1673 (type Type_114) not found.
20:45:32 Client: Object 2:1673 (type Type_89) not found.
20:45:34 "SPYGLASS-FLAG:Pearce Lawford:76561198004672533:example_uniform_config"
20:45:34 "------------- Client Query Request -------------"
20:45:34 "QUERY: SELECT playerid, name, cash, bankacc, adminlevel, donatorlvl, civ_licenses, arrested, civ_gear, blacklist, faction_reb, grade_reb, position, alive, tfr FROM players WHERE playerid='76561198004672533'"
20:45:34 "Time to complete: 0.391006 (in seconds)"
20:45:34 "Result: ["76561198004672533","Pearce Lawford",200000,508791,"0","0","[[`license_civ_driver`,1],[`license_civ_air`,0],[`license_civ_heroin`,0],[`license_civ_marijuana`,0],[`license_civ_gang`,0],[`license_civ_boat`,0],[`license_civ_oil`,0],[`license_civ_dive`,0],[`license_civ_truck`,1],[`license_civ_gun`,1],[`license_civ_rebel`,0],[`license_civ_coke`,0],[`license_civ_diamond`,1],[`license_civ_copper`,0],[`license_civ_iron`,0],[`license_civ_sand`,0],[`license_civ_salt`,0],[`license_civ_cement`,0],[`license_civ_home`,0]]",0,"[`U_I_HeliPilotCoveralls`,`V_BandollierB_khk`,`B_Carryall_cbr`,``,`rds_Woodlander_cap3`,[`ItemMap`,`ItemCompass`,`ItemWatch`,`tf_anprc148jem_6`],`hgun_PDW2000_F`,``,[`tf_microdagr`],[`30Rnd_9x21_Mag`],[`ToolKit`,`ToolKit`,`ToolKit`,`ToolKit`],[],[],[`30Rnd_9x21_Mag`],[``,``,`optic_ACO_grn_smg`],[],[]]",0,"0","0",[],1,1]"
20:45:34 "------------------------------------------------"
20:45:34 "SPYGLASS-FLAG:Pearce Lawford:76561198004672533:LT_Characters_Male_S"
20:45:35 Client: Remote object 15:0 not found
20:45:35 Client: Remote object 2:1673 not found
20:45:39 No owner
20:45:39 Client: Local object 2:1680 not found
20:45:39 Client: Object 2:1680 (type Type_89) not found.
20:45:39 Client: Object 2:1680 (type Type_114) not found.
20:45:39 No owner
20:45:40 No owner
20:45:40 Client: Local object 2:1689 not found
20:45:40 Client: Object 2:1689 (type Type_89) not found.
20:45:40 Client: Object 2:1689 (type Type_114) not found.
20:45:41 Error: Object(2 : 1680) not found
20:45:41 Client: Object 2:1680 (type Type_114) not found.
20:45:41 Client: Object 2:1680 (type Type_89) not found.
20:45:41 Error: Object(2 : 1680) not found
20:45:41 Client: Object 2:1680 (type Type_114) not found.
20:45:42 Error: Object(2 : 1689) not found
20:45:42 Client: Object 2:1689 (type Type_114) not found.
20:45:42 Client: Object 2:1689 (type Type_89) not found.
20:45:42 Error: Object(2 : 1680) not found
20:45:42 Client: Object 2:1680 (type Type_89) not found.
20:45:42 Client: Object 2:1680 (type Type_114) not found.
20:45:42 Error: Object(2 : 1689) not found
20:45:42 Client: Object 2:1689 (type Type_114) not found.
20:45:43 "------------- Client Query Request -------------"
20:45:43 "QUERY: SELECT playerid, name, cash, bankacc, adminlevel, donatorlvl, cop_licenses, coplevel, cop_gear, position, alive, tfr FROM players WHERE playerid='76561198136605617'"
20:45:43 "Time to complete: 0.0410004 (in seconds)"
20:45:43 "Result: ["76561198136605617","Anthony Sweett",755,1.18619e+006,"0","6","[[`license_cop_air`,0],[`license_cop_swat`,0],[`license_cop_cg`,0],[`license_cop_snipe`,0],[`license_cop_piloteauto`,0]]","2","[`ARC_FR_Daguet_Uniform`,`ARC_FR_Daguet_PlateCarrier_1`,`B_Kitbag_rgr`,``,`sab_UN_Helmet`,[`ItemMap`,`ItemCompass`,`ItemWatch`,`tf_anprc152_14`,`ItemGPS`,`Rangefinder`],`arifle_mas_m16`,`hgun_P07_snds_F`,[`FirstAidKit`],[`SmokeShellBlue`],[`ToolKit`,`Medikit`,`ARC_FR_Daguet_Helmet_simple`,`NVGoggles_OPFOR`],[],[`FirstAidKit`,`FirstAidKit`,`FirstAidKit`],[`SmokeShellBlue`,`HandGrenade_Stone`,`HandGrenade_Stone`,`16Rnd_9x21_Mag`,`30Rnd_mas_556x45_Stanag`,`30Rnd_mas_556x45_Stanag`,`30Rnd_mas_556x45_Stanag`,`30Rnd_mas_556x45_Stanag`,`30Rnd_mas_556x45_Stanag`,`16Rnd_9x21_Mag`,`30Rnd_mas_556x45_Stanag`,`30Rnd_mas_556x45_Stanag`,`16Rnd_9x21_Mag`],[``,`acc_pointer_IR`,`optic_Hamr`],[`muzzle_snds_L`,``,``],[`life_inv_donuts`,`life_inv_donuts`,`life_inv_donuts`,`life_inv_donuts`,`life_inv_donuts`,`life_inv_donuts`,`life_i
20:45:43 "------------------------------------------------"
20:45:43 Error: Object(2 : 1689) not found
20:45:43 Client: Object 2:1689 (type Type_89) not found.
20:45:43 Client: Object 2:1689 (type Type_114) not found.
20:45:44 "SPYGLASS-FLAG:max cooper:76561198018755180:example_uniform_config"
20:45:44 "SPYGLASS-FLAG:Anthony Sweett:76561198136605617:example_uniform_config"
20:45:45 "SPYGLASS-FLAG:Anthony Sweett:76561198136605617:LT_Characters_Male_S"
20:45:45 "------------- Client Query Request -------------"
20:45:45 "QUERY: SELECT playerid, name, cash, bankacc, adminlevel, donatorlvl, cop_licenses, coplevel, cop_gear, position, alive, tfr FROM players WHERE playerid='76561198018755180'"
20:45:45 "Time to complete: 0.390991 (in seconds)"
20:45:45 "Result: ["76561198018755180","max cooper",600,1.16203e+006,"0","0","[[`license_cop_air`,0],[`license_cop_swat`,0],[`license_cop_cg`,0],[`license_cop_snipe`,0],[`license_cop_piloteauto`,0]]","1","[`ARC_FR_CE_Uniform_tshirt`,`sab_UN_Vest`,`ARC_FR_Backpack_compact_CE`,`G_Aviator`,`sab_UN_cap`,[`ItemMap`,`ItemCompass`,`ItemWatch`,`tf_anprc152_8`,`ItemGPS`,`Binocular`],`arifle_mas_m1014`,`hgun_P07_snds_F`,[`FirstAidKit`,`FirstAidKit`],[`SmokeShellBlue`],[`Medikit`,`ToolKit`],[],[`NVGoggles_OPFOR`],[`16Rnd_9x21_Mag`,`HandGrenade_Stone`,`7Rnd_mas_12Gauge_Slug`,`16Rnd_9x21_Mag`,`7Rnd_mas_12Gauge_Slug`,`7Rnd_mas_12Gauge_Slug`],[``,`acc_flashlight`,`optic_Aco_smg`],[`muzzle_snds_L`,``,``],[`life_inv_donuts`,`life_inv_donuts`,`life_inv_donuts`,`life_inv_donuts`,`life_inv_donuts`,`life_inv_donuts`,`life_inv_donuts`,`life_inv_donuts`,`life_inv_donuts`,`life_inv_donuts`,`life_inv_coffee`,`life_inv_coffee`,`life_inv_coffee`,`life_inv_coffee`,`life_inv_coffee`,`life_inv_coffee`,`life_inv_coffee`,`life_inv_coffee`,`life_inv
20:45:45 "------------------------------------------------"
20:45:45 "SPYGLASS-FLAG:max cooper:76561198018755180:LT_Characters_Male_S"
20:45:45 Warning: Cleanup player - person 2:1661 not found
20:45:46 Client: Remote object 24:0 not found
20:45:46 Client: Remote object 21:0 not found
20:45:47 "SPYGLASS-FLAG:Adil Hossni:76561198041979640:example_uniform_config"
20:45:47 "------------- Client Query Request -------------"
20:45:47 "QUERY: SELECT playerid, name, cash, bankacc, adminlevel, donatorlvl, civ_licenses, arrested, civ_gear, blacklist, faction_reb, grade_reb, position, alive, tfr FROM players WHERE playerid='76561198041979640'"
20:45:47 "Time to complete: 0.388 (in seconds)"
20:45:47 "Result: ["76561198041979640","Adil Hossni",9710,1.84035e+006,"0","0","[[`license_civ_driver`,1],[`license_civ_air`,0],[`license_civ_heroin`,0],[`license_civ_marijuana`,0],[`license_civ_gang`,0],[`license_civ_boat`,0],[`license_civ_oil`,0],[`license_civ_dive`,0],[`license_civ_truck`,0],[`license_civ_gun`,1],[`license_civ_rebel`,0],[`license_civ_coke`,0],[`license_civ_diamond`,1],[`license_civ_copper`,1],[`license_civ_iron`,0],[`license_civ_sand`,0],[`license_civ_salt`,0],[`license_civ_cement`,0],[`license_civ_home`,0]]",0,"[`U_C_Driver_1_green`,``,`B_Carryall_cbr`,``,``,[`ItemMap`,`ItemCompass`,`tf_microdagr`,`ItemGPS`],``,``,[],[],[`ToolKit`,`ToolKit`,`U_C_Driver_1_black`,`U_C_Driver_1_red`],[],[],[],[],[],[`life_inv_water`,`life_inv_water`,`life_inv_tbacon`,`life_inv_tbacon`]]",0,"0","0",[],1,1]"
20:45:47 "------------------------------------------------"
20:45:50 "SPYGLASS-FLAG:Adil Hossni:76561198041979640:LT_Characters_Male_S"
20:45:51 Client: Remote object 25:0 not found
20:45:52 Warning: Cleanup player - person 2:1681 not found
20:45:54 Warning: Cleanup player - person 2:1686 not found
20:45:54 No owner
20:45:56 Warning: Cleanup player - person 2:1647 not found
20:45:57 Warning: Cleanup player - person 2:2 not found
20:45:57 "SPYGLASS-FLAG:Pedro Da silva:76561198066549464:example_uniform_config"
20:45:58 "SPYGLASS-FLAG:Pedro Da silva:76561198066549464:LT_Characters_Male_S"
20:45:58 "------------- Client Query Request -------------"
20:45:58 "QUERY: SELECT playerid, name, cash, bankacc, adminlevel, donatorlvl, civ_licenses, arrested, civ_gear, blacklist, faction_reb, grade_reb, position, alive, tfr FROM players WHERE playerid='76561198066549464'"
20:45:58 "Time to complete: 0.389008 (in seconds)"
20:45:58 "Result: ["76561198066549464","Pedro Da silva",12110,1.73722e+006,"0","6","[[`license_civ_driver`,1],[`license_civ_air`,0],[`license_civ_heroin`,1],[`license_civ_marijuana`,0],[`license_civ_gang`,0],[`license_civ_boat`,0],[`license_civ_oil`,1],[`license_civ_dive`,0],[`license_civ_truck`,1],[`license_civ_gun`,1],[`license_civ_rebel`,0],[`license_civ_coke`,0],[`license_civ_diamond`,1],[`license_civ_copper`,0],[`license_civ_iron`,0],[`license_civ_sand`,1],[`license_civ_salt`,0],[`license_civ_cement`,0],[`license_civ_home`,1]]",0,"[`U_C_WorkerCoveralls`,``,`B_Carryall_cbr`,``,``,[`ItemMap`,`ItemCompass`,`ItemWatch`,`tf_anprc148jem_80`,`ItemGPS`],``,``,[],[],[`ToolKit`,`ToolKit`,`ToolKit`],[],[],[],[],[],[]]",0,"0","0",[],1,1]"
20:45:58 "------------------------------------------------"
20:46:01 No owner
20:46:01 Server: Object info 2:1710 not found.
20:46:01 Can't change owner from 0 to 823292150
20:46:02 "------------- Client Query Request -------------"
20:46:02 "QUERY: SELECT playerid, name, cash, bankacc, adminlevel, donatorlvl, cop_licenses, coplevel, cop_gear, position, alive, tfr FROM players WHERE playerid='76561198136605617'"
20:46:02 "Time to complete: 0.391006 (in seconds)"
20:46:02 "Result: ["76561198136605617","Anthony Sweett",755,1.18619e+006,"0","6","[[`license_cop_air`,0],[`license_cop_swat`,0],[`license_cop_cg`,0],[`license_cop_snipe`,0],[`license_cop_piloteauto`,0]]","2","[`ARC_FR_Daguet_Uniform`,`ARC_FR_Daguet_PlateCarrier_1`,`B_Kitbag_rgr`,``,`sab_UN_Helmet`,[`ItemMap`,`ItemCompass`,`ItemWatch`,`tf_anprc152_14`,`ItemGPS`,`Rangefinder`],`arifle_mas_m16`,`hgun_P07_snds_F`,[`FirstAidKit`],[`SmokeShellBlue`],[`ToolKit`,`Medikit`,`ARC_FR_Daguet_Helmet_simple`,`NVGoggles_OPFOR`],[],[`FirstAidKit`,`FirstAidKit`,`FirstAidKit`],[`SmokeShellBlue`,`HandGrenade_Stone`,`HandGrenade_Stone`,`16Rnd_9x21_Mag`,`30Rnd_mas_556x45_Stanag`,`30Rnd_mas_556x45_Stanag`,`30Rnd_mas_556x45_Stanag`,`30Rnd_mas_556x45_Stanag`,`30Rnd_mas_556x45_Stanag`,`16Rnd_9x21_Mag`,`30Rnd_mas_556x45_Stanag`,`30Rnd_mas_556x45_Stanag`,`16Rnd_9x21_Mag`],[``,`acc_pointer_IR`,`optic_Hamr`],[`muzzle_snds_L`,``,``],[`life_inv_donuts`,`life_inv_donuts`,`life_inv_donuts`,`life_inv_donuts`,`life_inv_donuts`,`life_inv_donuts`,`life_i
20:46:02 "------------------------------------------------"
20:46:04 "SPYGLASS-FLAG:Anthony Sweett:76561198136605617:example_uniform_config"
20:46:04 "SPYGLASS-FLAG:Anthony Sweett:76561198136605617:LT_Characters_Male_S"
20:46:05 Warning: Cleanup player - person 2:1697 not found
20:46:12 Warning: Cleanup player - person 2:1708 not found
20:46:13 Warning: Cleanup player - person 2:1708 not found
20:46:17 No owner
20:46:17 Client: Local object 2:1711 not found
20:46:17 Client: Object 2:1711 (type Type_89) not found.
20:46:17 Client: Object 2:1711 (type Type_114) not found.
20:46:17 Error: Object(2 : 1711) not found
20:46:17 Client: Object 2:1711 (type Type_89) not found.
20:46:17 Client: Object 2:1711 (type Type_114) not found.
20:46:18 Error: Object(2 : 1711) not found
20:46:18 Client: Object 2:1711 (type Type_114) not found.
20:46:18 Error: Object(2 : 1711) not found
20:46:18 Client: Object 2:1711 (type Type_89) not found.
20:46:18 Client: Object 2:1711 (type Type_114) not found.
20:46:20 "SPYGLASS-FLAG:max cooper:76561198018755180:example_uniform_config"
20:46:20 "------------- Client Query Request -------------"
20:46:20 "QUERY: SELECT playerid, name, cash, bankacc, adminlevel, donatorlvl, cop_licenses, coplevel, cop_gear, position, alive, tfr FROM players WHERE playerid='76561198018755180'"
20:46:20 "Time to complete: 0.0439911 (in seconds)"
20:46:20 "Result: ["76561198018755180","max cooper",600,1.16203e+006,"0","0","[[`license_cop_air`,0],[`license_cop_swat`,0],[`license_cop_cg`,0],[`license_cop_snipe`,0],[`license_cop_piloteauto`,0]]","1","[`ARC_FR_CE_Uniform_tshirt`,`sab_UN_Vest`,`ARC_FR_Backpack_compact_CE`,`G_Aviator`,`sab_UN_cap`,[`ItemMap`,`ItemCompass`,`ItemWatch`,`tf_anprc152_8`,`ItemGPS`,`Binocular`],`arifle_mas_m1014`,`hgun_P07_snds_F`,[`FirstAidKit`,`FirstAidKit`],[`SmokeShellBlue`],[`Medikit`,`ToolKit`],[],[`NVGoggles_OPFOR`],[`16Rnd_9x21_Mag`,`HandGrenade_Stone`,`7Rnd_mas_12Gauge_Slug`,`16Rnd_9x21_Mag`,`7Rnd_mas_12Gauge_Slug`,`7Rnd_mas_12Gauge_Slug`],[``,`acc_flashlight`,`optic_Aco_smg`],[`muzzle_snds_L`,``,``],[`life_inv_donuts`,`life_inv_donuts`,`life_inv_donuts`,`life_inv_donuts`,`life_inv_donuts`,`life_inv_donuts`,`life_inv_donuts`,`life_inv_donuts`,`life_inv_donuts`,`life_inv_donuts`,`life_inv_coffee`,`life_inv_coffee`,`life_inv_coffee`,`life_inv_coffee`,`life_inv_coffee`,`life_inv_coffee`,`life_inv_coffee`,`life_inv_coffee`,`life_inv
20:46:20 "------------------------------------------------"
20:46:20 "SPYGLASS-FLAG:max cooper:76561198018755180:LT_Characters_Male_S"
20:46:20 Error: Object(24 : 9) not found
20:46:22 Warning: Cleanup player - person 2:1712 not found
20:46:23 Warning: Cleanup player - person 2:1712 not found
20:46:30 c:\w\stable\futura\lib\network\networkserver.cpp ClearNetServer:NOT IMPLEMENTED - briefing!
