=====================================================================
== C:\Games\ArmA3\A3Master\arma3server.exe
== "C:\Games\ArmA3\A3Master\arma3server.exe"  -nosplash -nosound -world=Altis -name=atl -profiles=Users -cfg=Users\Administrator\Arma3.cfg -config=CONFIG_Vanilla.cfg -mod=@extDB;@life_server;@altisrpfr -port=2302 -ip=178.33.110.219 -enableHT -maxMem=2047 -malloc=tbbmalloc

Original output filename: Arma3Retail_Server
Exe timestamp: 2014/11/04 14:08:33
Current time:  2014/11/16 20:41:07

Type: Public
Branch: Stable
Version: 1.34.128075

Allocator: C:\Games\ArmA3\A3Master\dll\tbb4malloc_bi.dll
=====================================================================

20:41:07 ManagerConfig()
20:41:09 Conflicting addon caf_ag_equip_me_backpack in 'caf_ag_equip_c\middleeast\backpacks\', previous definition in 'caf_ag_equip_c\easteurope\backpacks\'
20:41:09 Conflicting addon example_uniform_config in 'FANTASMA_Units\blackhunter\', previous definition in 'FANTASMA_Units\medic\'
20:41:09 Conflicting addon example_uniform_config in 'FANTASMA_Units\giletpolo\', previous definition in 'FANTASMA_Units\medic\'
20:41:09 Conflicting addon PG_Services_PMC_UNITS in 'pg_services_pmc_config\vehicles\', previous definition in 'pg_services_pmc_config\characters\pmc\'
20:41:09 Unsupported language English in stringtable
20:41:09 Unsupported language English in stringtable
20:41:11 Updating base class ->Base, by a3\dubbing_radio_f\config.bin/CfgHQIdentities/PAPA_BEAR/
20:41:11 Updating base class ->Base, by a3\dubbing_radio_f\config.bin/CfgHQIdentities/AirBase/
20:41:11 Updating base class ->LandVehicle, by a3\data_f\config.bin/CfgVehicles/StaticWeapon/
20:41:11 Updating base class ->Wreck, by a3\data_f\config.bin/CfgVehicles/PlaneWreck/
20:41:11 Updating base class RscShortcutButton->RscButton, by a3\editor_f\config.bin/RscDisplayEditObject/Controls/B_OK/
20:41:11 Updating base class RscSliderH->RscXSliderH, by a3\editor_f\config.bin/RscDisplayEditObject/Slider/
20:41:11 Updating base class RscText->RscPicture, by a3\editor_f\config.bin/RscDisplayEditObject/Preview/
20:41:11 Updating base class RscShortcutButton->RscButton, by a3\editor_f\config.bin/RscDisplayMissionLoad/Controls/B_OK/
20:41:11 Updating base class RscShortcutButton->RscButton, by a3\editor_f\config.bin/RscDisplayMissionSave/Controls/B_OK/
20:41:11 Updating base class ->FlagCarrier_Asym, by a3\structures_f\mil\flags\config.bin/CfgVehicles/Flag_UNO_F/
20:41:11 Updating base class ->RscControlsGroup, by a3\ui_f\config.bin/RscControlsGroupNoScrollbars/
20:41:11 Updating base class ->RscControlsGroup, by a3\ui_f\config.bin/RscControlsGroupNoHScrollbars/
20:41:11 Updating base class ->RscControlsGroup, by a3\ui_f\config.bin/RscControlsGroupNoVScrollbars/
20:41:11 Updating base class ->RscText, by a3\ui_f\config.bin/RscLine/
20:41:11 Updating base class ->RscActiveText, by a3\ui_f\config.bin/RscActivePicture/
20:41:11 Updating base class ->RscButton, by a3\ui_f\config.bin/RscButtonTextOnly/
20:41:11 Updating base class ->RscShortcutButton, by a3\ui_f\config.bin/RscShortcutButtonMain/
20:41:11 Updating base class ->RscShortcutButton, by a3\ui_f\config.bin/RscButtonEditor/
20:41:11 Updating base class ->RscShortcutButton, by a3\ui_f\config.bin/RscIGUIShortcutButton/
20:41:11 Updating base class ->RscShortcutButton, by a3\ui_f\config.bin/RscGearShortcutButton/
20:41:11 Updating base class ->RscShortcutButton, by a3\ui_f\config.bin/RscButtonMenu/
20:41:11 Updating base class ->RscButtonMenu, by a3\ui_f\config.bin/RscButtonMenuOK/
20:41:11 Updating base class ->RscButtonMenu, by a3\ui_f\config.bin/RscButtonMenuCancel/
20:41:11 Updating base class ->RscButtonMenu, by a3\ui_f\config.bin/RscButtonMenuSteam/
20:41:11 Updating base class ->RscText, by a3\ui_f\config.bin/RscLoadingText/
20:41:11 Updating base class ->RscListBox, by a3\ui_f\config.bin/RscIGUIListBox/
20:41:11 Updating base class ->RscListNBox, by a3\ui_f\config.bin/RscIGUIListNBox/
20:41:11 Updating base class ->RscText, by a3\ui_f\config.bin/RscBackground/
20:41:11 Updating base class ->RscText, by a3\ui_f\config.bin/RscBackgroundGUI/
20:41:11 Updating base class ->RscPicture, by a3\ui_f\config.bin/RscBackgroundGUILeft/
20:41:11 Updating base class ->RscPicture, by a3\ui_f\config.bin/RscBackgroundGUIRight/
20:41:11 Updating base class ->RscPicture, by a3\ui_f\config.bin/RscBackgroundGUIBottom/
20:41:11 Updating base class ->RscText, by a3\ui_f\config.bin/RscBackgroundGUITop/
20:41:11 Updating base class ->RscText, by a3\ui_f\config.bin/RscBackgroundGUIDark/
20:41:11 Updating base class ->RscPictureKeepAspect, by a3\ui_f\config.bin/RscBackgroundLogo/
20:41:11 Updating base class ->RscMapControl, by a3\ui_f\config.bin/RscMapControlEmpty/
20:41:11 Updating base class ->RscPicture, by a3\ui_f\config.bin/CA_Mainback/
20:41:11 Updating base class ->CA_Mainback, by a3\ui_f\config.bin/CA_Back/
20:41:11 Updating base class ->CA_Mainback, by a3\ui_f\config.bin/CA_Title_Back/
20:41:11 Updating base class ->CA_Mainback, by a3\ui_f\config.bin/CA_Black_Back/
20:41:11 Updating base class ->RscTitle, by a3\ui_f\config.bin/CA_Title/
20:41:11 Updating base class ->RscPictureKeepAspect, by a3\ui_f\config.bin/CA_Logo/
20:41:11 Updating base class ->CA_Logo, by a3\ui_f\config.bin/CA_Logo_Small/
20:41:11 Updating base class ->RscButton, by a3\ui_f\config.bin/CA_RscButton/
20:41:11 Updating base class ->CA_RscButton, by a3\ui_f\config.bin/CA_RscButton_dialog/
20:41:11 Updating base class ->RscActiveText, by a3\ui_f\config.bin/CA_Ok/
20:41:11 Updating base class ->RscText, by a3\ui_f\config.bin/CA_Ok_image/
20:41:11 Updating base class ->RscText, by a3\ui_f\config.bin/CA_Ok_image2/
20:41:11 Updating base class ->RscText, by a3\ui_f\config.bin/CA_Ok_text/
20:41:11 Updating base class ->RscPicture, by a3\ui_f\config.bin/RscVignette/
20:41:11 Updating base class ->RscControlsGroupNoScrollbars, by a3\ui_f\config.bin/RscMapControlTooltip/
20:41:11 Updating base class RscShortcutButton->RscButtonMenu, by a3\ui_f\config.bin/RscDisplayDebug/Controls/B_OK/
20:41:11 Updating base class RscShortcutButton->RscButtonMenu, by a3\ui_f\config.bin/RscDisplayDebug/Controls/B_Cancel/
20:41:11 Updating base class RscShortcutButton->RscButtonMenu, by a3\ui_f\config.bin/RscDisplayDebug/Controls/B_Clear/
20:41:11 Updating base class ->RscText, by a3\ui_f\config.bin/RscDisplayCapture/controls/TimeLines/
20:41:11 Updating base class RscShortcutButton->RscButtonMenu, by a3\ui_f\config.bin/RscDisplayCapture/controls/ButtonAverages/
20:41:11 Updating base class RscShortcutButton->RscButtonMenu, by a3\ui_f\config.bin/RscDisplayCapture/controls/ButtonSavePreviousData/
20:41:11 Updating base class RscShortcutButton->RscButtonMenu, by a3\ui_f\config.bin/RscDisplayCapture/controls/ButtonPreviousData/
20:41:11 Updating base class RscControlsGroup->RscControlsGroupNoHScrollbars, by a3\ui_f\config.bin/RscDisplayMain/controls/ModIcons/
20:41:11 Updating base class RscPicture->RscPictureKeepAspect, by a3\ui_f\config.bin/RscDisplayMain/IconPicture/
20:41:11 Updating base class IconPicture->RscPictureKeepAspect, by a3\ui_f\config.bin/RscDisplayMain/DlcOwnedIconPicture/
20:41:11 Updating base class IconPicture->RscPictureKeepAspect, by a3\ui_f\config.bin/RscDisplayMain/DlcIconPicture/
20:41:11 Updating base class RscListBox->RscCombo, by a3\ui_f\config.bin/RscDisplayCustomizeController/Steepness/
20:41:11 Updating base class ->RscStandardDisplay, by a3\ui_f\config.bin/RscDisplayControlSchemes/
20:41:11 Updating base class ButtonOK->RscButtonMenuCancel, by a3\ui_f\config.bin/RscDisplayControlSchemes/controls/ButtonCancel/
20:41:11 Updating base class RscButton->RscButtonMenuOK, by a3\ui_f\config.bin/RscDisplayControlSchemes/controls/ButtonOK/
20:41:11 Updating base class RscPicture->RscPictureKeepAspect, by a3\ui_f\config.bin/RscDisplayFileSelectImage/controls/OverviewPicture/
20:41:11 Updating base class RscShortcutButton->RscButtonMenuCancel, by a3\ui_f\config.bin/RscDisplayFieldManual/controls/ButtonCancel/
20:41:11 Cannot delete class B_KickOff, it is referenced somewhere (used as a base class probably).
20:41:11 Updating base class RscButton->RscButtonMenuCancel, by a3\ui_f\config.bin/RscDisplayPublishMission/controls/ButtonCancel/
20:41:11 Updating base class RscShortcutButton->RscButtonMenuOK, by a3\ui_f\config.bin/RscDisplayPublishMissionSelectTags/controls/ButtonOK/
20:41:11 Updating base class ButtonOK->RscButtonMenuCancel, by a3\ui_f\config.bin/RscDisplayPublishMissionSelectTags/controls/ButtonCancel/
20:41:11 Updating base class ->RscSubmenu, by a3\ui_f\config.bin/RscMainMenu/
20:41:11 Cannot update non class from class a3\ui_f\config.bin/RscCallSupport/Items/
20:41:11 Cannot update non class from class a3\ui_f\config.bin/RscRadio/Items/
20:41:11 Updating base class ->VehicleMagazine, by a3\weapons_f\config.bin/CfgMagazines/24Rnd_missiles/
20:41:11 Updating base class ->RocketPods, by a3\weapons_f\config.bin/cfgWeapons/missiles_DAR/
20:41:11 Updating base class ->Default, by a3\weapons_f\config.bin/cfgWeapons/ItemCore/
20:41:11 Updating base class ->Binocular, by a3\weapons_f\config.bin/cfgWeapons/NVGoggles/
20:41:11 Updating base class ->Bag_Base, by a3\weapons_f\ammoboxes\config.bin/CfgVehicles/B_Kitbag_Base/
20:41:11 Updating base class ->B_TacticalPack_Base, by a3\weapons_f\ammoboxes\config.bin/CfgVehicles/B_TacticalPack_oli/
20:41:11 Updating base class ->B_Bergen_Base, by a3\weapons_f\ammoboxes\config.bin/CfgVehicles/B_Bergen_rgr/
20:41:11 Updating base class ->InventoryItem_Base_F, by a3\weapons_f\items\config.bin/CfgWeapons/VestItem/
20:41:11 Updating base class ->arifle_MX_F, by a3\weapons_f\rifles\mx_black\config.bin/CfgWeapons/arifle_MX_Black_F/
20:41:11 Updating base class ->arifle_MX_GL_F, by a3\weapons_f\rifles\mx_black\config.bin/CfgWeapons/arifle_MX_GL_Black_F/
20:41:11 Updating base class ->Car_F, by task_force_radio_items\config.cpp/CfgVehicles/MRAP_03_base_F/
20:41:11 Updating base class ->Truck_F, by task_force_radio_items\config.cpp/CfgVehicles/Truck_02_base_F/
20:41:11 Updating base class ->Offroad_01_base_F, by task_force_radio_items\config.cpp/CfgVehicles/Offroad_01_armed_base_F/
20:41:11 Updating base class ->Man, by a3\characters_f\config.bin/CfgVehicles/CAManBase/
20:41:11 Updating base class Man->Civilian, by a3\characters_f\config.bin/CfgVehicles/Civilian_F/
20:41:11 Updating base class ->CAManBase, by a3\characters_f\config.bin/CfgVehicles/SoldierWB/
20:41:11 Updating base class ->B_Soldier_base_F, by a3\characters_f\config.bin/CfgVehicles/B_Soldier_02_f/
20:41:11 Updating base class ->B_Soldier_base_F, by a3\characters_f\config.bin/CfgVehicles/B_soldier_UAV_F/
20:41:11 Updating base class ->SoldierGB, by a3\characters_f\config.bin/CfgVehicles/I_Soldier_base_F/
20:41:11 Updating base class ->I_Soldier_02_F, by a3\characters_f\config.bin/CfgVehicles/I_Soldier_AR_F/
20:41:11 Updating base class ->I_Soldier_base_F, by a3\characters_f\config.bin/CfgVehicles/I_Soldier_TL_F/
20:41:11 Updating base class ->I_Soldier_base_F, by a3\characters_f\config.bin/CfgVehicles/I_Soldier_M_F/
20:41:11 Updating base class ->I_Soldier_base_F, by a3\characters_f\config.bin/CfgVehicles/I_Soldier_AT_F/
20:41:11 Updating base class ->I_Soldier_02_F, by a3\characters_f\config.bin/CfgVehicles/I_Soldier_AA_F/
20:41:11 Updating base class ->I_Soldier_02_F, by a3\characters_f\config.bin/CfgVehicles/I_medic_F/
20:41:11 Updating base class ->I_Soldier_base_F, by a3\characters_f\config.bin/CfgVehicles/I_engineer_F/
20:41:11 Updating base class ->I_Soldier_base_F, by a3\characters_f\config.bin/CfgVehicles/I_crew_F/
20:41:11 Updating base class ->I_Soldier_03_F, by a3\characters_f\config.bin/CfgVehicles/I_helipilot_F/
20:41:11 Updating base class ->I_Soldier_base_F, by a3\characters_f\config.bin/CfgVehicles/I_officer_F/
20:41:11 Updating base class Man->O_Soldier_base_F, by a3\characters_f\config.bin/CfgVehicles/O_Soldier_F/
20:41:11 Updating base class ->ItemCore, by a3\characters_f\config.bin/cfgWeapons/Uniform_Base/
20:41:11 Updating base class ->ItemCore, by a3\characters_f\config.bin/cfgWeapons/Vest_Camo_Base/
20:41:11 Updating base class ->ItemCore, by a3\characters_f\config.bin/cfgWeapons/Vest_NoCamo_Base/
20:41:11 Updating base class ->Vest_NoCamo_Base, by a3\characters_f\config.bin/cfgWeapons/V_PlateCarrier1_rgr/
20:41:11 Updating base class ->Vest_Camo_Base, by a3\characters_f\config.bin/cfgWeapons/V_TacVest_khk/
20:41:11 Updating base class ->Vest_NoCamo_Base, by a3\characters_f\config.bin/cfgWeapons/V_TacVestIR_blk/
20:41:11 Updating base class ->Vest_NoCamo_Base, by a3\characters_f\config.bin/cfgWeapons/V_PlateCarrierIA1_dgtl/
20:41:11 Updating base class ->InventoryItem_Base_F, by a3\characters_f\config.bin/cfgWeapons/HeadgearItem/
20:41:11 Updating base class ->H_HelmetB, by a3\characters_f\config.bin/cfgWeapons/H_Booniehat_khk/
20:41:11 Updating base class ItemCore->H_HelmetB_plain_mcamo, by a3\characters_f\config.bin/cfgWeapons/H_HelmetB_plain_blk/
20:41:11 Updating base class ->H_HelmetB, by a3\characters_f\config.bin/cfgWeapons/H_Cap_red/
20:41:11 Updating base class ->H_HelmetB, by a3\characters_f\config.bin/cfgWeapons/H_Bandanna_surfer/
20:41:11 Updating base class ->None, by a3\characters_f\heads\config.bin/CfgGlasses/G_Diving/
20:41:11 Updating base class ->None, by a3\characters_f\heads\config.bin/CfgGlasses/G_Tactical_Clear/
20:41:12 Updating base class ->HMG_01_high_base_F, by a3\static_f\config.bin/CfgVehicles/I_HMG_01_high_F/
20:41:12 Updating base class ->Mortar_01_base_F, by a3\static_f\mortar_01\config.bin/CfgVehicles/I_Mortar_01_F/
20:41:12 Updating base class ->ItemCore, by a3\weapons_f\acc\config.bin/cfgWeapons/muzzle_snds_H/
20:41:12 Updating base class ->muzzle_snds_H, by a3\weapons_f\acc\config.bin/cfgWeapons/muzzle_snds_L/
20:41:12 Updating base class ->muzzle_snds_H, by a3\weapons_f\acc\config.bin/cfgWeapons/muzzle_snds_M/
20:41:12 Updating base class ->muzzle_snds_H, by a3\weapons_f\acc\config.bin/cfgWeapons/muzzle_snds_B/
20:41:12 Updating base class ->muzzle_snds_H, by a3\weapons_f\acc\config.bin/cfgWeapons/muzzle_snds_H_MG/
20:41:12 Updating base class ->ItemCore, by a3\weapons_f\acc\config.bin/cfgWeapons/optic_Arco/
20:41:12 Updating base class ->ItemCore, by a3\weapons_f\acc\config.bin/cfgWeapons/optic_Hamr/
20:41:12 Updating base class ->ItemCore, by a3\weapons_f\acc\config.bin/cfgWeapons/optic_Aco/
20:41:12 Updating base class ->ItemCore, by a3\weapons_f\acc\config.bin/cfgWeapons/optic_ACO_grn/
20:41:12 Updating base class ->ItemCore, by a3\weapons_f\acc\config.bin/cfgWeapons/optic_Holosight/
20:41:12 Updating base class ->ItemCore, by a3\weapons_f\acc\config.bin/cfgWeapons/optic_SOS/
20:41:12 Updating base class ->ItemCore, by a3\weapons_f\acc\config.bin/cfgWeapons/acc_pointer_IR/
20:41:12 Updating base class ->ItemCore, by a3\weapons_f\acc\config.bin/cfgWeapons/optic_MRCO/
20:41:12 Updating base class ->ItemCore, by a3\weapons_f\acc\config.bin/cfgWeapons/optic_DMS/
20:41:12 Updating base class B_Soldier_04_f->B_Soldier_base_F, by FANTASMA_Units\config.cpp/CfgVehicles/B_Helipilot_F/
20:41:12 Updating base class B_Soldier_05_f->B_Helipilot_F, by FANTASMA_Units\config.cpp/CfgVehicles/B_Pilot_F/
20:41:12 Updating base class Civilian->Man, by rds_a2port_cman\config.bin/CfgVehicles/Civilian_F/
20:41:12 Updating base class Man->Civilian, by unlocked_uniforms\config.bin/CfgVehicles/Civilian_F/
20:41:12 Updating base class ->Helicopter, by a3\air_f\config.bin/CfgVehicles/Helicopter_Base_F/
20:41:12 Updating base class ->Helicopter_Base_F, by a3\air_f\config.bin/CfgVehicles/Helicopter_Base_H/
20:41:12 Updating base class ->Heli_Light_01_base_F, by a3\air_f\heli_light_01\config.bin/CfgVehicles/B_Heli_Light_01_F/
20:41:12 Updating base class ->Heli_Light_02_base_F, by a3\air_f\heli_light_02\config.bin/CfgVehicles/O_Heli_Light_02_F/
20:41:12 Updating base class ->Heli_Light_02_base_F, by a3\air_f\heli_light_02\config.bin/CfgVehicles/O_Heli_Light_02_unarmed_F/
20:41:12 Updating base class ->Heli_Attack_01_base_F, by a3\air_f_beta\heli_attack_01\config.bin/CfgVehicles/B_Heli_Attack_01_F/
20:41:12 Updating base class ->Heli_Transport_01_base_F, by a3\air_f_beta\heli_transport_01\config.bin/CfgVehicles/B_Heli_Transport_01_F/
20:41:12 Updating base class ->Heli_Transport_02_base_F, by a3\air_f_beta\heli_transport_02\config.bin/CfgVehicles/I_Heli_Transport_02_F/
20:41:12 Updating base class ->I_Heli_light_03_unarmed_base_F, by a3\air_f_epb\heli_light_03\config.bin/CfgVehicles/I_Heli_light_03_unarmed_F/
20:41:12 Updating base class ->Car, by a3\armor_f_beta\config.bin/CfgVehicles/Car_F/
20:41:12 Updating base class ->B_APC_Tracked_01_base_F, by a3\armor_f_beta\apc_tracked_01\config.bin/CfgVehicles/B_APC_Tracked_01_rcws_F/
20:41:12 Updating base class ->B_APC_Tracked_01_base_F, by a3\armor_f_beta\apc_tracked_01\config.bin/CfgVehicles/B_APC_Tracked_01_CRV_F/
20:41:12 Updating base class ->O_APC_Tracked_02_base_F, by a3\armor_f_beta\apc_tracked_02\config.bin/CfgVehicles/O_APC_Tracked_02_cannon_F/
20:41:12 Updating base class Optics_Commander_02->Optics_Armored, by a3\armor_f_epb\apc_tracked_03\config.bin/Optics_Commander_03/
20:41:12 Updating base class ->I_MBT_03_base_F, by a3\armor_f_epb\mbt_03\config.bin/CfgVehicles/I_MBT_03_cannon_F/
20:41:12 Updating base class ->B_MBT_01_base_F, by a3\armor_f_gamma\mbt_01\config.bin/CfgVehicles/B_MBT_01_cannon_F/
20:41:12 Updating base class ->Ship_F, by a3\boat_f\config.bin/CfgVehicles/Boat_F/
20:41:12 Updating base class ->Boat_Armed_01_minigun_base_F, by a3\boat_f_beta\boat_armed_01\config.bin/CfgVehicles/I_Boat_Armed_01_minigun_F/
20:41:12 Updating base class ->Ship_F, by a3\boat_f_gamma\boat_civil_01\config.bin/CfgVehicles/Boat_Civil_01_base_F/
20:41:12 Updating base class ->Boat_Civil_01_base_F, by a3\boat_f_gamma\boat_civil_01\config.bin/CfgVehicles/C_Boat_Civil_01_F/
20:41:12 Updating base class ->B_Helipilot_F, by a3\characters_f\common\config.bin/CfgVehicles/B_UAV_AI/
20:41:12 Updating base class ->Car_F, by a3\soft_f\config.bin/CfgVehicles/Truck_F/
20:41:12 Updating base class ->MRAP_01_base_F, by a3\soft_f\mrap_01\config.bin/CfgVehicles/MRAP_01_gmg_base_F/
20:41:12 Updating base class ->MRAP_01_gmg_base_F, by a3\soft_f\mrap_01\config.bin/CfgVehicles/MRAP_01_hmg_base_F/
20:41:12 Updating base class ->MRAP_01_base_F, by a3\soft_f\mrap_01\config.bin/CfgVehicles/B_MRAP_01_F/
20:41:12 Updating base class ->Car_F, by a3\soft_f\offroad_01\config.bin/CfgVehicles/Offroad_01_base_F/
20:41:12 Updating base class ->MRAP_03_base_F, by a3\soft_f_beta\mrap_03\config.bin/CfgVehicles/MRAP_03_hmg_base_F/
20:41:12 Updating base class ->MRAP_03_hmg_base_F, by a3\soft_f_beta\mrap_03\config.bin/CfgVehicles/MRAP_03_gmg_base_F/
20:41:12 Updating base class ->Truck_02_base_F, by a3\soft_f_beta\truck_02\config.bin/CfgVehicles/I_Truck_02_transport_F/
20:41:12 Updating base class ->Car_F, by a3\soft_f_gamma\hatchback_01\config.bin/CfgVehicles/Hatchback_01_base_F/
20:41:12 Updating base class ->Truck_02_base_F, by a3\soft_f_gamma\truck_02\config.bin/CfgVehicles/I_Truck_02_ammo_F/
20:41:12 Updating base class ->Truck_02_base_F, by a3\soft_f_gamma\truck_02\config.bin/CfgVehicles/I_Truck_02_box_F/
20:41:12 Updating base class ->I_Truck_02_box_F, by a3\soft_f_gamma\truck_02\config.bin/CfgVehicles/I_Truck_02_medical_F/
20:41:12 Updating base class ->Truck_02_base_F, by a3\soft_f_gamma\truck_02\config.bin/CfgVehicles/I_Truck_02_fuel_F/
20:41:12 Updating base class ->AA_01_base_F, by a3\static_f\aa_01\config.bin/CfgVehicles/I_static_AA_F/
20:41:12 Updating base class ->AT_01_base_F, by a3\static_f\at_01\config.bin/CfgVehicles/I_static_AT_F/
20:41:12 Updating base class Car_F->LandRover_Base_FFV_F, by pansy\LandRover\config.bin/CfgVehicles/BAF_Offroad_D/
20:41:12 Cannot delete class Eventhandlers, it is referenced somewhere (used as a base class probably).
20:41:12 Cannot delete class Eventhandlers, it is referenced somewhere (used as a base class probably).
20:41:12 Cannot delete class Eventhandlers, it is referenced somewhere (used as a base class probably).
20:41:12 Cannot delete class EventHandlers, it is referenced somewhere (used as a base class probably).
20:41:12 Cannot delete class EventHandlers, it is referenced somewhere (used as a base class probably).
20:41:12 Cannot delete class Eventhandlers, it is referenced somewhere (used as a base class probably).
20:41:12 Cannot delete class EventHandlers, it is referenced somewhere (used as a base class probably).
20:41:12 Cannot delete class EventHandlers, it is referenced somewhere (used as a base class probably).
20:41:12 Cannot delete class EventHandlers, it is referenced somewhere (used as a base class probably).
20:41:12 Cannot delete class EventHandlers, it is referenced somewhere (used as a base class probably).
20:41:12 Updating base class ->UserActions, by a3\air_f_heli\heli_transport_02\config.bin/CfgVehicles/Heli_Transport_02_base_F/UserActions/
20:41:12 Updating base class ->B_APC_Wheeled_01_base_F, by a3\armor_f_beta\apc_wheeled_01\config.bin/CfgVehicles/B_APC_Wheeled_01_cannon_F/
20:41:12 Updating base class ->UGV_01_base_F, by a3\drones_f\soft_f_gamma\ugv_01\config.bin/CfgVehicles/I_UGV_01_F/
20:41:12 Updating base class ->UGV_01_rcws_base_F, by a3\drones_f\soft_f_gamma\ugv_01\config.bin/CfgVehicles/I_UGV_01_rcws_F/
20:41:12 ragdollHitDmgLimit (0.000000) is lower than minimum (0.010000) and it was set to min.
20:41:12 Initializing Steam Manager
20:41:12 ManagerConfig()
20:41:12 Steam Manager initialized.
20:41:12 
20:41:12 ==== Loaded addons ====
20:41:12 
20:41:12 dta\bin.pbo - unknown
20:41:12 dta\core.pbo - 72362
20:41:12 dta\languagecore_f.pbo - 76057
20:41:12 C:\Games\ArmA3\A3Master\@altisrpfr\addons\altisrpfr.pbo - unknown
20:41:12 C:\Games\ArmA3\A3Master\@altisrpfr\addons\bwi_a3_t6.pbo - unknown
20:41:12 C:\Games\ArmA3\A3Master\@altisrpfr\addons\caf_ag_equip.pbo - unknown
20:41:12 C:\Games\ArmA3\A3Master\@altisrpfr\addons\caf_ag_equip_c.pbo - unknown
20:41:12 C:\Games\ArmA3\A3Master\@altisrpfr\addons\caf_ag_equip_t.pbo - unknown
20:41:12 C:\Games\ArmA3\A3Master\@altisrpfr\addons\caf_ag_factions.pbo - unknown
20:41:12 C:\Games\ArmA3\A3Master\@altisrpfr\addons\cba_ai.pbo - 004
20:41:12 C:\Games\ArmA3\A3Master\@altisrpfr\addons\cba_arrays.pbo - 003
20:41:12 C:\Games\ArmA3\A3Master\@altisrpfr\addons\cba_common.pbo - 014
20:41:12 C:\Games\ArmA3\A3Master\@altisrpfr\addons\cba_diagnostic.pbo - 004
20:41:12 C:\Games\ArmA3\A3Master\@altisrpfr\addons\cba_events.pbo - 003
20:41:12 C:\Games\ArmA3\A3Master\@altisrpfr\addons\cba_extended_eventhandlers.pbo - 002
20:41:12 C:\Games\ArmA3\A3Master\@altisrpfr\addons\cba_hashes.pbo - 004
20:41:12 C:\Games\ArmA3\A3Master\@altisrpfr\addons\cba_help.pbo - 004
20:41:12 C:\Games\ArmA3\A3Master\@altisrpfr\addons\cba_keybinding.pbo - 007
20:41:12 C:\Games\ArmA3\A3Master\@altisrpfr\addons\cba_main.pbo - 012
20:41:12 C:\Games\ArmA3\A3Master\@altisrpfr\addons\cba_main_a3.pbo - 002
20:41:12 C:\Games\ArmA3\A3Master\@altisrpfr\addons\cba_network.pbo - 012
20:41:12 C:\Games\ArmA3\A3Master\@altisrpfr\addons\cba_strings.pbo - 002
20:41:12 C:\Games\ArmA3\A3Master\@altisrpfr\addons\cba_ui.pbo - 017
20:41:12 C:\Games\ArmA3\A3Master\@altisrpfr\addons\cba_ui_helper.pbo - 002
20:41:12 C:\Games\ArmA3\A3Master\@altisrpfr\addons\cba_vectors.pbo - 002
20:41:12 C:\Games\ArmA3\A3Master\@altisrpfr\addons\cba_versioning.pbo - 002
20:41:12 C:\Games\ArmA3\A3Master\@altisrpfr\addons\cba_xeh.pbo - 011
20:41:12 C:\Games\ArmA3\A3Master\@altisrpfr\addons\cba_xeh_a3.pbo - 007
20:41:12 C:\Games\ArmA3\A3Master\@altisrpfr\addons\fantasma_units.pbo - unknown
20:41:12 C:\Games\ArmA3\A3Master\@altisrpfr\addons\fr_items.pbo - unknown
20:41:12 C:\Games\ArmA3\A3Master\@altisrpfr\addons\gnt_c185.pbo - unknown
20:41:12 C:\Games\ArmA3\A3Master\@altisrpfr\addons\hk430&m4benelli.pbo - unknown
20:41:12 C:\Games\ArmA3\A3Master\@altisrpfr\addons\hk430&m4benelli_noaddons.pbo - unknown
20:41:12 C:\Games\ArmA3\A3Master\@altisrpfr\addons\ira_pack.pbo - unknown
20:41:12 C:\Games\ArmA3\A3Master\@altisrpfr\addons\landrover.pbo - unknown
20:41:12 C:\Games\ArmA3\A3Master\@altisrpfr\addons\mas_nw_rifle.pbo - unknown
20:41:12 C:\Games\ArmA3\A3Master\@altisrpfr\addons\mas_ru_rifle.pbo - unknown
20:41:12 C:\Games\ArmA3\A3Master\@altisrpfr\addons\mas_us_rifle.pbo - unknown
20:41:12 C:\Games\ArmA3\A3Master\@altisrpfr\addons\mas_us_rifle_c.pbo - unknown
20:41:12 C:\Games\ArmA3\A3Master\@altisrpfr\addons\pg_services_pmc.pbo - unknown
20:41:12 C:\Games\ArmA3\A3Master\@altisrpfr\addons\pg_services_pmc_config.pbo - unknown
20:41:12 C:\Games\ArmA3\A3Master\@altisrpfr\addons\plp_truckcolors.pbo - unknown
20:41:12 C:\Games\ArmA3\A3Master\@altisrpfr\addons\rav_lifter_a3.pbo - unknown
20:41:12 C:\Games\ArmA3\A3Master\@altisrpfr\addons\rds_a2port_civ.pbo - unknown
20:41:12 C:\Games\ArmA3\A3Master\@altisrpfr\addons\rds_a2port_civ_c.pbo - unknown
20:41:12 C:\Games\ArmA3\A3Master\@altisrpfr\addons\rds_a2port_cman.pbo - unknown
20:41:12 C:\Games\ArmA3\A3Master\@altisrpfr\addons\sab_un2030.pbo - unknown
20:41:12 C:\Games\ArmA3\A3Master\@altisrpfr\addons\sakuweaponshake.pbo - unknown
20:41:12 C:\Games\ArmA3\A3Master\@altisrpfr\addons\st_stamina_bar.pbo - unknown
20:41:12 C:\Games\ArmA3\A3Master\@altisrpfr\addons\task_force_radio.pbo - unknown
20:41:12 C:\Games\ArmA3\A3Master\@altisrpfr\addons\task_force_radio_items.pbo - unknown
20:41:12 C:\Games\ArmA3\A3Master\@altisrpfr\addons\unlocked_uniforms.pbo - unknown
20:41:12 C:\Games\ArmA3\A3Master\@altisrpfr\addons\uvf_pack.pbo - unknown
20:41:12 C:\Games\ArmA3\A3Master\@life_server\addons\life_server.pbo - unknown
20:41:12 C:\Games\ArmA3\A3Master\heli\addons\air_f_heli.ebo - 76060
20:41:12 C:\Games\ArmA3\A3Master\heli\addons\anims_f_heli.ebo - 72362
20:41:12 C:\Games\ArmA3\A3Master\heli\addons\boat_f_heli.ebo - 74189
20:41:12 C:\Games\ArmA3\A3Master\heli\addons\cargoposes_f_heli.ebo - 76039
20:41:12 C:\Games\ArmA3\A3Master\heli\addons\data_f_heli.ebo - 76047
20:41:12 C:\Games\ArmA3\A3Master\heli\addons\dubbing_f_heli.ebo - 75138
20:41:12 C:\Games\ArmA3\A3Master\heli\addons\functions_f_heli.ebo - 75918
20:41:12 C:\Games\ArmA3\A3Master\heli\addons\languagemissions_f_heli.ebo - 76057
20:41:12 C:\Games\ArmA3\A3Master\heli\addons\language_f_heli.ebo - 76057
20:41:12 C:\Games\ArmA3\A3Master\heli\addons\missions_f_heli.ebo - 76039
20:41:12 C:\Games\ArmA3\A3Master\heli\addons\missions_f_heli_data.ebo - 75977
20:41:12 C:\Games\ArmA3\A3Master\heli\addons\missions_f_heli_video.ebo - 75065
20:41:12 C:\Games\ArmA3\A3Master\heli\addons\modules_f_heli.ebo - 76039
20:41:12 C:\Games\ArmA3\A3Master\heli\addons\music_f_heli.ebo - 76012
20:41:12 C:\Games\ArmA3\A3Master\heli\addons\music_f_heli_music.ebo - 76012
20:41:12 C:\Games\ArmA3\A3Master\heli\addons\soft_f_heli.ebo - 74189
20:41:12 C:\Games\ArmA3\A3Master\heli\addons\sounds_f_heli.ebo - 75591
20:41:12 C:\Games\ArmA3\A3Master\heli\addons\structures_f_heli.ebo - 75566
20:41:12 C:\Games\ArmA3\A3Master\heli\addons\supplies_f_heli.ebo - 75687
20:41:12 C:\Games\ArmA3\A3Master\heli\addons\ui_f_heli.ebo - 76012
20:41:12 C:\Games\ArmA3\A3Master\kart\addons\anims_f_kart.pbo - 72362
20:41:12 C:\Games\ArmA3\A3Master\kart\addons\characters_f_kart.pbo - 73106
20:41:12 C:\Games\ArmA3\A3Master\kart\addons\data_f_kart.pbo - 75977
20:41:12 C:\Games\ArmA3\A3Master\kart\addons\languagemissions_f_kart.pbo - 73106
20:41:12 C:\Games\ArmA3\A3Master\kart\addons\language_f_kart.pbo - 76053
20:41:12 C:\Games\ArmA3\A3Master\kart\addons\missions_f_kart.pbo - 75687
20:41:12 C:\Games\ArmA3\A3Master\kart\addons\missions_f_kart_data.pbo - 75687
20:41:12 C:\Games\ArmA3\A3Master\kart\addons\modules_f_kart.pbo - 76023
20:41:12 C:\Games\ArmA3\A3Master\kart\addons\modules_f_kart_data.pbo - 74588
20:41:12 C:\Games\ArmA3\A3Master\kart\addons\soft_f_kart.pbo - 74928
20:41:12 C:\Games\ArmA3\A3Master\kart\addons\sounds_f_kart.pbo - 73106
20:41:12 C:\Games\ArmA3\A3Master\kart\addons\structures_f_kart.pbo - 74572
20:41:12 C:\Games\ArmA3\A3Master\kart\addons\ui_f_kart.pbo - 73106
20:41:12 C:\Games\ArmA3\A3Master\kart\addons\weapons_f_kart.pbo - 76039
20:41:12 C:\Games\ArmA3\A3Master\curator\addons\data_f_curator.pbo - 74685
20:41:12 C:\Games\ArmA3\A3Master\curator\addons\functions_f_curator.pbo - 75024
20:41:12 C:\Games\ArmA3\A3Master\curator\addons\language_f_curator.pbo - 73106
20:41:12 C:\Games\ArmA3\A3Master\curator\addons\missions_f_curator.pbo - 75167
20:41:12 C:\Games\ArmA3\A3Master\curator\addons\modules_f_curator.pbo - 75024
20:41:12 C:\Games\ArmA3\A3Master\curator\addons\ui_f_curator.pbo - 75024
20:41:12 addons\a3.pbo - unknown
20:41:12 addons\air_f.pbo - 75994
20:41:12 addons\air_f_beta.pbo - 76060
20:41:12 addons\air_f_epb.pbo - 76010
20:41:12 addons\air_f_epc.pbo - 75399
20:41:12 addons\air_f_gamma.pbo - 75399
20:41:12 addons\air_f_rtd.pbo - 75688
20:41:12 addons\animals_f.pbo - 72362
20:41:12 addons\animals_f_beta.pbo - 72362
20:41:12 addons\anims_f.pbo - 75912
20:41:12 addons\anims_f_bootcamp.pbo - 72362
20:41:12 addons\anims_f_data.pbo - 72362
20:41:12 addons\anims_f_epa.pbo - 72362
20:41:12 addons\anims_f_epc.pbo - 72362
20:41:12 addons\armor_f.pbo - 72362
20:41:12 addons\armor_f_beta.pbo - 75311
20:41:12 addons\armor_f_epb.pbo - 75319
20:41:12 addons\armor_f_epc.pbo - 74356
20:41:12 addons\armor_f_gamma.pbo - 75311
20:41:12 addons\asm.pbo - unknown
20:41:12 addons\baseconfig_f.pbo - 73106
20:41:12 addons\boat_f.pbo - 75400
20:41:12 addons\boat_f_beta.pbo - 74356
20:41:12 addons\boat_f_epc.pbo - 74356
20:41:12 addons\boat_f_gamma.pbo - 74356
20:41:12 addons\cargoposes_f.pbo - 75766
20:41:12 addons\characters_f.pbo - 76014
20:41:12 addons\characters_f_beta.pbo - 74412
20:41:12 addons\characters_f_bootcamp.pbo - 73106
20:41:12 addons\characters_f_epa.pbo - 75270
20:41:12 addons\characters_f_epb.pbo - 73106
20:41:12 addons\characters_f_epc.pbo - 73106
20:41:12 addons\characters_f_gamma.pbo - 73106
20:41:12 addons\data_f.pbo - 75912
20:41:12 addons\data_f_bootcamp.pbo - 74893
20:41:12 addons\drones_f.pbo - 75566
20:41:12 addons\dubbing_f.pbo - 73106
20:41:12 addons\dubbing_f_beta.pbo - 73106
20:41:12 addons\dubbing_f_bootcamp.pbo - 73106
20:41:12 addons\dubbing_f_epa.pbo - 73106
20:41:12 addons\dubbing_f_epb.pbo - 73106
20:41:12 addons\dubbing_f_epc.pbo - 73106
20:41:12 addons\dubbing_f_gamma.pbo - 73106
20:41:12 addons\dubbing_radio_f.pbo - 74779
20:41:12 addons\dubbing_radio_f_data.pbo - 74858
20:41:12 addons\editor_f.pbo - 74164
20:41:12 addons\functions_f.pbo - 76042
20:41:12 addons\functions_f_bootcamp.pbo - 75242
20:41:12 addons\functions_f_epa.pbo - 73434
20:41:12 addons\functions_f_epc.pbo - 73106
20:41:12 addons\languagemissions_f.pbo - 75912
20:41:12 addons\languagemissions_f_beta.pbo - 73106
20:41:12 addons\languagemissions_f_bootcamp.pbo - 73776
20:41:12 addons\languagemissions_f_epa.pbo - 75086
20:41:12 addons\languagemissions_f_epb.pbo - 73841
20:41:12 addons\languagemissions_f_epc.pbo - 75863
20:41:12 addons\languagemissions_f_gamma.pbo - 73106
20:41:12 addons\language_f.pbo - 75994
20:41:12 addons\language_f_beta.pbo - 74145
20:41:12 addons\language_f_bootcamp.pbo - 75106
20:41:12 addons\language_f_epa.pbo - 73106
20:41:12 addons\language_f_epb.pbo - 73106
20:41:12 addons\language_f_epc.pbo - 75722
20:41:12 addons\language_f_gamma.pbo - 73106
20:41:12 addons\map_altis.pbo - 73767
20:41:12 addons\map_altis_data.pbo - 73106
20:41:12 addons\map_altis_data_layers.pbo - 73106
20:41:12 addons\map_altis_data_layers_00_00.pbo - 73106
20:41:12 addons\map_altis_data_layers_00_01.pbo - 73106
20:41:12 addons\map_altis_data_layers_01_00.pbo - 73106
20:41:12 addons\map_altis_data_layers_01_01.pbo - 73106
20:41:12 addons\map_altis_scenes_f.pbo - 73106
20:41:12 addons\map_data.pbo - 73001
20:41:12 addons\map_stratis.pbo - 72244
20:41:12 addons\map_stratis_data.pbo - 73106
20:41:12 addons\map_stratis_data_layers.pbo - 73106
20:41:12 addons\map_stratis_scenes_f.pbo - 73106
20:41:12 addons\map_vr.pbo - 73106
20:41:12 addons\map_vr_scenes_f.pbo - 73106
20:41:12 addons\misc_f.pbo - 74445
20:41:12 addons\missions_f.pbo - 74929
20:41:12 addons\missions_f_beta.pbo - 75566
20:41:12 addons\missions_f_beta_data.pbo - 75473
20:41:12 addons\missions_f_beta_video.pbo - 73106
20:41:12 addons\missions_f_bootcamp.pbo - 75768
20:41:12 addons\missions_f_bootcamp_data.pbo - 72362
20:41:12 addons\missions_f_bootcamp_video.pbo - 75065
20:41:12 addons\missions_f_data.pbo - 73106
20:41:12 addons\missions_f_epa.pbo - 75928
20:41:12 addons\missions_f_epa_data.pbo - 73106
20:41:12 addons\missions_f_epa_video.pbo - 73106
20:41:12 addons\missions_f_epb.pbo - 75913
20:41:12 addons\missions_f_epb_data.pbo - 73106
20:41:12 addons\missions_f_epb_video.pbo - 73106
20:41:12 addons\missions_f_epc.pbo - 75913
20:41:12 addons\missions_f_epc_data.pbo - 73106
20:41:12 addons\missions_f_epc_video.pbo - 73106
20:41:12 addons\missions_f_gamma.pbo - 76039
20:41:12 addons\missions_f_gamma_data.pbo - 73106
20:41:12 addons\missions_f_gamma_video.pbo - 73106
20:41:12 addons\missions_f_video.pbo - 73106
20:41:12 addons\modules_f.pbo - 75373
20:41:12 addons\modules_f_beta.pbo - 73635
20:41:12 addons\modules_f_beta_data.pbo - 73635
20:41:12 addons\modules_f_bootcamp.pbo - 73106
20:41:12 addons\modules_f_data.pbo - 73106
20:41:12 addons\modules_f_epb.pbo - 73106
20:41:12 addons\music_f.pbo - 73106
20:41:12 addons\music_f_bootcamp.pbo - 73106
20:41:12 addons\music_f_bootcamp_music.pbo - 73106
20:41:12 addons\music_f_epa.pbo - 73106
20:41:12 addons\music_f_epa_music.pbo - 73106
20:41:12 addons\music_f_epb.pbo - 73106
20:41:12 addons\music_f_epb_music.pbo - 73106
20:41:12 addons\music_f_epc.pbo - 73106
20:41:12 addons\music_f_epc_music.pbo - 73106
20:41:12 addons\music_f_music.pbo - 73106
20:41:12 addons\plants_f.pbo - 73106
20:41:12 addons\roads_f.pbo - 73001
20:41:12 addons\rocks_f.pbo - 73767
20:41:12 addons\signs_f.pbo - 72273
20:41:12 addons\soft_f.pbo - 76010
20:41:12 addons\soft_f_beta.pbo - 76010
20:41:12 addons\soft_f_bootcamp.pbo - 74362
20:41:12 addons\soft_f_epc.pbo - 76010
20:41:12 addons\soft_f_gamma.pbo - 76010
20:41:12 addons\sounds_f.pbo - 75994
20:41:12 addons\sounds_f_bootcamp.pbo - 73106
20:41:12 addons\sounds_f_epb.pbo - 73106
20:41:12 addons\sounds_f_epc.pbo - 73106
20:41:12 addons\sounds_f_vehicles.pbo - 75994
20:41:12 addons\sounds_f_weapons.pbo - 74194
20:41:12 addons\static_f.pbo - 75918
20:41:12 addons\static_f_beta.pbo - 73106
20:41:12 addons\static_f_gamma.pbo - 73106
20:41:12 addons\structures_f.pbo - 75500
20:41:12 addons\structures_f_bootcamp.pbo - 73467
20:41:12 addons\structures_f_data.pbo - 75500
20:41:12 addons\structures_f_epa.pbo - 73106
20:41:12 addons\structures_f_epb.pbo - 73106
20:41:12 addons\structures_f_epc.pbo - 75500
20:41:12 addons\structures_f_households.pbo - 75500
20:41:12 addons\structures_f_ind.pbo - 75500
20:41:12 addons\structures_f_mil.pbo - 75500
20:41:12 addons\structures_f_wrecks.pbo - 75500
20:41:12 addons\uifonts_f.pbo - 73106
20:41:12 addons\uifonts_f_data.pbo - 73106
20:41:12 addons\ui_f.pbo - 76048
20:41:12 addons\ui_f_bootcamp.pbo - 73106
20:41:12 addons\ui_f_data.pbo - 75977
20:41:12 addons\weapons_f.pbo - 75746
20:41:12 addons\weapons_f_beta.pbo - 72309
20:41:12 addons\weapons_f_bootcamp.pbo - 73106
20:41:12 addons\weapons_f_epa.pbo - 73106
20:41:12 addons\weapons_f_epb.pbo - 73106
20:41:12 addons\weapons_f_epc.pbo - 73106
20:41:12 addons\weapons_f_gamma.pbo - 73106
20:41:12 
20:41:12 =======================
20:41:12 
20:41:12 InitSound ...
20:41:12 InitSound - complete
20:41:12 PhysX3 SDK Init started ...
20:41:12 PhysX3 SDK Init ended.
