=====================================================================
== C:\Games\ArmA3\A3Master\arma3server.exe
== "C:\Games\ArmA3\A3Master\arma3server.exe"  -nosplash -nosound -world=Altis -name=atl -profiles=Users -cfg=Users\Administrator\Arma3.cfg -config=CONFIG_Vanilla.cfg -mod=@extDB;@life_server;@altisrpfr -port=2302 -ip=178.33.110.219 -enableHT -maxMem=2047 -malloc=tbbmalloc

Original output filename: Arma3Retail_Server
Exe timestamp: 2014/11/04 14:08:33
Current time:  2014/11/16 20:40:52

Type: Public
Branch: Stable
Version: 1.34.128075

Allocator: C:\Games\ArmA3\A3Master\dll\tbb4malloc_bi.dll
=====================================================================

20:40:52 ManagerConfig()
20:40:54 Conflicting addon caf_ag_equip_me_backpack in 'caf_ag_equip_c\middleeast\backpacks\', previous definition in 'caf_ag_equip_c\easteurope\backpacks\'
20:40:54 Conflicting addon example_uniform_config in 'FANTASMA_Units\blackhunter\', previous definition in 'FANTASMA_Units\medic\'
20:40:54 Conflicting addon example_uniform_config in 'FANTASMA_Units\giletpolo\', previous definition in 'FANTASMA_Units\medic\'
20:40:54 Conflicting addon PG_Services_PMC_UNITS in 'pg_services_pmc_config\vehicles\', previous definition in 'pg_services_pmc_config\characters\pmc\'
20:40:54 Unsupported language English in stringtable
20:40:54 Unsupported language English in stringtable
20:40:56 Updating base class ->Base, by a3\dubbing_radio_f\config.bin/CfgHQIdentities/PAPA_BEAR/
20:40:56 Updating base class ->Base, by a3\dubbing_radio_f\config.bin/CfgHQIdentities/AirBase/
20:40:56 Updating base class ->LandVehicle, by a3\data_f\config.bin/CfgVehicles/StaticWeapon/
20:40:56 Updating base class ->Wreck, by a3\data_f\config.bin/CfgVehicles/PlaneWreck/
20:40:56 Updating base class RscShortcutButton->RscButton, by a3\editor_f\config.bin/RscDisplayEditObject/Controls/B_OK/
20:40:56 Updating base class RscSliderH->RscXSliderH, by a3\editor_f\config.bin/RscDisplayEditObject/Slider/
20:40:56 Updating base class RscText->RscPicture, by a3\editor_f\config.bin/RscDisplayEditObject/Preview/
20:40:56 Updating base class RscShortcutButton->RscButton, by a3\editor_f\config.bin/RscDisplayMissionLoad/Controls/B_OK/
20:40:56 Updating base class RscShortcutButton->RscButton, by a3\editor_f\config.bin/RscDisplayMissionSave/Controls/B_OK/
20:40:56 Updating base class ->FlagCarrier_Asym, by a3\structures_f\mil\flags\config.bin/CfgVehicles/Flag_UNO_F/
20:40:56 Updating base class ->RscControlsGroup, by a3\ui_f\config.bin/RscControlsGroupNoScrollbars/
20:40:56 Updating base class ->RscControlsGroup, by a3\ui_f\config.bin/RscControlsGroupNoHScrollbars/
20:40:56 Updating base class ->RscControlsGroup, by a3\ui_f\config.bin/RscControlsGroupNoVScrollbars/
20:40:56 Updating base class ->RscText, by a3\ui_f\config.bin/RscLine/
20:40:56 Updating base class ->RscActiveText, by a3\ui_f\config.bin/RscActivePicture/
20:40:56 Updating base class ->RscButton, by a3\ui_f\config.bin/RscButtonTextOnly/
20:40:56 Updating base class ->RscShortcutButton, by a3\ui_f\config.bin/RscShortcutButtonMain/
20:40:56 Updating base class ->RscShortcutButton, by a3\ui_f\config.bin/RscButtonEditor/
20:40:56 Updating base class ->RscShortcutButton, by a3\ui_f\config.bin/RscIGUIShortcutButton/
20:40:56 Updating base class ->RscShortcutButton, by a3\ui_f\config.bin/RscGearShortcutButton/
20:40:56 Updating base class ->RscShortcutButton, by a3\ui_f\config.bin/RscButtonMenu/
20:40:56 Updating base class ->RscButtonMenu, by a3\ui_f\config.bin/RscButtonMenuOK/
20:40:56 Updating base class ->RscButtonMenu, by a3\ui_f\config.bin/RscButtonMenuCancel/
20:40:56 Updating base class ->RscButtonMenu, by a3\ui_f\config.bin/RscButtonMenuSteam/
20:40:56 Updating base class ->RscText, by a3\ui_f\config.bin/RscLoadingText/
20:40:56 Updating base class ->RscListBox, by a3\ui_f\config.bin/RscIGUIListBox/
20:40:56 Updating base class ->RscListNBox, by a3\ui_f\config.bin/RscIGUIListNBox/
20:40:56 Updating base class ->RscText, by a3\ui_f\config.bin/RscBackground/
20:40:56 Updating base class ->RscText, by a3\ui_f\config.bin/RscBackgroundGUI/
20:40:56 Updating base class ->RscPicture, by a3\ui_f\config.bin/RscBackgroundGUILeft/
20:40:56 Updating base class ->RscPicture, by a3\ui_f\config.bin/RscBackgroundGUIRight/
20:40:56 Updating base class ->RscPicture, by a3\ui_f\config.bin/RscBackgroundGUIBottom/
20:40:56 Updating base class ->RscText, by a3\ui_f\config.bin/RscBackgroundGUITop/
20:40:56 Updating base class ->RscText, by a3\ui_f\config.bin/RscBackgroundGUIDark/
20:40:56 Updating base class ->RscPictureKeepAspect, by a3\ui_f\config.bin/RscBackgroundLogo/
20:40:56 Updating base class ->RscMapControl, by a3\ui_f\config.bin/RscMapControlEmpty/
20:40:56 Updating base class ->RscPicture, by a3\ui_f\config.bin/CA_Mainback/
20:40:56 Updating base class ->CA_Mainback, by a3\ui_f\config.bin/CA_Back/
20:40:56 Updating base class ->CA_Mainback, by a3\ui_f\config.bin/CA_Title_Back/
20:40:56 Updating base class ->CA_Mainback, by a3\ui_f\config.bin/CA_Black_Back/
20:40:56 Updating base class ->RscTitle, by a3\ui_f\config.bin/CA_Title/
20:40:56 Updating base class ->RscPictureKeepAspect, by a3\ui_f\config.bin/CA_Logo/
20:40:56 Updating base class ->CA_Logo, by a3\ui_f\config.bin/CA_Logo_Small/
20:40:56 Updating base class ->RscButton, by a3\ui_f\config.bin/CA_RscButton/
20:40:56 Updating base class ->CA_RscButton, by a3\ui_f\config.bin/CA_RscButton_dialog/
20:40:56 Updating base class ->RscActiveText, by a3\ui_f\config.bin/CA_Ok/
20:40:56 Updating base class ->RscText, by a3\ui_f\config.bin/CA_Ok_image/
20:40:56 Updating base class ->RscText, by a3\ui_f\config.bin/CA_Ok_image2/
20:40:56 Updating base class ->RscText, by a3\ui_f\config.bin/CA_Ok_text/
20:40:56 Updating base class ->RscPicture, by a3\ui_f\config.bin/RscVignette/
20:40:56 Updating base class ->RscControlsGroupNoScrollbars, by a3\ui_f\config.bin/RscMapControlTooltip/
20:40:56 Updating base class RscShortcutButton->RscButtonMenu, by a3\ui_f\config.bin/RscDisplayDebug/Controls/B_OK/
20:40:56 Updating base class RscShortcutButton->RscButtonMenu, by a3\ui_f\config.bin/RscDisplayDebug/Controls/B_Cancel/
20:40:56 Updating base class RscShortcutButton->RscButtonMenu, by a3\ui_f\config.bin/RscDisplayDebug/Controls/B_Clear/
20:40:56 Updating base class ->RscText, by a3\ui_f\config.bin/RscDisplayCapture/controls/TimeLines/
20:40:56 Updating base class RscShortcutButton->RscButtonMenu, by a3\ui_f\config.bin/RscDisplayCapture/controls/ButtonAverages/
20:40:56 Updating base class RscShortcutButton->RscButtonMenu, by a3\ui_f\config.bin/RscDisplayCapture/controls/ButtonSavePreviousData/
20:40:56 Updating base class RscShortcutButton->RscButtonMenu, by a3\ui_f\config.bin/RscDisplayCapture/controls/ButtonPreviousData/
20:40:56 Updating base class RscControlsGroup->RscControlsGroupNoHScrollbars, by a3\ui_f\config.bin/RscDisplayMain/controls/ModIcons/
20:40:56 Updating base class RscPicture->RscPictureKeepAspect, by a3\ui_f\config.bin/RscDisplayMain/IconPicture/
20:40:56 Updating base class IconPicture->RscPictureKeepAspect, by a3\ui_f\config.bin/RscDisplayMain/DlcOwnedIconPicture/
20:40:56 Updating base class IconPicture->RscPictureKeepAspect, by a3\ui_f\config.bin/RscDisplayMain/DlcIconPicture/
20:40:56 Updating base class RscListBox->RscCombo, by a3\ui_f\config.bin/RscDisplayCustomizeController/Steepness/
20:40:56 Updating base class ->RscStandardDisplay, by a3\ui_f\config.bin/RscDisplayControlSchemes/
20:40:56 Updating base class ButtonOK->RscButtonMenuCancel, by a3\ui_f\config.bin/RscDisplayControlSchemes/controls/ButtonCancel/
20:40:56 Updating base class RscButton->RscButtonMenuOK, by a3\ui_f\config.bin/RscDisplayControlSchemes/controls/ButtonOK/
20:40:56 Updating base class RscPicture->RscPictureKeepAspect, by a3\ui_f\config.bin/RscDisplayFileSelectImage/controls/OverviewPicture/
20:40:56 Updating base class RscShortcutButton->RscButtonMenuCancel, by a3\ui_f\config.bin/RscDisplayFieldManual/controls/ButtonCancel/
20:40:56 Cannot delete class B_KickOff, it is referenced somewhere (used as a base class probably).
20:40:56 Updating base class RscButton->RscButtonMenuCancel, by a3\ui_f\config.bin/RscDisplayPublishMission/controls/ButtonCancel/
20:40:56 Updating base class RscShortcutButton->RscButtonMenuOK, by a3\ui_f\config.bin/RscDisplayPublishMissionSelectTags/controls/ButtonOK/
20:40:56 Updating base class ButtonOK->RscButtonMenuCancel, by a3\ui_f\config.bin/RscDisplayPublishMissionSelectTags/controls/ButtonCancel/
20:40:56 Updating base class ->RscSubmenu, by a3\ui_f\config.bin/RscMainMenu/
20:40:56 Cannot update non class from class a3\ui_f\config.bin/RscCallSupport/Items/
20:40:56 Cannot update non class from class a3\ui_f\config.bin/RscRadio/Items/
20:40:56 Updating base class ->VehicleMagazine, by a3\weapons_f\config.bin/CfgMagazines/24Rnd_missiles/
20:40:56 Updating base class ->RocketPods, by a3\weapons_f\config.bin/cfgWeapons/missiles_DAR/
20:40:56 Updating base class ->Default, by a3\weapons_f\config.bin/cfgWeapons/ItemCore/
20:40:56 Updating base class ->Binocular, by a3\weapons_f\config.bin/cfgWeapons/NVGoggles/
20:40:56 Updating base class ->Bag_Base, by a3\weapons_f\ammoboxes\config.bin/CfgVehicles/B_Kitbag_Base/
20:40:56 Updating base class ->B_TacticalPack_Base, by a3\weapons_f\ammoboxes\config.bin/CfgVehicles/B_TacticalPack_oli/
20:40:56 Updating base class ->B_Bergen_Base, by a3\weapons_f\ammoboxes\config.bin/CfgVehicles/B_Bergen_rgr/
20:40:56 Updating base class ->InventoryItem_Base_F, by a3\weapons_f\items\config.bin/CfgWeapons/VestItem/
20:40:56 Updating base class ->arifle_MX_F, by a3\weapons_f\rifles\mx_black\config.bin/CfgWeapons/arifle_MX_Black_F/
20:40:56 Updating base class ->arifle_MX_GL_F, by a3\weapons_f\rifles\mx_black\config.bin/CfgWeapons/arifle_MX_GL_Black_F/
20:40:56 Updating base class ->Car_F, by task_force_radio_items\config.cpp/CfgVehicles/MRAP_03_base_F/
20:40:56 Updating base class ->Truck_F, by task_force_radio_items\config.cpp/CfgVehicles/Truck_02_base_F/
20:40:56 Updating base class ->Offroad_01_base_F, by task_force_radio_items\config.cpp/CfgVehicles/Offroad_01_armed_base_F/
20:40:56 Updating base class ->Man, by a3\characters_f\config.bin/CfgVehicles/CAManBase/
20:40:56 Updating base class Man->Civilian, by a3\characters_f\config.bin/CfgVehicles/Civilian_F/
20:40:56 Updating base class ->CAManBase, by a3\characters_f\config.bin/CfgVehicles/SoldierWB/
20:40:56 Updating base class ->B_Soldier_base_F, by a3\characters_f\config.bin/CfgVehicles/B_Soldier_02_f/
20:40:56 Updating base class ->B_Soldier_base_F, by a3\characters_f\config.bin/CfgVehicles/B_soldier_UAV_F/
20:40:56 Updating base class ->SoldierGB, by a3\characters_f\config.bin/CfgVehicles/I_Soldier_base_F/
20:40:56 Updating base class ->I_Soldier_02_F, by a3\characters_f\config.bin/CfgVehicles/I_Soldier_AR_F/
20:40:56 Updating base class ->I_Soldier_base_F, by a3\characters_f\config.bin/CfgVehicles/I_Soldier_TL_F/
20:40:56 Updating base class ->I_Soldier_base_F, by a3\characters_f\config.bin/CfgVehicles/I_Soldier_M_F/
20:40:56 Updating base class ->I_Soldier_base_F, by a3\characters_f\config.bin/CfgVehicles/I_Soldier_AT_F/
20:40:56 Updating base class ->I_Soldier_02_F, by a3\characters_f\config.bin/CfgVehicles/I_Soldier_AA_F/
20:40:56 Updating base class ->I_Soldier_02_F, by a3\characters_f\config.bin/CfgVehicles/I_medic_F/
20:40:56 Updating base class ->I_Soldier_base_F, by a3\characters_f\config.bin/CfgVehicles/I_engineer_F/
20:40:56 Updating base class ->I_Soldier_base_F, by a3\characters_f\config.bin/CfgVehicles/I_crew_F/
20:40:56 Updating base class ->I_Soldier_03_F, by a3\characters_f\config.bin/CfgVehicles/I_helipilot_F/
20:40:56 Updating base class ->I_Soldier_base_F, by a3\characters_f\config.bin/CfgVehicles/I_officer_F/
20:40:56 Updating base class Man->O_Soldier_base_F, by a3\characters_f\config.bin/CfgVehicles/O_Soldier_F/
20:40:56 Updating base class ->ItemCore, by a3\characters_f\config.bin/cfgWeapons/Uniform_Base/
20:40:56 Updating base class ->ItemCore, by a3\characters_f\config.bin/cfgWeapons/Vest_Camo_Base/
20:40:56 Updating base class ->ItemCore, by a3\characters_f\config.bin/cfgWeapons/Vest_NoCamo_Base/
20:40:56 Updating base class ->Vest_NoCamo_Base, by a3\characters_f\config.bin/cfgWeapons/V_PlateCarrier1_rgr/
20:40:56 Updating base class ->Vest_Camo_Base, by a3\characters_f\config.bin/cfgWeapons/V_TacVest_khk/
20:40:56 Updating base class ->Vest_NoCamo_Base, by a3\characters_f\config.bin/cfgWeapons/V_TacVestIR_blk/
20:40:56 Updating base class ->Vest_NoCamo_Base, by a3\characters_f\config.bin/cfgWeapons/V_PlateCarrierIA1_dgtl/
20:40:56 Updating base class ->InventoryItem_Base_F, by a3\characters_f\config.bin/cfgWeapons/HeadgearItem/
20:40:56 Updating base class ->H_HelmetB, by a3\characters_f\config.bin/cfgWeapons/H_Booniehat_khk/
20:40:56 Updating base class ItemCore->H_HelmetB_plain_mcamo, by a3\characters_f\config.bin/cfgWeapons/H_HelmetB_plain_blk/
20:40:56 Updating base class ->H_HelmetB, by a3\characters_f\config.bin/cfgWeapons/H_Cap_red/
20:40:56 Updating base class ->H_HelmetB, by a3\characters_f\config.bin/cfgWeapons/H_Bandanna_surfer/
20:40:56 Updating base class ->None, by a3\characters_f\heads\config.bin/CfgGlasses/G_Diving/
20:40:56 Updating base class ->None, by a3\characters_f\heads\config.bin/CfgGlasses/G_Tactical_Clear/
20:40:56 Updating base class ->HMG_01_high_base_F, by a3\static_f\config.bin/CfgVehicles/I_HMG_01_high_F/
20:40:56 Updating base class ->Mortar_01_base_F, by a3\static_f\mortar_01\config.bin/CfgVehicles/I_Mortar_01_F/
20:40:56 Updating base class ->ItemCore, by a3\weapons_f\acc\config.bin/cfgWeapons/muzzle_snds_H/
20:40:56 Updating base class ->muzzle_snds_H, by a3\weapons_f\acc\config.bin/cfgWeapons/muzzle_snds_L/
20:40:56 Updating base class ->muzzle_snds_H, by a3\weapons_f\acc\config.bin/cfgWeapons/muzzle_snds_M/
20:40:56 Updating base class ->muzzle_snds_H, by a3\weapons_f\acc\config.bin/cfgWeapons/muzzle_snds_B/
20:40:56 Updating base class ->muzzle_snds_H, by a3\weapons_f\acc\config.bin/cfgWeapons/muzzle_snds_H_MG/
20:40:56 Updating base class ->ItemCore, by a3\weapons_f\acc\config.bin/cfgWeapons/optic_Arco/
20:40:56 Updating base class ->ItemCore, by a3\weapons_f\acc\config.bin/cfgWeapons/optic_Hamr/
20:40:56 Updating base class ->ItemCore, by a3\weapons_f\acc\config.bin/cfgWeapons/optic_Aco/
20:40:56 Updating base class ->ItemCore, by a3\weapons_f\acc\config.bin/cfgWeapons/optic_ACO_grn/
20:40:56 Updating base class ->ItemCore, by a3\weapons_f\acc\config.bin/cfgWeapons/optic_Holosight/
20:40:56 Updating base class ->ItemCore, by a3\weapons_f\acc\config.bin/cfgWeapons/optic_SOS/
20:40:56 Updating base class ->ItemCore, by a3\weapons_f\acc\config.bin/cfgWeapons/acc_pointer_IR/
20:40:56 Updating base class ->ItemCore, by a3\weapons_f\acc\config.bin/cfgWeapons/optic_MRCO/
20:40:56 Updating base class ->ItemCore, by a3\weapons_f\acc\config.bin/cfgWeapons/optic_DMS/
20:40:56 Updating base class B_Soldier_04_f->B_Soldier_base_F, by FANTASMA_Units\config.cpp/CfgVehicles/B_Helipilot_F/
20:40:56 Updating base class B_Soldier_05_f->B_Helipilot_F, by FANTASMA_Units\config.cpp/CfgVehicles/B_Pilot_F/
20:40:56 Updating base class Civilian->Man, by rds_a2port_cman\config.bin/CfgVehicles/Civilian_F/
